12/01/2022 21:21:13 - INFO: [('structural_head_config', u'16,8,8'), ('temporal_layer_config', u'128'), ('val_freq', 1), ('dataset', u'Enron_new'), ('epochs', 200), ('walk_len', 20), ('weight_decay', 0.0005), ('neg_sample_size', 10), ('temporal_drop', 0.5), ('GPU_ID', 0), ('use_residual', u'False'), ('structural_layer_config', u'128'), ('window', -1), ('base_model', u'TE_DyGE'), ('log_dir', 'log'), ('model_dir', 'model'), ('spatial_drop', 0.1), ('position_ffn', u'True'), ('optimizer', 'adam'), ('time_steps', 2), ('learning_rate', 0.001), ('csv_dir', 'csv'), ('batch_size', 512), ('max_gradient_norm', 1.0), ('featureless', u'True'), ('test_freq', 1), ('temporal_head_config', u'16'), ('seed', 7), ('save_dir', 'output'), ('model', u'default'), ('neg_weight', 1.0)]
12/01/2022 21:21:15 - INFO: # train: 4, # val: 3, # test: 10
12/01/2022 21:21:21 - WARNING: From /export/data/liane/anaconda3/envs/dysat/lib/python2.7/site-packages/tensorflow/python/ops/sparse_grad.py:281: calling sparse_reduce_sum (from tensorflow.python.ops.sparse_ops) with keep_dims is deprecated and will be removed in a future version.
Instructions for updating:
keep_dims is deprecated, use keepdims instead
12/01/2022 21:21:35 - INFO: Mini batch Iter: 0 train_loss= 6.34193
12/01/2022 21:21:35 - INFO: Mini batch Iter: 0 graph_loss= 6.28004
12/01/2022 21:21:35 - INFO: Mini batch Iter: 0 reg_loss= 0.06189
12/01/2022 21:21:35 - INFO: Time for Mini batch : 10.2722160816
12/01/2022 21:21:35 - INFO: Time for epoch : 10.2712910175
12/01/2022 21:21:37 - INFO: Val results at epoch 0: Measure (HAD) AUC: 0.888888888889
12/01/2022 21:21:37 - INFO: Test results at epoch 0: Measure (HAD) AUC: 0.71
12/01/2022 21:21:37 - INFO: Mini batch Iter: 0 train_loss= 4.49201
12/01/2022 21:21:37 - INFO: Mini batch Iter: 0 graph_loss= 4.43021
12/01/2022 21:21:37 - INFO: Mini batch Iter: 0 reg_loss= 0.06180
12/01/2022 21:21:37 - INFO: Time for Mini batch : 0.249094009399
12/01/2022 21:21:37 - INFO: Time for epoch : 0.248851060867
12/01/2022 21:21:37 - INFO: Val results at epoch 1: Measure (HAD) AUC: 0.888888888889
12/01/2022 21:21:37 - INFO: Test results at epoch 1: Measure (HAD) AUC: 0.71
12/01/2022 21:21:38 - INFO: Mini batch Iter: 0 train_loss= 3.78105
12/01/2022 21:21:38 - INFO: Mini batch Iter: 0 graph_loss= 3.71934
12/01/2022 21:21:38 - INFO: Mini batch Iter: 0 reg_loss= 0.06171
12/01/2022 21:21:38 - INFO: Time for Mini batch : 0.244080066681
12/01/2022 21:21:38 - INFO: Time for epoch : 0.243876934052
12/01/2022 21:21:38 - INFO: Val results at epoch 2: Measure (HAD) AUC: 0.888888888889
12/01/2022 21:21:38 - INFO: Test results at epoch 2: Measure (HAD) AUC: 0.74
12/01/2022 21:21:38 - INFO: Mini batch Iter: 0 train_loss= 2.83290
12/01/2022 21:21:38 - INFO: Mini batch Iter: 0 graph_loss= 2.77128
12/01/2022 21:21:38 - INFO: Mini batch Iter: 0 reg_loss= 0.06162
12/01/2022 21:21:38 - INFO: Time for Mini batch : 0.246090888977
12/01/2022 21:21:38 - INFO: Time for epoch : 0.245893955231
12/01/2022 21:21:38 - INFO: Val results at epoch 3: Measure (HAD) AUC: 0.888888888889
12/01/2022 21:21:38 - INFO: Test results at epoch 3: Measure (HAD) AUC: 0.7
12/01/2022 21:21:38 - INFO: Mini batch Iter: 0 train_loss= 2.44912
12/01/2022 21:21:38 - INFO: Mini batch Iter: 0 graph_loss= 2.38760
12/01/2022 21:21:38 - INFO: Mini batch Iter: 0 reg_loss= 0.06152
12/01/2022 21:21:38 - INFO: Time for Mini batch : 0.233043909073
12/01/2022 21:21:38 - INFO: Time for epoch : 0.232850074768
12/01/2022 21:21:38 - INFO: Val results at epoch 4: Measure (HAD) AUC: 0.888888888889
12/01/2022 21:21:38 - INFO: Test results at epoch 4: Measure (HAD) AUC: 0.69
12/01/2022 21:21:39 - INFO: Mini batch Iter: 0 train_loss= 2.05229
12/01/2022 21:21:39 - INFO: Mini batch Iter: 0 graph_loss= 1.99086
12/01/2022 21:21:39 - INFO: Mini batch Iter: 0 reg_loss= 0.06143
12/01/2022 21:21:39 - INFO: Time for Mini batch : 0.232042789459
12/01/2022 21:21:39 - INFO: Time for epoch : 0.231839895248
12/01/2022 21:21:39 - INFO: Val results at epoch 5: Measure (HAD) AUC: 0.888888888889
12/01/2022 21:21:39 - INFO: Test results at epoch 5: Measure (HAD) AUC: 0.75
12/01/2022 21:21:39 - INFO: Mini batch Iter: 0 train_loss= 1.85921
12/01/2022 21:21:39 - INFO: Mini batch Iter: 0 graph_loss= 1.79788
12/01/2022 21:21:39 - INFO: Mini batch Iter: 0 reg_loss= 0.06133
12/01/2022 21:21:39 - INFO: Time for Mini batch : 0.233329057693
12/01/2022 21:21:39 - INFO: Time for epoch : 0.23312997818
12/01/2022 21:21:39 - INFO: Val results at epoch 6: Measure (HAD) AUC: 0.888888888889
12/01/2022 21:21:39 - INFO: Test results at epoch 6: Measure (HAD) AUC: 0.73
12/01/2022 21:21:39 - INFO: Mini batch Iter: 0 train_loss= 1.72344
12/01/2022 21:21:39 - INFO: Mini batch Iter: 0 graph_loss= 1.66221
12/01/2022 21:21:39 - INFO: Mini batch Iter: 0 reg_loss= 0.06123
12/01/2022 21:21:39 - INFO: Time for Mini batch : 0.239680051804
12/01/2022 21:21:39 - INFO: Time for epoch : 0.239487886429
12/01/2022 21:21:39 - INFO: Val results at epoch 7: Measure (HAD) AUC: 0.888888888889
12/01/2022 21:21:39 - INFO: Test results at epoch 7: Measure (HAD) AUC: 0.68
12/01/2022 21:21:39 - INFO: Mini batch Iter: 0 train_loss= 1.75294
12/01/2022 21:21:39 - INFO: Mini batch Iter: 0 graph_loss= 1.69181
12/01/2022 21:21:39 - INFO: Mini batch Iter: 0 reg_loss= 0.06113
12/01/2022 21:21:39 - INFO: Time for Mini batch : 0.254684209824
12/01/2022 21:21:39 - INFO: Time for epoch : 0.254414081573
12/01/2022 21:21:40 - INFO: Val results at epoch 8: Measure (HAD) AUC: 0.888888888889
12/01/2022 21:21:40 - INFO: Test results at epoch 8: Measure (HAD) AUC: 0.67
12/01/2022 21:21:40 - INFO: Mini batch Iter: 0 train_loss= 1.62087
12/01/2022 21:21:40 - INFO: Mini batch Iter: 0 graph_loss= 1.55985
12/01/2022 21:21:40 - INFO: Mini batch Iter: 0 reg_loss= 0.06102
12/01/2022 21:21:40 - INFO: Time for Mini batch : 0.229476928711
12/01/2022 21:21:40 - INFO: Time for epoch : 0.229273080826
12/01/2022 21:21:40 - INFO: Val results at epoch 9: Measure (HAD) AUC: 0.888888888889
12/01/2022 21:21:40 - INFO: Test results at epoch 9: Measure (HAD) AUC: 0.68
12/01/2022 21:21:40 - INFO: Mini batch Iter: 0 train_loss= 1.56002
12/01/2022 21:21:40 - INFO: Mini batch Iter: 0 graph_loss= 1.49911
12/01/2022 21:21:40 - INFO: Mini batch Iter: 0 reg_loss= 0.06091
12/01/2022 21:21:40 - INFO: Time for Mini batch : 0.227793931961
12/01/2022 21:21:40 - INFO: Time for epoch : 0.227596998215
12/01/2022 21:21:40 - INFO: Val results at epoch 10: Measure (HAD) AUC: 0.888888888889
12/01/2022 21:21:40 - INFO: Test results at epoch 10: Measure (HAD) AUC: 0.7
12/01/2022 21:21:40 - INFO: Mini batch Iter: 0 train_loss= 1.59531
12/01/2022 21:21:40 - INFO: Mini batch Iter: 0 graph_loss= 1.53451
12/01/2022 21:21:40 - INFO: Mini batch Iter: 0 reg_loss= 0.06080
12/01/2022 21:21:40 - INFO: Time for Mini batch : 0.244055986404
12/01/2022 21:21:40 - INFO: Time for epoch : 0.243855953217
12/01/2022 21:21:40 - INFO: Val results at epoch 11: Measure (HAD) AUC: 0.888888888889
12/01/2022 21:21:40 - INFO: Test results at epoch 11: Measure (HAD) AUC: 0.76
12/01/2022 21:21:41 - INFO: Mini batch Iter: 0 train_loss= 1.48544
12/01/2022 21:21:41 - INFO: Mini batch Iter: 0 graph_loss= 1.42475
12/01/2022 21:21:41 - INFO: Mini batch Iter: 0 reg_loss= 0.06068
12/01/2022 21:21:41 - INFO: Time for Mini batch : 0.236756086349
12/01/2022 21:21:41 - INFO: Time for epoch : 0.236562013626
12/01/2022 21:21:41 - INFO: Val results at epoch 12: Measure (HAD) AUC: 0.888888888889
12/01/2022 21:21:41 - INFO: Test results at epoch 12: Measure (HAD) AUC: 0.81
12/01/2022 21:21:41 - INFO: Mini batch Iter: 0 train_loss= 1.52644
12/01/2022 21:21:41 - INFO: Mini batch Iter: 0 graph_loss= 1.46587
12/01/2022 21:21:41 - INFO: Mini batch Iter: 0 reg_loss= 0.06057
12/01/2022 21:21:41 - INFO: Time for Mini batch : 0.269156217575
12/01/2022 21:21:41 - INFO: Time for epoch : 0.26889705658
12/01/2022 21:21:41 - INFO: Val results at epoch 13: Measure (HAD) AUC: 0.888888888889
12/01/2022 21:21:41 - INFO: Test results at epoch 13: Measure (HAD) AUC: 0.84
12/01/2022 21:21:41 - INFO: Mini batch Iter: 0 train_loss= 1.50467
12/01/2022 21:21:41 - INFO: Mini batch Iter: 0 graph_loss= 1.44421
12/01/2022 21:21:41 - INFO: Mini batch Iter: 0 reg_loss= 0.06045
12/01/2022 21:21:41 - INFO: Time for Mini batch : 0.236260890961
12/01/2022 21:21:41 - INFO: Time for epoch : 0.236022949219
12/01/2022 21:21:41 - INFO: Val results at epoch 14: Measure (HAD) AUC: 0.888888888889
12/01/2022 21:21:41 - INFO: Test results at epoch 14: Measure (HAD) AUC: 0.85
12/01/2022 21:21:42 - INFO: Mini batch Iter: 0 train_loss= 1.47730
12/01/2022 21:21:42 - INFO: Mini batch Iter: 0 graph_loss= 1.41697
12/01/2022 21:21:42 - INFO: Mini batch Iter: 0 reg_loss= 0.06033
12/01/2022 21:21:42 - INFO: Time for Mini batch : 0.252813100815
12/01/2022 21:21:42 - INFO: Time for epoch : 0.252597093582
12/01/2022 21:21:42 - INFO: Val results at epoch 15: Measure (HAD) AUC: 0.888888888889
12/01/2022 21:21:42 - INFO: Test results at epoch 15: Measure (HAD) AUC: 0.87
12/01/2022 21:21:42 - INFO: Mini batch Iter: 0 train_loss= 1.44463
12/01/2022 21:21:42 - INFO: Mini batch Iter: 0 graph_loss= 1.38442
12/01/2022 21:21:42 - INFO: Mini batch Iter: 0 reg_loss= 0.06022
12/01/2022 21:21:42 - INFO: Time for Mini batch : 0.234501123428
12/01/2022 21:21:42 - INFO: Time for epoch : 0.234297037125
12/01/2022 21:21:42 - INFO: Val results at epoch 16: Measure (HAD) AUC: 0.888888888889
12/01/2022 21:21:42 - INFO: Test results at epoch 16: Measure (HAD) AUC: 0.88
12/01/2022 21:21:42 - INFO: Mini batch Iter: 0 train_loss= 1.48034
12/01/2022 21:21:42 - INFO: Mini batch Iter: 0 graph_loss= 1.42025
12/01/2022 21:21:42 - INFO: Mini batch Iter: 0 reg_loss= 0.06010
12/01/2022 21:21:42 - INFO: Time for Mini batch : 0.250132083893
12/01/2022 21:21:42 - INFO: Time for epoch : 0.24991607666
12/01/2022 21:21:42 - INFO: Val results at epoch 17: Measure (HAD) AUC: 0.888888888889
12/01/2022 21:21:42 - INFO: Test results at epoch 17: Measure (HAD) AUC: 0.9
12/01/2022 21:21:42 - INFO: Mini batch Iter: 0 train_loss= 1.54645
12/01/2022 21:21:42 - INFO: Mini batch Iter: 0 graph_loss= 1.48648
12/01/2022 21:21:42 - INFO: Mini batch Iter: 0 reg_loss= 0.05998
12/01/2022 21:21:42 - INFO: Time for Mini batch : 0.241052150726
12/01/2022 21:21:42 - INFO: Time for epoch : 0.240804195404
12/01/2022 21:21:42 - INFO: Val results at epoch 18: Measure (HAD) AUC: 0.888888888889
12/01/2022 21:21:42 - INFO: Test results at epoch 18: Measure (HAD) AUC: 0.89
12/01/2022 21:21:43 - INFO: Mini batch Iter: 0 train_loss= 1.47548
12/01/2022 21:21:43 - INFO: Mini batch Iter: 0 graph_loss= 1.41562
12/01/2022 21:21:43 - INFO: Mini batch Iter: 0 reg_loss= 0.05986
12/01/2022 21:21:43 - INFO: Time for Mini batch : 0.231514930725
12/01/2022 21:21:43 - INFO: Time for epoch : 0.231302022934
12/01/2022 21:21:43 - INFO: Val results at epoch 19: Measure (HAD) AUC: 0.888888888889
12/01/2022 21:21:43 - INFO: Test results at epoch 19: Measure (HAD) AUC: 0.88
12/01/2022 21:21:43 - INFO: Mini batch Iter: 0 train_loss= 1.45046
12/01/2022 21:21:43 - INFO: Mini batch Iter: 0 graph_loss= 1.39073
12/01/2022 21:21:43 - INFO: Mini batch Iter: 0 reg_loss= 0.05974
12/01/2022 21:21:43 - INFO: Time for Mini batch : 0.234372854233
12/01/2022 21:21:43 - INFO: Time for epoch : 0.234001874924
12/01/2022 21:21:43 - INFO: Val results at epoch 20: Measure (HAD) AUC: 0.888888888889
12/01/2022 21:21:43 - INFO: Test results at epoch 20: Measure (HAD) AUC: 0.88
12/01/2022 21:21:43 - INFO: Mini batch Iter: 0 train_loss= 1.41648
12/01/2022 21:21:43 - INFO: Mini batch Iter: 0 graph_loss= 1.35686
12/01/2022 21:21:43 - INFO: Mini batch Iter: 0 reg_loss= 0.05961
12/01/2022 21:21:43 - INFO: Time for Mini batch : 0.230151891708
12/01/2022 21:21:43 - INFO: Time for epoch : 0.229948043823
12/01/2022 21:21:43 - INFO: Val results at epoch 21: Measure (HAD) AUC: 0.888888888889
12/01/2022 21:21:43 - INFO: Test results at epoch 21: Measure (HAD) AUC: 0.88
12/01/2022 21:21:44 - INFO: Mini batch Iter: 0 train_loss= 1.42842
12/01/2022 21:21:44 - INFO: Mini batch Iter: 0 graph_loss= 1.36892
12/01/2022 21:21:44 - INFO: Mini batch Iter: 0 reg_loss= 0.05950
12/01/2022 21:21:44 - INFO: Time for Mini batch : 0.252774953842
12/01/2022 21:21:44 - INFO: Time for epoch : 0.252491950989
12/01/2022 21:21:44 - INFO: Val results at epoch 22: Measure (HAD) AUC: 0.888888888889
12/01/2022 21:21:44 - INFO: Test results at epoch 22: Measure (HAD) AUC: 0.88
12/01/2022 21:21:44 - INFO: Mini batch Iter: 0 train_loss= 1.42056
12/01/2022 21:21:44 - INFO: Mini batch Iter: 0 graph_loss= 1.36118
12/01/2022 21:21:44 - INFO: Mini batch Iter: 0 reg_loss= 0.05937
12/01/2022 21:21:44 - INFO: Time for Mini batch : 0.249241828918
12/01/2022 21:21:44 - INFO: Time for epoch : 0.249027013779
12/01/2022 21:21:44 - INFO: Val results at epoch 23: Measure (HAD) AUC: 1.0
12/01/2022 21:21:44 - INFO: Test results at epoch 23: Measure (HAD) AUC: 0.87
12/01/2022 21:21:44 - INFO: Mini batch Iter: 0 train_loss= 1.44063
12/01/2022 21:21:44 - INFO: Mini batch Iter: 0 graph_loss= 1.38138
12/01/2022 21:21:44 - INFO: Mini batch Iter: 0 reg_loss= 0.05925
12/01/2022 21:21:44 - INFO: Time for Mini batch : 0.229562044144
12/01/2022 21:21:44 - INFO: Time for epoch : 0.22935795784
12/01/2022 21:21:44 - INFO: Val results at epoch 24: Measure (HAD) AUC: 1.0
12/01/2022 21:21:44 - INFO: Test results at epoch 24: Measure (HAD) AUC: 0.87
12/01/2022 21:21:44 - INFO: Mini batch Iter: 0 train_loss= 1.41961
12/01/2022 21:21:44 - INFO: Mini batch Iter: 0 graph_loss= 1.36048
12/01/2022 21:21:44 - INFO: Mini batch Iter: 0 reg_loss= 0.05913
12/01/2022 21:21:44 - INFO: Time for Mini batch : 0.230113983154
12/01/2022 21:21:44 - INFO: Time for epoch : 0.229912996292
12/01/2022 21:21:44 - INFO: Val results at epoch 25: Measure (HAD) AUC: 1.0
12/01/2022 21:21:44 - INFO: Test results at epoch 25: Measure (HAD) AUC: 0.86
12/01/2022 21:21:45 - INFO: Mini batch Iter: 0 train_loss= 1.43276
12/01/2022 21:21:45 - INFO: Mini batch Iter: 0 graph_loss= 1.37376
12/01/2022 21:21:45 - INFO: Mini batch Iter: 0 reg_loss= 0.05900
12/01/2022 21:21:45 - INFO: Time for Mini batch : 0.244297027588
12/01/2022 21:21:45 - INFO: Time for epoch : 0.244010925293
12/01/2022 21:21:45 - INFO: Val results at epoch 26: Measure (HAD) AUC: 1.0
12/01/2022 21:21:45 - INFO: Test results at epoch 26: Measure (HAD) AUC: 0.86
12/01/2022 21:21:45 - INFO: Mini batch Iter: 0 train_loss= 1.45590
12/01/2022 21:21:45 - INFO: Mini batch Iter: 0 graph_loss= 1.39702
12/01/2022 21:21:45 - INFO: Mini batch Iter: 0 reg_loss= 0.05888
12/01/2022 21:21:45 - INFO: Time for Mini batch : 0.226012945175
12/01/2022 21:21:45 - INFO: Time for epoch : 0.225805997849
12/01/2022 21:21:45 - INFO: Val results at epoch 27: Measure (HAD) AUC: 1.0
12/01/2022 21:21:45 - INFO: Test results at epoch 27: Measure (HAD) AUC: 0.87
12/01/2022 21:21:45 - INFO: Mini batch Iter: 0 train_loss= 1.37063
12/01/2022 21:21:45 - INFO: Mini batch Iter: 0 graph_loss= 1.31187
12/01/2022 21:21:45 - INFO: Mini batch Iter: 0 reg_loss= 0.05876
12/01/2022 21:21:45 - INFO: Time for Mini batch : 0.240151166916
12/01/2022 21:21:45 - INFO: Time for epoch : 0.239950180054
12/01/2022 21:21:45 - INFO: Val results at epoch 28: Measure (HAD) AUC: 1.0
12/01/2022 21:21:45 - INFO: Test results at epoch 28: Measure (HAD) AUC: 0.88
12/01/2022 21:21:46 - INFO: Mini batch Iter: 0 train_loss= 1.43749
12/01/2022 21:21:46 - INFO: Mini batch Iter: 0 graph_loss= 1.37885
12/01/2022 21:21:46 - INFO: Mini batch Iter: 0 reg_loss= 0.05863
12/01/2022 21:21:46 - INFO: Time for Mini batch : 0.239282131195
12/01/2022 21:21:46 - INFO: Time for epoch : 0.239071130753
12/01/2022 21:21:46 - INFO: Val results at epoch 29: Measure (HAD) AUC: 1.0
12/01/2022 21:21:46 - INFO: Test results at epoch 29: Measure (HAD) AUC: 0.89
12/01/2022 21:21:46 - INFO: Mini batch Iter: 0 train_loss= 1.47158
12/01/2022 21:21:46 - INFO: Mini batch Iter: 0 graph_loss= 1.41307
12/01/2022 21:21:46 - INFO: Mini batch Iter: 0 reg_loss= 0.05851
12/01/2022 21:21:46 - INFO: Time for Mini batch : 0.246203899384
12/01/2022 21:21:46 - INFO: Time for epoch : 0.245966911316
12/01/2022 21:21:46 - INFO: Val results at epoch 30: Measure (HAD) AUC: 1.0
12/01/2022 21:21:46 - INFO: Test results at epoch 30: Measure (HAD) AUC: 0.89
12/01/2022 21:21:46 - INFO: Mini batch Iter: 0 train_loss= 1.48163
12/01/2022 21:21:46 - INFO: Mini batch Iter: 0 graph_loss= 1.42324
12/01/2022 21:21:46 - INFO: Mini batch Iter: 0 reg_loss= 0.05838
12/01/2022 21:21:46 - INFO: Time for Mini batch : 0.258850097656
12/01/2022 21:21:46 - INFO: Time for epoch : 0.25856089592
12/01/2022 21:21:46 - INFO: Val results at epoch 31: Measure (HAD) AUC: 1.0
12/01/2022 21:21:46 - INFO: Test results at epoch 31: Measure (HAD) AUC: 0.92
12/01/2022 21:21:46 - INFO: Mini batch Iter: 0 train_loss= 1.43296
12/01/2022 21:21:46 - INFO: Mini batch Iter: 0 graph_loss= 1.37470
12/01/2022 21:21:46 - INFO: Mini batch Iter: 0 reg_loss= 0.05826
12/01/2022 21:21:46 - INFO: Time for Mini batch : 0.229947090149
12/01/2022 21:21:46 - INFO: Time for epoch : 0.229744911194
12/01/2022 21:21:46 - INFO: Val results at epoch 32: Measure (HAD) AUC: 1.0
12/01/2022 21:21:46 - INFO: Test results at epoch 32: Measure (HAD) AUC: 0.95
12/01/2022 21:21:47 - INFO: Mini batch Iter: 0 train_loss= 1.39666
12/01/2022 21:21:47 - INFO: Mini batch Iter: 0 graph_loss= 1.33852
12/01/2022 21:21:47 - INFO: Mini batch Iter: 0 reg_loss= 0.05814
12/01/2022 21:21:47 - INFO: Time for Mini batch : 0.227889060974
12/01/2022 21:21:47 - INFO: Time for epoch : 0.227684020996
12/01/2022 21:21:47 - INFO: Val results at epoch 33: Measure (HAD) AUC: 1.0
12/01/2022 21:21:47 - INFO: Test results at epoch 33: Measure (HAD) AUC: 0.95
12/01/2022 21:21:47 - INFO: Mini batch Iter: 0 train_loss= 1.35639
12/01/2022 21:21:47 - INFO: Mini batch Iter: 0 graph_loss= 1.29838
12/01/2022 21:21:47 - INFO: Mini batch Iter: 0 reg_loss= 0.05801
12/01/2022 21:21:47 - INFO: Time for Mini batch : 0.263650178909
12/01/2022 21:21:47 - INFO: Time for epoch : 0.263434171677
12/01/2022 21:21:47 - INFO: Val results at epoch 34: Measure (HAD) AUC: 1.0
12/01/2022 21:21:47 - INFO: Test results at epoch 34: Measure (HAD) AUC: 0.95
12/01/2022 21:21:47 - INFO: Mini batch Iter: 0 train_loss= 1.44730
12/01/2022 21:21:47 - INFO: Mini batch Iter: 0 graph_loss= 1.38941
12/01/2022 21:21:47 - INFO: Mini batch Iter: 0 reg_loss= 0.05790
12/01/2022 21:21:47 - INFO: Time for Mini batch : 0.236073970795
12/01/2022 21:21:47 - INFO: Time for epoch : 0.235817909241
12/01/2022 21:21:47 - INFO: Val results at epoch 35: Measure (HAD) AUC: 1.0
12/01/2022 21:21:47 - INFO: Test results at epoch 35: Measure (HAD) AUC: 0.96
12/01/2022 21:21:48 - INFO: Mini batch Iter: 0 train_loss= 1.40490
12/01/2022 21:21:48 - INFO: Mini batch Iter: 0 graph_loss= 1.34713
12/01/2022 21:21:48 - INFO: Mini batch Iter: 0 reg_loss= 0.05778
12/01/2022 21:21:48 - INFO: Time for Mini batch : 0.23122882843
12/01/2022 21:21:48 - INFO: Time for epoch : 0.231027841568
12/01/2022 21:21:48 - INFO: Val results at epoch 36: Measure (HAD) AUC: 1.0
12/01/2022 21:21:48 - INFO: Test results at epoch 36: Measure (HAD) AUC: 0.97
12/01/2022 21:21:48 - INFO: Mini batch Iter: 0 train_loss= 1.41177
12/01/2022 21:21:48 - INFO: Mini batch Iter: 0 graph_loss= 1.35411
12/01/2022 21:21:48 - INFO: Mini batch Iter: 0 reg_loss= 0.05766
12/01/2022 21:21:48 - INFO: Time for Mini batch : 0.226747989655
12/01/2022 21:21:48 - INFO: Time for epoch : 0.226552009583
12/01/2022 21:21:48 - INFO: Val results at epoch 37: Measure (HAD) AUC: 1.0
12/01/2022 21:21:48 - INFO: Test results at epoch 37: Measure (HAD) AUC: 0.97
12/01/2022 21:21:48 - INFO: Mini batch Iter: 0 train_loss= 1.37722
12/01/2022 21:21:48 - INFO: Mini batch Iter: 0 graph_loss= 1.31968
12/01/2022 21:21:48 - INFO: Mini batch Iter: 0 reg_loss= 0.05754
12/01/2022 21:21:48 - INFO: Time for Mini batch : 0.251159191132
12/01/2022 21:21:48 - INFO: Time for epoch : 0.250445127487
12/01/2022 21:21:48 - INFO: Val results at epoch 38: Measure (HAD) AUC: 1.0
12/01/2022 21:21:48 - INFO: Test results at epoch 38: Measure (HAD) AUC: 0.98
12/01/2022 21:21:48 - INFO: Mini batch Iter: 0 train_loss= 1.39395
12/01/2022 21:21:48 - INFO: Mini batch Iter: 0 graph_loss= 1.33652
12/01/2022 21:21:48 - INFO: Mini batch Iter: 0 reg_loss= 0.05742
12/01/2022 21:21:48 - INFO: Time for Mini batch : 0.231872081757
12/01/2022 21:21:48 - INFO: Time for epoch : 0.231666088104
12/01/2022 21:21:48 - INFO: Val results at epoch 39: Measure (HAD) AUC: 1.0
12/01/2022 21:21:48 - INFO: Test results at epoch 39: Measure (HAD) AUC: 0.98
12/01/2022 21:21:49 - INFO: Mini batch Iter: 0 train_loss= 1.41052
12/01/2022 21:21:49 - INFO: Mini batch Iter: 0 graph_loss= 1.35321
12/01/2022 21:21:49 - INFO: Mini batch Iter: 0 reg_loss= 0.05731
12/01/2022 21:21:49 - INFO: Time for Mini batch : 0.231920003891
12/01/2022 21:21:49 - INFO: Time for epoch : 0.231698989868
12/01/2022 21:21:49 - INFO: Val results at epoch 40: Measure (HAD) AUC: 1.0
12/01/2022 21:21:49 - INFO: Test results at epoch 40: Measure (HAD) AUC: 0.98
12/01/2022 21:21:49 - INFO: Mini batch Iter: 0 train_loss= 1.43687
12/01/2022 21:21:49 - INFO: Mini batch Iter: 0 graph_loss= 1.37968
12/01/2022 21:21:49 - INFO: Mini batch Iter: 0 reg_loss= 0.05719
12/01/2022 21:21:49 - INFO: Time for Mini batch : 0.244901895523
12/01/2022 21:21:49 - INFO: Time for epoch : 0.244673013687
12/01/2022 21:21:49 - INFO: Val results at epoch 41: Measure (HAD) AUC: 1.0
12/01/2022 21:21:49 - INFO: Test results at epoch 41: Measure (HAD) AUC: 0.98
12/01/2022 21:21:49 - INFO: Mini batch Iter: 0 train_loss= 1.44582
12/01/2022 21:21:49 - INFO: Mini batch Iter: 0 graph_loss= 1.38874
12/01/2022 21:21:49 - INFO: Mini batch Iter: 0 reg_loss= 0.05708
12/01/2022 21:21:49 - INFO: Time for Mini batch : 0.235266923904
12/01/2022 21:21:49 - INFO: Time for epoch : 0.234989881516
12/01/2022 21:21:49 - INFO: Val results at epoch 42: Measure (HAD) AUC: 1.0
12/01/2022 21:21:49 - INFO: Test results at epoch 42: Measure (HAD) AUC: 0.98
12/01/2022 21:21:50 - INFO: Mini batch Iter: 0 train_loss= 1.37016
12/01/2022 21:21:50 - INFO: Mini batch Iter: 0 graph_loss= 1.31320
12/01/2022 21:21:50 - INFO: Mini batch Iter: 0 reg_loss= 0.05696
12/01/2022 21:21:50 - INFO: Time for Mini batch : 0.221462965012
12/01/2022 21:21:50 - INFO: Time for epoch : 0.221238851547
12/01/2022 21:21:50 - INFO: Val results at epoch 43: Measure (HAD) AUC: 1.0
12/01/2022 21:21:50 - INFO: Test results at epoch 43: Measure (HAD) AUC: 0.97
12/01/2022 21:21:50 - INFO: Mini batch Iter: 0 train_loss= 1.37051
12/01/2022 21:21:50 - INFO: Mini batch Iter: 0 graph_loss= 1.31366
12/01/2022 21:21:50 - INFO: Mini batch Iter: 0 reg_loss= 0.05685
12/01/2022 21:21:50 - INFO: Time for Mini batch : 0.219088077545
12/01/2022 21:21:50 - INFO: Time for epoch : 0.218888044357
12/01/2022 21:21:50 - INFO: Val results at epoch 44: Measure (HAD) AUC: 1.0
12/01/2022 21:21:50 - INFO: Test results at epoch 44: Measure (HAD) AUC: 0.97
12/01/2022 21:21:50 - INFO: Mini batch Iter: 0 train_loss= 1.36079
12/01/2022 21:21:50 - INFO: Mini batch Iter: 0 graph_loss= 1.30405
12/01/2022 21:21:50 - INFO: Mini batch Iter: 0 reg_loss= 0.05674
12/01/2022 21:21:50 - INFO: Time for Mini batch : 0.248548984528
12/01/2022 21:21:50 - INFO: Time for epoch : 0.24835395813
12/01/2022 21:21:50 - INFO: Val results at epoch 45: Measure (HAD) AUC: 1.0
12/01/2022 21:21:50 - INFO: Test results at epoch 45: Measure (HAD) AUC: 0.97
12/01/2022 21:21:50 - INFO: Mini batch Iter: 0 train_loss= 1.37499
12/01/2022 21:21:50 - INFO: Mini batch Iter: 0 graph_loss= 1.31835
12/01/2022 21:21:50 - INFO: Mini batch Iter: 0 reg_loss= 0.05663
12/01/2022 21:21:50 - INFO: Time for Mini batch : 0.254870176315
12/01/2022 21:21:50 - INFO: Time for epoch : 0.254669189453
12/01/2022 21:21:50 - INFO: Val results at epoch 46: Measure (HAD) AUC: 1.0
12/01/2022 21:21:50 - INFO: Test results at epoch 46: Measure (HAD) AUC: 0.97
12/01/2022 21:21:51 - INFO: Mini batch Iter: 0 train_loss= 1.37318
12/01/2022 21:21:51 - INFO: Mini batch Iter: 0 graph_loss= 1.31666
12/01/2022 21:21:51 - INFO: Mini batch Iter: 0 reg_loss= 0.05652
12/01/2022 21:21:51 - INFO: Time for Mini batch : 0.239338159561
12/01/2022 21:21:51 - INFO: Time for epoch : 0.239139080048
12/01/2022 21:21:51 - INFO: Val results at epoch 47: Measure (HAD) AUC: 1.0
12/01/2022 21:21:51 - INFO: Test results at epoch 47: Measure (HAD) AUC: 0.97
12/01/2022 21:21:51 - INFO: Mini batch Iter: 0 train_loss= 1.38636
12/01/2022 21:21:51 - INFO: Mini batch Iter: 0 graph_loss= 1.32995
12/01/2022 21:21:51 - INFO: Mini batch Iter: 0 reg_loss= 0.05641
12/01/2022 21:21:51 - INFO: Time for Mini batch : 0.261224031448
12/01/2022 21:21:51 - INFO: Time for epoch : 0.2609770298
12/01/2022 21:21:51 - INFO: Val results at epoch 48: Measure (HAD) AUC: 1.0
12/01/2022 21:21:51 - INFO: Test results at epoch 48: Measure (HAD) AUC: 0.96
12/01/2022 21:21:51 - INFO: Mini batch Iter: 0 train_loss= 1.36392
12/01/2022 21:21:51 - INFO: Mini batch Iter: 0 graph_loss= 1.30762
12/01/2022 21:21:51 - INFO: Mini batch Iter: 0 reg_loss= 0.05630
12/01/2022 21:21:51 - INFO: Time for Mini batch : 0.238095998764
12/01/2022 21:21:51 - INFO: Time for epoch : 0.237891197205
12/01/2022 21:21:51 - INFO: Val results at epoch 49: Measure (HAD) AUC: 1.0
12/01/2022 21:21:51 - INFO: Test results at epoch 49: Measure (HAD) AUC: 0.95
12/01/2022 21:21:52 - INFO: Mini batch Iter: 0 train_loss= 1.45001
12/01/2022 21:21:52 - INFO: Mini batch Iter: 0 graph_loss= 1.39381
12/01/2022 21:21:52 - INFO: Mini batch Iter: 0 reg_loss= 0.05620
12/01/2022 21:21:52 - INFO: Time for Mini batch : 0.232963085175
12/01/2022 21:21:52 - INFO: Time for epoch : 0.232762098312
12/01/2022 21:21:52 - INFO: Val results at epoch 50: Measure (HAD) AUC: 1.0
12/01/2022 21:21:52 - INFO: Test results at epoch 50: Measure (HAD) AUC: 0.95
12/01/2022 21:21:52 - INFO: Mini batch Iter: 0 train_loss= 1.45327
12/01/2022 21:21:52 - INFO: Mini batch Iter: 0 graph_loss= 1.39718
12/01/2022 21:21:52 - INFO: Mini batch Iter: 0 reg_loss= 0.05609
12/01/2022 21:21:52 - INFO: Time for Mini batch : 0.239073038101
12/01/2022 21:21:52 - INFO: Time for epoch : 0.238811969757
12/01/2022 21:21:52 - INFO: Val results at epoch 51: Measure (HAD) AUC: 1.0
12/01/2022 21:21:52 - INFO: Test results at epoch 51: Measure (HAD) AUC: 0.95
12/01/2022 21:21:52 - INFO: Mini batch Iter: 0 train_loss= 1.35022
12/01/2022 21:21:52 - INFO: Mini batch Iter: 0 graph_loss= 1.29424
12/01/2022 21:21:52 - INFO: Mini batch Iter: 0 reg_loss= 0.05599
12/01/2022 21:21:52 - INFO: Time for Mini batch : 0.244301080704
12/01/2022 21:21:52 - INFO: Time for epoch : 0.2440969944
12/01/2022 21:21:52 - INFO: Val results at epoch 52: Measure (HAD) AUC: 1.0
12/01/2022 21:21:52 - INFO: Test results at epoch 52: Measure (HAD) AUC: 0.95
12/01/2022 21:21:53 - INFO: Mini batch Iter: 0 train_loss= 1.35059
12/01/2022 21:21:53 - INFO: Mini batch Iter: 0 graph_loss= 1.29471
12/01/2022 21:21:53 - INFO: Mini batch Iter: 0 reg_loss= 0.05588
12/01/2022 21:21:53 - INFO: Time for Mini batch : 0.252226114273
12/01/2022 21:21:53 - INFO: Time for epoch : 0.252030134201
12/01/2022 21:21:53 - INFO: Val results at epoch 53: Measure (HAD) AUC: 1.0
12/01/2022 21:21:53 - INFO: Test results at epoch 53: Measure (HAD) AUC: 0.94
12/01/2022 21:21:53 - INFO: Mini batch Iter: 0 train_loss= 1.35704
12/01/2022 21:21:53 - INFO: Mini batch Iter: 0 graph_loss= 1.30126
12/01/2022 21:21:53 - INFO: Mini batch Iter: 0 reg_loss= 0.05578
12/01/2022 21:21:53 - INFO: Time for Mini batch : 0.220716953278
12/01/2022 21:21:53 - INFO: Time for epoch : 0.220522880554
12/01/2022 21:21:53 - INFO: Val results at epoch 54: Measure (HAD) AUC: 1.0
12/01/2022 21:21:53 - INFO: Test results at epoch 54: Measure (HAD) AUC: 0.93
12/01/2022 21:21:53 - INFO: Mini batch Iter: 0 train_loss= 1.35619
12/01/2022 21:21:53 - INFO: Mini batch Iter: 0 graph_loss= 1.30052
12/01/2022 21:21:53 - INFO: Mini batch Iter: 0 reg_loss= 0.05568
12/01/2022 21:21:53 - INFO: Time for Mini batch : 0.228870868683
12/01/2022 21:21:53 - INFO: Time for epoch : 0.228663921356
12/01/2022 21:21:53 - INFO: Val results at epoch 55: Measure (HAD) AUC: 1.0
12/01/2022 21:21:53 - INFO: Test results at epoch 55: Measure (HAD) AUC: 0.93
12/01/2022 21:21:53 - INFO: Mini batch Iter: 0 train_loss= 1.43589
12/01/2022 21:21:53 - INFO: Mini batch Iter: 0 graph_loss= 1.38031
12/01/2022 21:21:53 - INFO: Mini batch Iter: 0 reg_loss= 0.05558
12/01/2022 21:21:53 - INFO: Time for Mini batch : 0.239859104156
12/01/2022 21:21:53 - INFO: Time for epoch : 0.239478111267
12/01/2022 21:21:53 - INFO: Val results at epoch 56: Measure (HAD) AUC: 1.0
12/01/2022 21:21:53 - INFO: Test results at epoch 56: Measure (HAD) AUC: 0.93
12/01/2022 21:21:54 - INFO: Mini batch Iter: 0 train_loss= 1.40921
12/01/2022 21:21:54 - INFO: Mini batch Iter: 0 graph_loss= 1.35373
12/01/2022 21:21:54 - INFO: Mini batch Iter: 0 reg_loss= 0.05547
12/01/2022 21:21:54 - INFO: Time for Mini batch : 0.348042964935
12/01/2022 21:21:54 - INFO: Time for epoch : 0.347753047943
12/01/2022 21:21:54 - INFO: Val results at epoch 57: Measure (HAD) AUC: 1.0
12/01/2022 21:21:54 - INFO: Test results at epoch 57: Measure (HAD) AUC: 0.94
12/01/2022 21:21:54 - INFO: Mini batch Iter: 0 train_loss= 1.33973
12/01/2022 21:21:54 - INFO: Mini batch Iter: 0 graph_loss= 1.28436
12/01/2022 21:21:54 - INFO: Mini batch Iter: 0 reg_loss= 0.05537
12/01/2022 21:21:54 - INFO: Time for Mini batch : 0.273514032364
12/01/2022 21:21:54 - INFO: Time for epoch : 0.273244142532
12/01/2022 21:21:54 - INFO: Val results at epoch 58: Measure (HAD) AUC: 1.0
12/01/2022 21:21:54 - INFO: Test results at epoch 58: Measure (HAD) AUC: 0.94
12/01/2022 21:21:54 - INFO: Mini batch Iter: 0 train_loss= 1.38724
12/01/2022 21:21:54 - INFO: Mini batch Iter: 0 graph_loss= 1.33197
12/01/2022 21:21:54 - INFO: Mini batch Iter: 0 reg_loss= 0.05527
12/01/2022 21:21:54 - INFO: Time for Mini batch : 0.331322908401
12/01/2022 21:21:54 - INFO: Time for epoch : 0.330662965775
12/01/2022 21:21:55 - INFO: Val results at epoch 59: Measure (HAD) AUC: 1.0
12/01/2022 21:21:55 - INFO: Test results at epoch 59: Measure (HAD) AUC: 0.94
12/01/2022 21:21:55 - INFO: Mini batch Iter: 0 train_loss= 1.33736
12/01/2022 21:21:55 - INFO: Mini batch Iter: 0 graph_loss= 1.28219
12/01/2022 21:21:55 - INFO: Mini batch Iter: 0 reg_loss= 0.05517
12/01/2022 21:21:55 - INFO: Time for Mini batch : 0.260313034058
12/01/2022 21:21:55 - INFO: Time for epoch : 0.259984016418
12/01/2022 21:21:55 - INFO: Val results at epoch 60: Measure (HAD) AUC: 1.0
12/01/2022 21:21:55 - INFO: Test results at epoch 60: Measure (HAD) AUC: 0.97
12/01/2022 21:21:55 - INFO: Mini batch Iter: 0 train_loss= 1.38748
12/01/2022 21:21:55 - INFO: Mini batch Iter: 0 graph_loss= 1.33241
12/01/2022 21:21:55 - INFO: Mini batch Iter: 0 reg_loss= 0.05507
12/01/2022 21:21:55 - INFO: Time for Mini batch : 0.308257102966
12/01/2022 21:21:55 - INFO: Time for epoch : 0.307995080948
12/01/2022 21:21:55 - INFO: Val results at epoch 61: Measure (HAD) AUC: 1.0
12/01/2022 21:21:55 - INFO: Test results at epoch 61: Measure (HAD) AUC: 0.97
12/01/2022 21:21:55 - INFO: Mini batch Iter: 0 train_loss= 1.36686
12/01/2022 21:21:55 - INFO: Mini batch Iter: 0 graph_loss= 1.31189
12/01/2022 21:21:55 - INFO: Mini batch Iter: 0 reg_loss= 0.05497
12/01/2022 21:21:55 - INFO: Time for Mini batch : 0.255521059036
12/01/2022 21:21:55 - INFO: Time for epoch : 0.255264043808
12/01/2022 21:21:56 - INFO: Val results at epoch 62: Measure (HAD) AUC: 1.0
12/01/2022 21:21:56 - INFO: Test results at epoch 62: Measure (HAD) AUC: 0.97
12/01/2022 21:21:56 - INFO: Mini batch Iter: 0 train_loss= 1.37476
12/01/2022 21:21:56 - INFO: Mini batch Iter: 0 graph_loss= 1.31989
12/01/2022 21:21:56 - INFO: Mini batch Iter: 0 reg_loss= 0.05487
12/01/2022 21:21:56 - INFO: Time for Mini batch : 0.272433042526
12/01/2022 21:21:56 - INFO: Time for epoch : 0.272171020508
12/01/2022 21:21:56 - INFO: Val results at epoch 63: Measure (HAD) AUC: 1.0
12/01/2022 21:21:56 - INFO: Test results at epoch 63: Measure (HAD) AUC: 0.98
12/01/2022 21:21:56 - INFO: Mini batch Iter: 0 train_loss= 1.36291
12/01/2022 21:21:56 - INFO: Mini batch Iter: 0 graph_loss= 1.30814
12/01/2022 21:21:56 - INFO: Mini batch Iter: 0 reg_loss= 0.05477
12/01/2022 21:21:56 - INFO: Time for Mini batch : 0.270350933075
12/01/2022 21:21:56 - INFO: Time for epoch : 0.270128011703
12/01/2022 21:21:56 - INFO: Val results at epoch 64: Measure (HAD) AUC: 1.0
12/01/2022 21:21:56 - INFO: Test results at epoch 64: Measure (HAD) AUC: 0.99
12/01/2022 21:21:56 - INFO: Mini batch Iter: 0 train_loss= 1.36681
12/01/2022 21:21:56 - INFO: Mini batch Iter: 0 graph_loss= 1.31214
12/01/2022 21:21:56 - INFO: Mini batch Iter: 0 reg_loss= 0.05467
12/01/2022 21:21:56 - INFO: Time for Mini batch : 0.231502056122
12/01/2022 21:21:56 - INFO: Time for epoch : 0.231302022934
12/01/2022 21:21:56 - INFO: Val results at epoch 65: Measure (HAD) AUC: 1.0
12/01/2022 21:21:56 - INFO: Test results at epoch 65: Measure (HAD) AUC: 1.0
12/01/2022 21:21:57 - INFO: Mini batch Iter: 0 train_loss= 1.31410
12/01/2022 21:21:57 - INFO: Mini batch Iter: 0 graph_loss= 1.25952
12/01/2022 21:21:57 - INFO: Mini batch Iter: 0 reg_loss= 0.05458
12/01/2022 21:21:57 - INFO: Time for Mini batch : 0.237914085388
12/01/2022 21:21:57 - INFO: Time for epoch : 0.237712144852
12/01/2022 21:21:57 - INFO: Val results at epoch 66: Measure (HAD) AUC: 1.0
12/01/2022 21:21:57 - INFO: Test results at epoch 66: Measure (HAD) AUC: 1.0
12/01/2022 21:21:57 - INFO: Mini batch Iter: 0 train_loss= 1.34595
12/01/2022 21:21:57 - INFO: Mini batch Iter: 0 graph_loss= 1.29147
12/01/2022 21:21:57 - INFO: Mini batch Iter: 0 reg_loss= 0.05448
12/01/2022 21:21:57 - INFO: Time for Mini batch : 0.268306970596
12/01/2022 21:21:57 - INFO: Time for epoch : 0.26810002327
12/01/2022 21:21:57 - INFO: Val results at epoch 67: Measure (HAD) AUC: 1.0
12/01/2022 21:21:57 - INFO: Test results at epoch 67: Measure (HAD) AUC: 1.0
12/01/2022 21:21:57 - INFO: Mini batch Iter: 0 train_loss= 1.29927
12/01/2022 21:21:57 - INFO: Mini batch Iter: 0 graph_loss= 1.24489
12/01/2022 21:21:57 - INFO: Mini batch Iter: 0 reg_loss= 0.05439
12/01/2022 21:21:57 - INFO: Time for Mini batch : 0.258968114853
12/01/2022 21:21:57 - INFO: Time for epoch : 0.258768081665
12/01/2022 21:21:57 - INFO: Val results at epoch 68: Measure (HAD) AUC: 1.0
12/01/2022 21:21:57 - INFO: Test results at epoch 68: Measure (HAD) AUC: 1.0
12/01/2022 21:21:58 - INFO: Mini batch Iter: 0 train_loss= 1.32752
12/01/2022 21:21:58 - INFO: Mini batch Iter: 0 graph_loss= 1.27322
12/01/2022 21:21:58 - INFO: Mini batch Iter: 0 reg_loss= 0.05430
12/01/2022 21:21:58 - INFO: Time for Mini batch : 0.216541051865
12/01/2022 21:21:58 - INFO: Time for epoch : 0.216340065002
12/01/2022 21:21:58 - INFO: Val results at epoch 69: Measure (HAD) AUC: 1.0
12/01/2022 21:21:58 - INFO: Test results at epoch 69: Measure (HAD) AUC: 0.97
12/01/2022 21:21:58 - INFO: Mini batch Iter: 0 train_loss= 1.33423
12/01/2022 21:21:58 - INFO: Mini batch Iter: 0 graph_loss= 1.28002
12/01/2022 21:21:58 - INFO: Mini batch Iter: 0 reg_loss= 0.05420
12/01/2022 21:21:58 - INFO: Time for Mini batch : 0.231589078903
12/01/2022 21:21:58 - INFO: Time for epoch : 0.231384038925
12/01/2022 21:21:58 - INFO: Val results at epoch 70: Measure (HAD) AUC: 1.0
12/01/2022 21:21:58 - INFO: Test results at epoch 70: Measure (HAD) AUC: 0.95
12/01/2022 21:21:58 - INFO: Mini batch Iter: 0 train_loss= 1.39657
12/01/2022 21:21:58 - INFO: Mini batch Iter: 0 graph_loss= 1.34246
12/01/2022 21:21:58 - INFO: Mini batch Iter: 0 reg_loss= 0.05411
12/01/2022 21:21:58 - INFO: Time for Mini batch : 0.23911690712
12/01/2022 21:21:58 - INFO: Time for epoch : 0.238918066025
12/01/2022 21:21:58 - INFO: Val results at epoch 71: Measure (HAD) AUC: 1.0
12/01/2022 21:21:58 - INFO: Test results at epoch 71: Measure (HAD) AUC: 0.93
12/01/2022 21:21:58 - INFO: Mini batch Iter: 0 train_loss= 1.31517
12/01/2022 21:21:58 - INFO: Mini batch Iter: 0 graph_loss= 1.26114
12/01/2022 21:21:58 - INFO: Mini batch Iter: 0 reg_loss= 0.05402
12/01/2022 21:21:58 - INFO: Time for Mini batch : 0.238130092621
12/01/2022 21:21:58 - INFO: Time for epoch : 0.237906217575
12/01/2022 21:21:59 - INFO: Val results at epoch 72: Measure (HAD) AUC: 1.0
12/01/2022 21:21:59 - INFO: Test results at epoch 72: Measure (HAD) AUC: 0.92
12/01/2022 21:21:59 - INFO: Mini batch Iter: 0 train_loss= 1.37352
12/01/2022 21:21:59 - INFO: Mini batch Iter: 0 graph_loss= 1.31958
12/01/2022 21:21:59 - INFO: Mini batch Iter: 0 reg_loss= 0.05393
12/01/2022 21:21:59 - INFO: Time for Mini batch : 0.233679056168
12/01/2022 21:21:59 - INFO: Time for epoch : 0.233350038528
12/01/2022 21:21:59 - INFO: Val results at epoch 73: Measure (HAD) AUC: 1.0
12/01/2022 21:21:59 - INFO: Test results at epoch 73: Measure (HAD) AUC: 0.92
12/01/2022 21:21:59 - INFO: Mini batch Iter: 0 train_loss= 1.33575
12/01/2022 21:21:59 - INFO: Mini batch Iter: 0 graph_loss= 1.28191
12/01/2022 21:21:59 - INFO: Mini batch Iter: 0 reg_loss= 0.05384
12/01/2022 21:21:59 - INFO: Time for Mini batch : 0.254087924957
12/01/2022 21:21:59 - INFO: Time for epoch : 0.253836870193
12/01/2022 21:21:59 - INFO: Val results at epoch 74: Measure (HAD) AUC: 1.0
12/01/2022 21:21:59 - INFO: Test results at epoch 74: Measure (HAD) AUC: 0.93
12/01/2022 21:21:59 - INFO: Mini batch Iter: 0 train_loss= 1.35328
12/01/2022 21:21:59 - INFO: Mini batch Iter: 0 graph_loss= 1.29952
12/01/2022 21:21:59 - INFO: Mini batch Iter: 0 reg_loss= 0.05375
12/01/2022 21:21:59 - INFO: Time for Mini batch : 0.274674892426
12/01/2022 21:21:59 - INFO: Time for epoch : 0.274418830872
12/01/2022 21:21:59 - INFO: Val results at epoch 75: Measure (HAD) AUC: 1.0
12/01/2022 21:21:59 - INFO: Test results at epoch 75: Measure (HAD) AUC: 0.94
12/01/2022 21:22:00 - INFO: Mini batch Iter: 0 train_loss= 1.33859
12/01/2022 21:22:00 - INFO: Mini batch Iter: 0 graph_loss= 1.28493
12/01/2022 21:22:00 - INFO: Mini batch Iter: 0 reg_loss= 0.05366
12/01/2022 21:22:00 - INFO: Time for Mini batch : 0.233505010605
12/01/2022 21:22:00 - INFO: Time for epoch : 0.233282089233
12/01/2022 21:22:00 - INFO: Val results at epoch 76: Measure (HAD) AUC: 1.0
12/01/2022 21:22:00 - INFO: Test results at epoch 76: Measure (HAD) AUC: 0.96
12/01/2022 21:22:00 - INFO: Mini batch Iter: 0 train_loss= 1.40855
12/01/2022 21:22:00 - INFO: Mini batch Iter: 0 graph_loss= 1.35498
12/01/2022 21:22:00 - INFO: Mini batch Iter: 0 reg_loss= 0.05357
12/01/2022 21:22:00 - INFO: Time for Mini batch : 0.283596992493
12/01/2022 21:22:00 - INFO: Time for epoch : 0.283355951309
12/01/2022 21:22:00 - INFO: Val results at epoch 77: Measure (HAD) AUC: 1.0
12/01/2022 21:22:00 - INFO: Test results at epoch 77: Measure (HAD) AUC: 0.97
12/01/2022 21:22:00 - INFO: Mini batch Iter: 0 train_loss= 1.36172
12/01/2022 21:22:00 - INFO: Mini batch Iter: 0 graph_loss= 1.30825
12/01/2022 21:22:00 - INFO: Mini batch Iter: 0 reg_loss= 0.05348
12/01/2022 21:22:00 - INFO: Time for Mini batch : 0.240060091019
12/01/2022 21:22:00 - INFO: Time for epoch : 0.239853143692
12/01/2022 21:22:00 - INFO: Val results at epoch 78: Measure (HAD) AUC: 1.0
12/01/2022 21:22:00 - INFO: Test results at epoch 78: Measure (HAD) AUC: 0.97
12/01/2022 21:22:01 - INFO: Mini batch Iter: 0 train_loss= 1.39182
12/01/2022 21:22:01 - INFO: Mini batch Iter: 0 graph_loss= 1.33843
12/01/2022 21:22:01 - INFO: Mini batch Iter: 0 reg_loss= 0.05339
12/01/2022 21:22:01 - INFO: Time for Mini batch : 0.234485149384
12/01/2022 21:22:01 - INFO: Time for epoch : 0.234107017517
12/01/2022 21:22:01 - INFO: Val results at epoch 79: Measure (HAD) AUC: 1.0
12/01/2022 21:22:01 - INFO: Test results at epoch 79: Measure (HAD) AUC: 0.98
12/01/2022 21:22:01 - INFO: Mini batch Iter: 0 train_loss= 1.35588
12/01/2022 21:22:01 - INFO: Mini batch Iter: 0 graph_loss= 1.30259
12/01/2022 21:22:01 - INFO: Mini batch Iter: 0 reg_loss= 0.05329
12/01/2022 21:22:01 - INFO: Time for Mini batch : 0.259471893311
12/01/2022 21:22:01 - INFO: Time for epoch : 0.259255886078
12/01/2022 21:22:01 - INFO: Val results at epoch 80: Measure (HAD) AUC: 1.0
12/01/2022 21:22:01 - INFO: Test results at epoch 80: Measure (HAD) AUC: 0.98
12/01/2022 21:22:01 - INFO: Mini batch Iter: 0 train_loss= 1.39248
12/01/2022 21:22:01 - INFO: Mini batch Iter: 0 graph_loss= 1.33928
12/01/2022 21:22:01 - INFO: Mini batch Iter: 0 reg_loss= 0.05320
12/01/2022 21:22:01 - INFO: Time for Mini batch : 0.226084947586
12/01/2022 21:22:01 - INFO: Time for epoch : 0.225865840912
12/01/2022 21:22:01 - INFO: Val results at epoch 81: Measure (HAD) AUC: 1.0
12/01/2022 21:22:01 - INFO: Test results at epoch 81: Measure (HAD) AUC: 0.97
12/01/2022 21:22:01 - INFO: Mini batch Iter: 0 train_loss= 1.37635
12/01/2022 21:22:01 - INFO: Mini batch Iter: 0 graph_loss= 1.32325
12/01/2022 21:22:01 - INFO: Mini batch Iter: 0 reg_loss= 0.05310
12/01/2022 21:22:01 - INFO: Time for Mini batch : 0.255024909973
12/01/2022 21:22:01 - INFO: Time for epoch : 0.254797935486
12/01/2022 21:22:02 - INFO: Val results at epoch 82: Measure (HAD) AUC: 1.0
12/01/2022 21:22:02 - INFO: Test results at epoch 82: Measure (HAD) AUC: 0.98
12/01/2022 21:22:02 - INFO: Mini batch Iter: 0 train_loss= 1.36713
12/01/2022 21:22:02 - INFO: Mini batch Iter: 0 graph_loss= 1.31412
12/01/2022 21:22:02 - INFO: Mini batch Iter: 0 reg_loss= 0.05301
12/01/2022 21:22:02 - INFO: Time for Mini batch : 0.239148855209
12/01/2022 21:22:02 - INFO: Time for epoch : 0.238946914673
12/01/2022 21:22:02 - INFO: Val results at epoch 83: Measure (HAD) AUC: 0.777777777778
12/01/2022 21:22:02 - INFO: Test results at epoch 83: Measure (HAD) AUC: 0.98
12/01/2022 21:22:02 - INFO: Mini batch Iter: 0 train_loss= 1.34187
12/01/2022 21:22:02 - INFO: Mini batch Iter: 0 graph_loss= 1.28896
12/01/2022 21:22:02 - INFO: Mini batch Iter: 0 reg_loss= 0.05292
12/01/2022 21:22:02 - INFO: Time for Mini batch : 0.245077133179
12/01/2022 21:22:02 - INFO: Time for epoch : 0.244866132736
12/01/2022 21:22:02 - INFO: Val results at epoch 84: Measure (HAD) AUC: 0.666666666667
12/01/2022 21:22:02 - INFO: Test results at epoch 84: Measure (HAD) AUC: 0.97
12/01/2022 21:22:02 - INFO: Mini batch Iter: 0 train_loss= 1.36749
12/01/2022 21:22:02 - INFO: Mini batch Iter: 0 graph_loss= 1.31467
12/01/2022 21:22:02 - INFO: Mini batch Iter: 0 reg_loss= 0.05282
12/01/2022 21:22:02 - INFO: Time for Mini batch : 0.23891210556
12/01/2022 21:22:02 - INFO: Time for epoch : 0.238699197769
12/01/2022 21:22:02 - INFO: Val results at epoch 85: Measure (HAD) AUC: 0.666666666667
12/01/2022 21:22:02 - INFO: Test results at epoch 85: Measure (HAD) AUC: 0.96
12/01/2022 21:22:03 - INFO: Mini batch Iter: 0 train_loss= 1.38583
12/01/2022 21:22:03 - INFO: Mini batch Iter: 0 graph_loss= 1.33309
12/01/2022 21:22:03 - INFO: Mini batch Iter: 0 reg_loss= 0.05273
12/01/2022 21:22:03 - INFO: Time for Mini batch : 0.249206066132
12/01/2022 21:22:03 - INFO: Time for epoch : 0.249003887177
12/01/2022 21:22:03 - INFO: Val results at epoch 86: Measure (HAD) AUC: 0.666666666667
12/01/2022 21:22:03 - INFO: Test results at epoch 86: Measure (HAD) AUC: 0.96
12/01/2022 21:22:03 - INFO: Mini batch Iter: 0 train_loss= 1.38690
12/01/2022 21:22:03 - INFO: Mini batch Iter: 0 graph_loss= 1.33426
12/01/2022 21:22:03 - INFO: Mini batch Iter: 0 reg_loss= 0.05264
12/01/2022 21:22:03 - INFO: Time for Mini batch : 0.251038074493
12/01/2022 21:22:03 - INFO: Time for epoch : 0.250771045685
12/01/2022 21:22:03 - INFO: Val results at epoch 87: Measure (HAD) AUC: 0.666666666667
12/01/2022 21:22:03 - INFO: Test results at epoch 87: Measure (HAD) AUC: 0.95
12/01/2022 21:22:03 - INFO: Mini batch Iter: 0 train_loss= 1.37820
12/01/2022 21:22:03 - INFO: Mini batch Iter: 0 graph_loss= 1.32565
12/01/2022 21:22:03 - INFO: Mini batch Iter: 0 reg_loss= 0.05255
12/01/2022 21:22:03 - INFO: Time for Mini batch : 0.24792599678
12/01/2022 21:22:03 - INFO: Time for epoch : 0.247727155685
12/01/2022 21:22:03 - INFO: Val results at epoch 88: Measure (HAD) AUC: 0.666666666667
12/01/2022 21:22:03 - INFO: Test results at epoch 88: Measure (HAD) AUC: 0.95
12/01/2022 21:22:04 - INFO: Mini batch Iter: 0 train_loss= 1.31777
12/01/2022 21:22:04 - INFO: Mini batch Iter: 0 graph_loss= 1.26530
12/01/2022 21:22:04 - INFO: Mini batch Iter: 0 reg_loss= 0.05246
12/01/2022 21:22:04 - INFO: Time for Mini batch : 0.224643945694
12/01/2022 21:22:04 - INFO: Time for epoch : 0.224445819855
12/01/2022 21:22:04 - INFO: Val results at epoch 89: Measure (HAD) AUC: 0.666666666667
12/01/2022 21:22:04 - INFO: Test results at epoch 89: Measure (HAD) AUC: 0.95
12/01/2022 21:22:04 - INFO: Mini batch Iter: 0 train_loss= 1.33133
12/01/2022 21:22:04 - INFO: Mini batch Iter: 0 graph_loss= 1.27896
12/01/2022 21:22:04 - INFO: Mini batch Iter: 0 reg_loss= 0.05237
12/01/2022 21:22:04 - INFO: Time for Mini batch : 0.231740951538
12/01/2022 21:22:04 - INFO: Time for epoch : 0.231544017792
12/01/2022 21:22:04 - INFO: Val results at epoch 90: Measure (HAD) AUC: 0.666666666667
12/01/2022 21:22:04 - INFO: Test results at epoch 90: Measure (HAD) AUC: 0.95
12/01/2022 21:22:04 - INFO: Mini batch Iter: 0 train_loss= 1.38474
12/01/2022 21:22:04 - INFO: Mini batch Iter: 0 graph_loss= 1.33245
12/01/2022 21:22:04 - INFO: Mini batch Iter: 0 reg_loss= 0.05229
12/01/2022 21:22:04 - INFO: Time for Mini batch : 0.231564044952
12/01/2022 21:22:04 - INFO: Time for epoch : 0.231359004974
12/01/2022 21:22:04 - INFO: Val results at epoch 91: Measure (HAD) AUC: 0.666666666667
12/01/2022 21:22:04 - INFO: Test results at epoch 91: Measure (HAD) AUC: 0.95
12/01/2022 21:22:04 - INFO: Mini batch Iter: 0 train_loss= 1.34681
12/01/2022 21:22:04 - INFO: Mini batch Iter: 0 graph_loss= 1.29461
12/01/2022 21:22:04 - INFO: Mini batch Iter: 0 reg_loss= 0.05220
12/01/2022 21:22:04 - INFO: Time for Mini batch : 0.222257852554
12/01/2022 21:22:04 - INFO: Time for epoch : 0.222049951553
12/01/2022 21:22:04 - INFO: Val results at epoch 92: Measure (HAD) AUC: 0.666666666667
12/01/2022 21:22:04 - INFO: Test results at epoch 92: Measure (HAD) AUC: 0.96
12/01/2022 21:22:05 - INFO: Mini batch Iter: 0 train_loss= 1.34417
12/01/2022 21:22:05 - INFO: Mini batch Iter: 0 graph_loss= 1.29206
12/01/2022 21:22:05 - INFO: Mini batch Iter: 0 reg_loss= 0.05212
12/01/2022 21:22:05 - INFO: Time for Mini batch : 0.238654136658
12/01/2022 21:22:05 - INFO: Time for epoch : 0.238406181335
12/01/2022 21:22:05 - INFO: Val results at epoch 93: Measure (HAD) AUC: 0.666666666667
12/01/2022 21:22:05 - INFO: Test results at epoch 93: Measure (HAD) AUC: 0.96
12/01/2022 21:22:05 - INFO: Mini batch Iter: 0 train_loss= 1.32187
12/01/2022 21:22:05 - INFO: Mini batch Iter: 0 graph_loss= 1.26984
12/01/2022 21:22:05 - INFO: Mini batch Iter: 0 reg_loss= 0.05203
12/01/2022 21:22:05 - INFO: Time for Mini batch : 0.23829293251
12/01/2022 21:22:05 - INFO: Time for epoch : 0.238081932068
12/01/2022 21:22:05 - INFO: Val results at epoch 94: Measure (HAD) AUC: 0.666666666667
12/01/2022 21:22:05 - INFO: Test results at epoch 94: Measure (HAD) AUC: 0.96
12/01/2022 21:22:05 - INFO: Mini batch Iter: 0 train_loss= 1.36069
12/01/2022 21:22:05 - INFO: Mini batch Iter: 0 graph_loss= 1.30874
12/01/2022 21:22:05 - INFO: Mini batch Iter: 0 reg_loss= 0.05195
12/01/2022 21:22:05 - INFO: Time for Mini batch : 0.238286018372
12/01/2022 21:22:05 - INFO: Time for epoch : 0.238084077835
12/01/2022 21:22:05 - INFO: Val results at epoch 95: Measure (HAD) AUC: 0.666666666667
12/01/2022 21:22:05 - INFO: Test results at epoch 95: Measure (HAD) AUC: 0.96
12/01/2022 21:22:06 - INFO: Mini batch Iter: 0 train_loss= 1.34823
12/01/2022 21:22:06 - INFO: Mini batch Iter: 0 graph_loss= 1.29637
12/01/2022 21:22:06 - INFO: Mini batch Iter: 0 reg_loss= 0.05186
12/01/2022 21:22:06 - INFO: Time for Mini batch : 0.250466108322
12/01/2022 21:22:06 - INFO: Time for epoch : 0.250236988068
12/01/2022 21:22:06 - INFO: Val results at epoch 96: Measure (HAD) AUC: 0.666666666667
12/01/2022 21:22:06 - INFO: Test results at epoch 96: Measure (HAD) AUC: 0.96
12/01/2022 21:22:06 - INFO: Mini batch Iter: 0 train_loss= 1.35113
12/01/2022 21:22:06 - INFO: Mini batch Iter: 0 graph_loss= 1.29936
12/01/2022 21:22:06 - INFO: Mini batch Iter: 0 reg_loss= 0.05178
12/01/2022 21:22:06 - INFO: Time for Mini batch : 0.249331951141
12/01/2022 21:22:06 - INFO: Time for epoch : 0.249104976654
12/01/2022 21:22:06 - INFO: Val results at epoch 97: Measure (HAD) AUC: 0.666666666667
12/01/2022 21:22:06 - INFO: Test results at epoch 97: Measure (HAD) AUC: 0.96
12/01/2022 21:22:06 - INFO: Mini batch Iter: 0 train_loss= 1.32780
12/01/2022 21:22:06 - INFO: Mini batch Iter: 0 graph_loss= 1.27610
12/01/2022 21:22:06 - INFO: Mini batch Iter: 0 reg_loss= 0.05169
12/01/2022 21:22:06 - INFO: Time for Mini batch : 0.263000965118
12/01/2022 21:22:06 - INFO: Time for epoch : 0.262761116028
12/01/2022 21:22:06 - INFO: Val results at epoch 98: Measure (HAD) AUC: 0.777777777778
12/01/2022 21:22:06 - INFO: Test results at epoch 98: Measure (HAD) AUC: 0.96
12/01/2022 21:22:06 - INFO: Mini batch Iter: 0 train_loss= 1.30245
12/01/2022 21:22:06 - INFO: Mini batch Iter: 0 graph_loss= 1.25084
12/01/2022 21:22:06 - INFO: Mini batch Iter: 0 reg_loss= 0.05161
12/01/2022 21:22:06 - INFO: Time for Mini batch : 0.223073005676
12/01/2022 21:22:06 - INFO: Time for epoch : 0.222870111465
12/01/2022 21:22:06 - INFO: Val results at epoch 99: Measure (HAD) AUC: 0.777777777778
12/01/2022 21:22:06 - INFO: Test results at epoch 99: Measure (HAD) AUC: 0.96
12/01/2022 21:22:07 - INFO: Mini batch Iter: 0 train_loss= 1.38646
12/01/2022 21:22:07 - INFO: Mini batch Iter: 0 graph_loss= 1.33493
12/01/2022 21:22:07 - INFO: Mini batch Iter: 0 reg_loss= 0.05153
12/01/2022 21:22:07 - INFO: Time for Mini batch : 0.232680082321
12/01/2022 21:22:07 - INFO: Time for epoch : 0.232483148575
12/01/2022 21:22:07 - INFO: Val results at epoch 100: Measure (HAD) AUC: 0.777777777778
12/01/2022 21:22:07 - INFO: Test results at epoch 100: Measure (HAD) AUC: 0.96
12/01/2022 21:22:07 - INFO: Mini batch Iter: 0 train_loss= 1.34904
12/01/2022 21:22:07 - INFO: Mini batch Iter: 0 graph_loss= 1.29760
12/01/2022 21:22:07 - INFO: Mini batch Iter: 0 reg_loss= 0.05145
12/01/2022 21:22:07 - INFO: Time for Mini batch : 0.253426074982
12/01/2022 21:22:07 - INFO: Time for epoch : 0.253210067749
12/01/2022 21:22:07 - INFO: Val results at epoch 101: Measure (HAD) AUC: 0.777777777778
12/01/2022 21:22:07 - INFO: Test results at epoch 101: Measure (HAD) AUC: 0.96
12/01/2022 21:22:07 - INFO: Mini batch Iter: 0 train_loss= 1.36858
12/01/2022 21:22:07 - INFO: Mini batch Iter: 0 graph_loss= 1.31722
12/01/2022 21:22:07 - INFO: Mini batch Iter: 0 reg_loss= 0.05137
12/01/2022 21:22:07 - INFO: Time for Mini batch : 0.237772941589
12/01/2022 21:22:07 - INFO: Time for epoch : 0.237571954727
12/01/2022 21:22:07 - INFO: Val results at epoch 102: Measure (HAD) AUC: 0.777777777778
12/01/2022 21:22:07 - INFO: Test results at epoch 102: Measure (HAD) AUC: 0.95
12/01/2022 21:22:08 - INFO: Mini batch Iter: 0 train_loss= 1.33278
12/01/2022 21:22:08 - INFO: Mini batch Iter: 0 graph_loss= 1.28149
12/01/2022 21:22:08 - INFO: Mini batch Iter: 0 reg_loss= 0.05129
12/01/2022 21:22:08 - INFO: Time for Mini batch : 0.247824907303
12/01/2022 21:22:08 - INFO: Time for epoch : 0.247622013092
12/01/2022 21:22:08 - INFO: Val results at epoch 103: Measure (HAD) AUC: 0.777777777778
12/01/2022 21:22:08 - INFO: Test results at epoch 103: Measure (HAD) AUC: 0.94
12/01/2022 21:22:08 - INFO: Mini batch Iter: 0 train_loss= 1.34901
12/01/2022 21:22:08 - INFO: Mini batch Iter: 0 graph_loss= 1.29780
12/01/2022 21:22:08 - INFO: Mini batch Iter: 0 reg_loss= 0.05121
12/01/2022 21:22:08 - INFO: Time for Mini batch : 0.247421979904
12/01/2022 21:22:08 - INFO: Time for epoch : 0.246851921082
12/01/2022 21:22:08 - INFO: Val results at epoch 104: Measure (HAD) AUC: 0.777777777778
12/01/2022 21:22:08 - INFO: Test results at epoch 104: Measure (HAD) AUC: 0.94
12/01/2022 21:22:08 - INFO: Mini batch Iter: 0 train_loss= 1.33217
12/01/2022 21:22:08 - INFO: Mini batch Iter: 0 graph_loss= 1.28105
12/01/2022 21:22:08 - INFO: Mini batch Iter: 0 reg_loss= 0.05113
12/01/2022 21:22:08 - INFO: Time for Mini batch : 0.237059116364
12/01/2022 21:22:08 - INFO: Time for epoch : 0.23685002327
12/01/2022 21:22:08 - INFO: Val results at epoch 105: Measure (HAD) AUC: 0.777777777778
12/01/2022 21:22:08 - INFO: Test results at epoch 105: Measure (HAD) AUC: 0.93
12/01/2022 21:22:08 - INFO: Mini batch Iter: 0 train_loss= 1.35619
12/01/2022 21:22:08 - INFO: Mini batch Iter: 0 graph_loss= 1.30514
12/01/2022 21:22:08 - INFO: Mini batch Iter: 0 reg_loss= 0.05105
12/01/2022 21:22:08 - INFO: Time for Mini batch : 0.249860048294
12/01/2022 21:22:08 - INFO: Time for epoch : 0.249622106552
12/01/2022 21:22:09 - INFO: Val results at epoch 106: Measure (HAD) AUC: 0.777777777778
12/01/2022 21:22:09 - INFO: Test results at epoch 106: Measure (HAD) AUC: 0.92
12/01/2022 21:22:09 - INFO: Mini batch Iter: 0 train_loss= 1.36658
12/01/2022 21:22:09 - INFO: Mini batch Iter: 0 graph_loss= 1.31561
12/01/2022 21:22:09 - INFO: Mini batch Iter: 0 reg_loss= 0.05097
12/01/2022 21:22:09 - INFO: Time for Mini batch : 0.240854978561
12/01/2022 21:22:09 - INFO: Time for epoch : 0.2406001091
12/01/2022 21:22:09 - INFO: Val results at epoch 107: Measure (HAD) AUC: 0.777777777778
12/01/2022 21:22:09 - INFO: Test results at epoch 107: Measure (HAD) AUC: 0.92
12/01/2022 21:22:09 - INFO: Mini batch Iter: 0 train_loss= 1.34472
12/01/2022 21:22:09 - INFO: Mini batch Iter: 0 graph_loss= 1.29382
12/01/2022 21:22:09 - INFO: Mini batch Iter: 0 reg_loss= 0.05089
12/01/2022 21:22:09 - INFO: Time for Mini batch : 0.250606060028
12/01/2022 21:22:09 - INFO: Time for epoch : 0.250346183777
12/01/2022 21:22:09 - INFO: Val results at epoch 108: Measure (HAD) AUC: 0.777777777778
12/01/2022 21:22:09 - INFO: Test results at epoch 108: Measure (HAD) AUC: 0.93
12/01/2022 21:22:09 - INFO: Mini batch Iter: 0 train_loss= 1.37747
12/01/2022 21:22:09 - INFO: Mini batch Iter: 0 graph_loss= 1.32665
12/01/2022 21:22:09 - INFO: Mini batch Iter: 0 reg_loss= 0.05082
12/01/2022 21:22:09 - INFO: Time for Mini batch : 0.246168851852
12/01/2022 21:22:09 - INFO: Time for epoch : 0.245923995972
12/01/2022 21:22:09 - INFO: Val results at epoch 109: Measure (HAD) AUC: 0.777777777778
12/01/2022 21:22:09 - INFO: Test results at epoch 109: Measure (HAD) AUC: 0.93
12/01/2022 21:22:10 - INFO: Mini batch Iter: 0 train_loss= 1.30671
12/01/2022 21:22:10 - INFO: Mini batch Iter: 0 graph_loss= 1.25598
12/01/2022 21:22:10 - INFO: Mini batch Iter: 0 reg_loss= 0.05074
12/01/2022 21:22:10 - INFO: Time for Mini batch : 0.247747182846
12/01/2022 21:22:10 - INFO: Time for epoch : 0.247529029846
12/01/2022 21:22:10 - INFO: Val results at epoch 110: Measure (HAD) AUC: 0.777777777778
12/01/2022 21:22:10 - INFO: Test results at epoch 110: Measure (HAD) AUC: 0.93
12/01/2022 21:22:10 - INFO: Mini batch Iter: 0 train_loss= 1.42100
12/01/2022 21:22:10 - INFO: Mini batch Iter: 0 graph_loss= 1.37034
12/01/2022 21:22:10 - INFO: Mini batch Iter: 0 reg_loss= 0.05066
12/01/2022 21:22:10 - INFO: Time for Mini batch : 0.238067865372
12/01/2022 21:22:10 - INFO: Time for epoch : 0.237844944
12/01/2022 21:22:10 - INFO: Val results at epoch 111: Measure (HAD) AUC: 0.777777777778
12/01/2022 21:22:10 - INFO: Test results at epoch 111: Measure (HAD) AUC: 0.94
12/01/2022 21:22:10 - INFO: Mini batch Iter: 0 train_loss= 1.28141
12/01/2022 21:22:10 - INFO: Mini batch Iter: 0 graph_loss= 1.23082
12/01/2022 21:22:10 - INFO: Mini batch Iter: 0 reg_loss= 0.05058
12/01/2022 21:22:10 - INFO: Time for Mini batch : 0.231982946396
12/01/2022 21:22:10 - INFO: Time for epoch : 0.231776952744
12/01/2022 21:22:10 - INFO: Val results at epoch 112: Measure (HAD) AUC: 0.777777777778
12/01/2022 21:22:10 - INFO: Test results at epoch 112: Measure (HAD) AUC: 0.94
12/01/2022 21:22:11 - INFO: Mini batch Iter: 0 train_loss= 1.36843
12/01/2022 21:22:11 - INFO: Mini batch Iter: 0 graph_loss= 1.31793
12/01/2022 21:22:11 - INFO: Mini batch Iter: 0 reg_loss= 0.05050
12/01/2022 21:22:11 - INFO: Time for Mini batch : 0.230201005936
12/01/2022 21:22:11 - INFO: Time for epoch : 0.22996878624
12/01/2022 21:22:11 - INFO: Val results at epoch 113: Measure (HAD) AUC: 0.777777777778
12/01/2022 21:22:11 - INFO: Test results at epoch 113: Measure (HAD) AUC: 0.94
12/01/2022 21:22:11 - INFO: Mini batch Iter: 0 train_loss= 1.36177
12/01/2022 21:22:11 - INFO: Mini batch Iter: 0 graph_loss= 1.31134
12/01/2022 21:22:11 - INFO: Mini batch Iter: 0 reg_loss= 0.05043
12/01/2022 21:22:11 - INFO: Time for Mini batch : 0.248150110245
12/01/2022 21:22:11 - INFO: Time for epoch : 0.247928142548
12/01/2022 21:22:11 - INFO: Val results at epoch 114: Measure (HAD) AUC: 0.777777777778
12/01/2022 21:22:11 - INFO: Test results at epoch 114: Measure (HAD) AUC: 0.94
12/01/2022 21:22:11 - INFO: Mini batch Iter: 0 train_loss= 1.37797
12/01/2022 21:22:11 - INFO: Mini batch Iter: 0 graph_loss= 1.32763
12/01/2022 21:22:11 - INFO: Mini batch Iter: 0 reg_loss= 0.05035
12/01/2022 21:22:11 - INFO: Time for Mini batch : 0.238308906555
12/01/2022 21:22:11 - INFO: Time for epoch : 0.238086938858
12/01/2022 21:22:11 - INFO: Val results at epoch 115: Measure (HAD) AUC: 0.777777777778
12/01/2022 21:22:11 - INFO: Test results at epoch 115: Measure (HAD) AUC: 0.96
12/01/2022 21:22:11 - INFO: Mini batch Iter: 0 train_loss= 1.27942
12/01/2022 21:22:11 - INFO: Mini batch Iter: 0 graph_loss= 1.22915
12/01/2022 21:22:11 - INFO: Mini batch Iter: 0 reg_loss= 0.05027
12/01/2022 21:22:11 - INFO: Time for Mini batch : 0.230557918549
12/01/2022 21:22:11 - INFO: Time for epoch : 0.230326890945
12/01/2022 21:22:11 - INFO: Val results at epoch 116: Measure (HAD) AUC: 0.888888888889
12/01/2022 21:22:11 - INFO: Test results at epoch 116: Measure (HAD) AUC: 0.96
12/01/2022 21:22:12 - INFO: Mini batch Iter: 0 train_loss= 1.34781
12/01/2022 21:22:12 - INFO: Mini batch Iter: 0 graph_loss= 1.29762
12/01/2022 21:22:12 - INFO: Mini batch Iter: 0 reg_loss= 0.05019
12/01/2022 21:22:12 - INFO: Time for Mini batch : 0.250903844833
12/01/2022 21:22:12 - INFO: Time for epoch : 0.250689029694
12/01/2022 21:22:12 - INFO: Val results at epoch 117: Measure (HAD) AUC: 0.888888888889
12/01/2022 21:22:12 - INFO: Test results at epoch 117: Measure (HAD) AUC: 0.96
12/01/2022 21:22:12 - INFO: Mini batch Iter: 0 train_loss= 1.38446
12/01/2022 21:22:12 - INFO: Mini batch Iter: 0 graph_loss= 1.33435
12/01/2022 21:22:12 - INFO: Mini batch Iter: 0 reg_loss= 0.05011
12/01/2022 21:22:12 - INFO: Time for Mini batch : 0.241676092148
12/01/2022 21:22:12 - INFO: Time for epoch : 0.241451978683
12/01/2022 21:22:12 - INFO: Val results at epoch 118: Measure (HAD) AUC: 0.777777777778
12/01/2022 21:22:12 - INFO: Test results at epoch 118: Measure (HAD) AUC: 0.96
12/01/2022 21:22:12 - INFO: Mini batch Iter: 0 train_loss= 1.33124
12/01/2022 21:22:12 - INFO: Mini batch Iter: 0 graph_loss= 1.28121
12/01/2022 21:22:12 - INFO: Mini batch Iter: 0 reg_loss= 0.05003
12/01/2022 21:22:12 - INFO: Time for Mini batch : 0.241680860519
12/01/2022 21:22:12 - INFO: Time for epoch : 0.241477012634
12/01/2022 21:22:12 - INFO: Val results at epoch 119: Measure (HAD) AUC: 0.777777777778
12/01/2022 21:22:12 - INFO: Test results at epoch 119: Measure (HAD) AUC: 0.96
12/01/2022 21:22:13 - INFO: Mini batch Iter: 0 train_loss= 1.35441
12/01/2022 21:22:13 - INFO: Mini batch Iter: 0 graph_loss= 1.30446
12/01/2022 21:22:13 - INFO: Mini batch Iter: 0 reg_loss= 0.04995
12/01/2022 21:22:13 - INFO: Time for Mini batch : 0.231666088104
12/01/2022 21:22:13 - INFO: Time for epoch : 0.231456041336
12/01/2022 21:22:13 - INFO: Val results at epoch 120: Measure (HAD) AUC: 0.777777777778
12/01/2022 21:22:13 - INFO: Test results at epoch 120: Measure (HAD) AUC: 0.97
12/01/2022 21:22:13 - INFO: Mini batch Iter: 0 train_loss= 1.30902
12/01/2022 21:22:13 - INFO: Mini batch Iter: 0 graph_loss= 1.25914
12/01/2022 21:22:13 - INFO: Mini batch Iter: 0 reg_loss= 0.04988
12/01/2022 21:22:13 - INFO: Time for Mini batch : 0.24446105957
12/01/2022 21:22:13 - INFO: Time for epoch : 0.244253873825
12/01/2022 21:22:13 - INFO: Val results at epoch 121: Measure (HAD) AUC: 0.777777777778
12/01/2022 21:22:13 - INFO: Test results at epoch 121: Measure (HAD) AUC: 0.97
12/01/2022 21:22:13 - INFO: Mini batch Iter: 0 train_loss= 1.35811
12/01/2022 21:22:13 - INFO: Mini batch Iter: 0 graph_loss= 1.30831
12/01/2022 21:22:13 - INFO: Mini batch Iter: 0 reg_loss= 0.04980
12/01/2022 21:22:13 - INFO: Time for Mini batch : 0.246069908142
12/01/2022 21:22:13 - INFO: Time for epoch : 0.245867967606
12/01/2022 21:22:13 - INFO: Val results at epoch 122: Measure (HAD) AUC: 0.777777777778
12/01/2022 21:22:13 - INFO: Test results at epoch 122: Measure (HAD) AUC: 0.97
12/01/2022 21:22:13 - INFO: Mini batch Iter: 0 train_loss= 1.32544
12/01/2022 21:22:13 - INFO: Mini batch Iter: 0 graph_loss= 1.27572
12/01/2022 21:22:13 - INFO: Mini batch Iter: 0 reg_loss= 0.04972
12/01/2022 21:22:13 - INFO: Time for Mini batch : 0.246116161346
12/01/2022 21:22:13 - INFO: Time for epoch : 0.245910167694
12/01/2022 21:22:13 - INFO: Val results at epoch 123: Measure (HAD) AUC: 0.777777777778
12/01/2022 21:22:13 - INFO: Test results at epoch 123: Measure (HAD) AUC: 0.97
12/01/2022 21:22:14 - INFO: Mini batch Iter: 0 train_loss= 1.35245
12/01/2022 21:22:14 - INFO: Mini batch Iter: 0 graph_loss= 1.30280
12/01/2022 21:22:14 - INFO: Mini batch Iter: 0 reg_loss= 0.04965
12/01/2022 21:22:14 - INFO: Time for Mini batch : 0.238945007324
12/01/2022 21:22:14 - INFO: Time for epoch : 0.238742828369
12/01/2022 21:22:14 - INFO: Val results at epoch 124: Measure (HAD) AUC: 1.0
12/01/2022 21:22:14 - INFO: Test results at epoch 124: Measure (HAD) AUC: 0.97
12/01/2022 21:22:14 - INFO: Mini batch Iter: 0 train_loss= 1.32926
12/01/2022 21:22:14 - INFO: Mini batch Iter: 0 graph_loss= 1.27969
12/01/2022 21:22:14 - INFO: Mini batch Iter: 0 reg_loss= 0.04957
12/01/2022 21:22:14 - INFO: Time for Mini batch : 0.254535198212
12/01/2022 21:22:14 - INFO: Time for epoch : 0.254331111908
12/01/2022 21:22:14 - INFO: Val results at epoch 125: Measure (HAD) AUC: 1.0
12/01/2022 21:22:14 - INFO: Test results at epoch 125: Measure (HAD) AUC: 0.97
12/01/2022 21:22:14 - INFO: Mini batch Iter: 0 train_loss= 1.35175
12/01/2022 21:22:14 - INFO: Mini batch Iter: 0 graph_loss= 1.30225
12/01/2022 21:22:14 - INFO: Mini batch Iter: 0 reg_loss= 0.04950
12/01/2022 21:22:14 - INFO: Time for Mini batch : 0.233598947525
12/01/2022 21:22:14 - INFO: Time for epoch : 0.233396053314
12/01/2022 21:22:14 - INFO: Val results at epoch 126: Measure (HAD) AUC: 1.0
12/01/2022 21:22:14 - INFO: Test results at epoch 126: Measure (HAD) AUC: 0.96
12/01/2022 21:22:15 - INFO: Mini batch Iter: 0 train_loss= 1.38339
12/01/2022 21:22:15 - INFO: Mini batch Iter: 0 graph_loss= 1.33397
12/01/2022 21:22:15 - INFO: Mini batch Iter: 0 reg_loss= 0.04942
12/01/2022 21:22:15 - INFO: Time for Mini batch : 0.253453016281
12/01/2022 21:22:15 - INFO: Time for epoch : 0.253217935562
12/01/2022 21:22:15 - INFO: Val results at epoch 127: Measure (HAD) AUC: 1.0
12/01/2022 21:22:15 - INFO: Test results at epoch 127: Measure (HAD) AUC: 0.95
12/01/2022 21:22:15 - INFO: Mini batch Iter: 0 train_loss= 1.35165
12/01/2022 21:22:15 - INFO: Mini batch Iter: 0 graph_loss= 1.30230
12/01/2022 21:22:15 - INFO: Mini batch Iter: 0 reg_loss= 0.04934
12/01/2022 21:22:15 - INFO: Time for Mini batch : 0.250155210495
12/01/2022 21:22:15 - INFO: Time for epoch : 0.249942064285
12/01/2022 21:22:15 - INFO: Val results at epoch 128: Measure (HAD) AUC: 1.0
12/01/2022 21:22:15 - INFO: Test results at epoch 128: Measure (HAD) AUC: 0.95
12/01/2022 21:22:15 - INFO: Mini batch Iter: 0 train_loss= 1.36101
12/01/2022 21:22:15 - INFO: Mini batch Iter: 0 graph_loss= 1.31174
12/01/2022 21:22:15 - INFO: Mini batch Iter: 0 reg_loss= 0.04927
12/01/2022 21:22:15 - INFO: Time for Mini batch : 0.264317989349
12/01/2022 21:22:15 - INFO: Time for epoch : 0.264099121094
12/01/2022 21:22:15 - INFO: Val results at epoch 129: Measure (HAD) AUC: 1.0
12/01/2022 21:22:15 - INFO: Test results at epoch 129: Measure (HAD) AUC: 0.95
12/01/2022 21:22:16 - INFO: Mini batch Iter: 0 train_loss= 1.34089
12/01/2022 21:22:16 - INFO: Mini batch Iter: 0 graph_loss= 1.29170
12/01/2022 21:22:16 - INFO: Mini batch Iter: 0 reg_loss= 0.04919
12/01/2022 21:22:16 - INFO: Time for Mini batch : 0.249878168106
12/01/2022 21:22:16 - INFO: Time for epoch : 0.249623060226
12/01/2022 21:22:16 - INFO: Val results at epoch 130: Measure (HAD) AUC: 1.0
12/01/2022 21:22:16 - INFO: Test results at epoch 130: Measure (HAD) AUC: 0.95
12/01/2022 21:22:16 - INFO: Mini batch Iter: 0 train_loss= 1.32839
12/01/2022 21:22:16 - INFO: Mini batch Iter: 0 graph_loss= 1.27927
12/01/2022 21:22:16 - INFO: Mini batch Iter: 0 reg_loss= 0.04911
12/01/2022 21:22:16 - INFO: Time for Mini batch : 0.255625963211
12/01/2022 21:22:16 - INFO: Time for epoch : 0.25537109375
12/01/2022 21:22:16 - INFO: Val results at epoch 131: Measure (HAD) AUC: 1.0
12/01/2022 21:22:16 - INFO: Test results at epoch 131: Measure (HAD) AUC: 0.95
12/01/2022 21:22:16 - INFO: Mini batch Iter: 0 train_loss= 1.32770
12/01/2022 21:22:16 - INFO: Mini batch Iter: 0 graph_loss= 1.27866
12/01/2022 21:22:16 - INFO: Mini batch Iter: 0 reg_loss= 0.04904
12/01/2022 21:22:16 - INFO: Time for Mini batch : 0.286414146423
12/01/2022 21:22:16 - INFO: Time for epoch : 0.286159038544
12/01/2022 21:22:16 - INFO: Val results at epoch 132: Measure (HAD) AUC: 1.0
12/01/2022 21:22:16 - INFO: Test results at epoch 132: Measure (HAD) AUC: 0.95
12/01/2022 21:22:16 - INFO: Mini batch Iter: 0 train_loss= 1.33365
12/01/2022 21:22:16 - INFO: Mini batch Iter: 0 graph_loss= 1.28469
12/01/2022 21:22:16 - INFO: Mini batch Iter: 0 reg_loss= 0.04897
12/01/2022 21:22:16 - INFO: Time for Mini batch : 0.235156059265
12/01/2022 21:22:16 - INFO: Time for epoch : 0.234930038452
12/01/2022 21:22:17 - INFO: Val results at epoch 133: Measure (HAD) AUC: 1.0
12/01/2022 21:22:17 - INFO: Test results at epoch 133: Measure (HAD) AUC: 0.94
12/01/2022 21:22:17 - INFO: Mini batch Iter: 0 train_loss= 1.32937
12/01/2022 21:22:17 - INFO: Mini batch Iter: 0 graph_loss= 1.28048
12/01/2022 21:22:17 - INFO: Mini batch Iter: 0 reg_loss= 0.04889
12/01/2022 21:22:17 - INFO: Time for Mini batch : 0.249047040939
12/01/2022 21:22:17 - INFO: Time for epoch : 0.248831033707
12/01/2022 21:22:17 - INFO: Val results at epoch 134: Measure (HAD) AUC: 1.0
12/01/2022 21:22:17 - INFO: Test results at epoch 134: Measure (HAD) AUC: 0.93
12/01/2022 21:22:17 - INFO: Mini batch Iter: 0 train_loss= 1.32668
12/01/2022 21:22:17 - INFO: Mini batch Iter: 0 graph_loss= 1.27787
12/01/2022 21:22:17 - INFO: Mini batch Iter: 0 reg_loss= 0.04881
12/01/2022 21:22:17 - INFO: Time for Mini batch : 0.260758876801
12/01/2022 21:22:17 - INFO: Time for epoch : 0.2605509758
12/01/2022 21:22:17 - INFO: Val results at epoch 135: Measure (HAD) AUC: 1.0
12/01/2022 21:22:17 - INFO: Test results at epoch 135: Measure (HAD) AUC: 0.93
12/01/2022 21:22:17 - INFO: Mini batch Iter: 0 train_loss= 1.35634
12/01/2022 21:22:17 - INFO: Mini batch Iter: 0 graph_loss= 1.30760
12/01/2022 21:22:17 - INFO: Mini batch Iter: 0 reg_loss= 0.04874
12/01/2022 21:22:17 - INFO: Time for Mini batch : 0.249941110611
12/01/2022 21:22:17 - INFO: Time for epoch : 0.249717950821
12/01/2022 21:22:17 - INFO: Val results at epoch 136: Measure (HAD) AUC: 1.0
12/01/2022 21:22:17 - INFO: Test results at epoch 136: Measure (HAD) AUC: 0.93
12/01/2022 21:22:18 - INFO: Mini batch Iter: 0 train_loss= 1.35045
12/01/2022 21:22:18 - INFO: Mini batch Iter: 0 graph_loss= 1.30178
12/01/2022 21:22:18 - INFO: Mini batch Iter: 0 reg_loss= 0.04867
12/01/2022 21:22:18 - INFO: Time for Mini batch : 0.243753910065
12/01/2022 21:22:18 - INFO: Time for epoch : 0.243546962738
12/01/2022 21:22:18 - INFO: Val results at epoch 137: Measure (HAD) AUC: 1.0
12/01/2022 21:22:18 - INFO: Test results at epoch 137: Measure (HAD) AUC: 0.93
12/01/2022 21:22:18 - INFO: Mini batch Iter: 0 train_loss= 1.34165
12/01/2022 21:22:18 - INFO: Mini batch Iter: 0 graph_loss= 1.29306
12/01/2022 21:22:18 - INFO: Mini batch Iter: 0 reg_loss= 0.04860
12/01/2022 21:22:18 - INFO: Time for Mini batch : 0.244635820389
12/01/2022 21:22:18 - INFO: Time for epoch : 0.244431972504
12/01/2022 21:22:18 - INFO: Val results at epoch 138: Measure (HAD) AUC: 1.0
12/01/2022 21:22:18 - INFO: Test results at epoch 138: Measure (HAD) AUC: 0.92
12/01/2022 21:22:18 - INFO: Mini batch Iter: 0 train_loss= 1.31744
12/01/2022 21:22:18 - INFO: Mini batch Iter: 0 graph_loss= 1.26892
12/01/2022 21:22:18 - INFO: Mini batch Iter: 0 reg_loss= 0.04852
12/01/2022 21:22:18 - INFO: Time for Mini batch : 0.253175973892
12/01/2022 21:22:18 - INFO: Time for epoch : 0.252938985825
12/01/2022 21:22:18 - INFO: Val results at epoch 139: Measure (HAD) AUC: 1.0
12/01/2022 21:22:18 - INFO: Test results at epoch 139: Measure (HAD) AUC: 0.91
12/01/2022 21:23:43 - INFO: [('structural_head_config', u'16,8,8'), ('temporal_layer_config', u'128'), ('val_freq', 1), ('dataset', u'Enron_new'), ('epochs', 200), ('walk_len', 20), ('weight_decay', 0.0005), ('neg_sample_size', 10), ('temporal_drop', 0.5), ('GPU_ID', 0), ('use_residual', u'False'), ('structural_layer_config', u'128'), ('window', -1), ('base_model', u'TE_DyGE'), ('log_dir', 'log'), ('model_dir', 'model'), ('spatial_drop', 0.1), ('position_ffn', u'True'), ('optimizer', 'adam'), ('time_steps', 2), ('learning_rate', 0.001), ('csv_dir', 'csv'), ('batch_size', 512), ('max_gradient_norm', 1.0), ('featureless', u'True'), ('test_freq', 1), ('temporal_head_config', u'16'), ('seed', 7), ('save_dir', 'output'), ('model', u'default'), ('neg_weight', 1.0)]
12/01/2022 21:23:45 - INFO: # train: 4, # val: 3, # test: 10
12/01/2022 21:23:51 - WARNING: From /export/data/liane/anaconda3/envs/dysat/lib/python2.7/site-packages/tensorflow/python/ops/sparse_grad.py:281: calling sparse_reduce_sum (from tensorflow.python.ops.sparse_ops) with keep_dims is deprecated and will be removed in a future version.
Instructions for updating:
keep_dims is deprecated, use keepdims instead
12/01/2022 21:24:05 - INFO: Mini batch Iter: 0 train_loss= 6.34193
12/01/2022 21:24:05 - INFO: Mini batch Iter: 0 graph_loss= 6.28004
12/01/2022 21:24:05 - INFO: Mini batch Iter: 0 reg_loss= 0.06189
12/01/2022 21:24:05 - INFO: Time for Mini batch : 10.345510006
12/01/2022 21:24:05 - INFO: Time for epoch : 10.3440768719
12/01/2022 21:25:24 - INFO: [('structural_head_config', u'16,8,8'), ('temporal_layer_config', u'128'), ('val_freq', 1), ('dataset', u'Enron_new'), ('epochs', 200), ('walk_len', 20), ('weight_decay', 0.0005), ('neg_sample_size', 10), ('temporal_drop', 0.5), ('GPU_ID', 0), ('use_residual', u'False'), ('structural_layer_config', u'128'), ('window', -1), ('base_model', u'TE_DyGE'), ('log_dir', 'log'), ('model_dir', 'model'), ('spatial_drop', 0.1), ('position_ffn', u'True'), ('optimizer', 'adam'), ('time_steps', 2), ('learning_rate', 0.001), ('csv_dir', 'csv'), ('batch_size', 512), ('max_gradient_norm', 1.0), ('featureless', u'True'), ('test_freq', 1), ('temporal_head_config', u'16'), ('seed', 7), ('save_dir', 'output'), ('model', u'default'), ('neg_weight', 1.0)]
12/01/2022 21:34:12 - INFO: [('structural_head_config', u'16,8,8'), ('temporal_layer_config', u'128'), ('val_freq', 1), ('dataset', u'Enron_new'), ('epochs', 200), ('walk_len', 20), ('weight_decay', 0.0005), ('neg_sample_size', 10), ('temporal_drop', 0.5), ('GPU_ID', 0), ('use_residual', u'False'), ('structural_layer_config', u'128'), ('window', -1), ('base_model', u'TE_DyGE'), ('log_dir', 'log'), ('model_dir', 'model'), ('spatial_drop', 0.1), ('position_ffn', u'True'), ('optimizer', 'adam'), ('time_steps', 2), ('learning_rate', 0.001), ('csv_dir', 'csv'), ('batch_size', 512), ('max_gradient_norm', 1.0), ('featureless', u'True'), ('test_freq', 1), ('temporal_head_config', u'16'), ('seed', 7), ('save_dir', 'output'), ('model', u'default'), ('neg_weight', 1.0)]
12/01/2022 21:51:50 - INFO: [('structural_head_config', u'16,8,8'), ('temporal_layer_config', u'128'), ('val_freq', 1), ('dataset', u'Enron_new'), ('epochs', 200), ('walk_len', 20), ('weight_decay', 0.0005), ('neg_sample_size', 10), ('temporal_drop', 0.5), ('GPU_ID', 0), ('use_residual', u'False'), ('structural_layer_config', u'128'), ('window', -1), ('base_model', u'TE_DyGE'), ('log_dir', 'log'), ('model_dir', 'model'), ('spatial_drop', 0.1), ('position_ffn', u'True'), ('optimizer', 'adam'), ('time_steps', 2), ('learning_rate', 0.001), ('csv_dir', 'csv'), ('batch_size', 512), ('max_gradient_norm', 1.0), ('featureless', u'True'), ('test_freq', 1), ('temporal_head_config', u'16'), ('seed', 7), ('save_dir', 'output'), ('model', u'default'), ('neg_weight', 1.0)]
12/01/2022 22:10:29 - INFO: [('structural_head_config', u'16,8,8'), ('temporal_layer_config', u'128'), ('val_freq', 1), ('dataset', u'Enron_new'), ('epochs', 200), ('walk_len', 20), ('weight_decay', 0.0005), ('neg_sample_size', 10), ('temporal_drop', 0.5), ('GPU_ID', 0), ('use_residual', u'False'), ('structural_layer_config', u'128'), ('window', -1), ('base_model', u'TE_DyGE'), ('log_dir', 'log'), ('model_dir', 'model'), ('spatial_drop', 0.1), ('position_ffn', u'True'), ('optimizer', 'adam'), ('time_steps', 2), ('learning_rate', 0.001), ('csv_dir', 'csv'), ('batch_size', 512), ('max_gradient_norm', 1.0), ('featureless', u'True'), ('test_freq', 1), ('temporal_head_config', u'16'), ('seed', 7), ('save_dir', 'output'), ('model', u'default'), ('neg_weight', 1.0)]
12/01/2022 22:10:29 - INFO: # train: 4, # val: 3, # test: 10
12/01/2022 22:10:35 - WARNING: From /export/data/liane/anaconda3/envs/dysat/lib/python2.7/site-packages/tensorflow/python/ops/sparse_grad.py:281: calling sparse_reduce_sum (from tensorflow.python.ops.sparse_ops) with keep_dims is deprecated and will be removed in a future version.
Instructions for updating:
keep_dims is deprecated, use keepdims instead
