12/05/2022 00:32:00 - INFO: [('structural_head_config', u'16,8,8'), ('num_walks', 10), ('temporal_layer_config', u'128'), ('val_freq', 1), ('dataset', u'Enron_new'), ('epochs', 200), ('walk_len', 20), ('weight_decay', 0.0005), ('neg_sample_size', 10), ('temporal_drop', 0.5), ('GPU_ID', 0), ('use_residual', u'False'), ('structural_layer_config', u'128'), ('window', -1), ('base_model', u'TE_DyGE'), ('log_dir', 'log'), ('model_dir', 'model'), ('spatial_drop', 0.1), ('position_ffn', u'True'), ('optimizer', 'adam'), ('time_steps', 14), ('learning_rate', 0.001), ('csv_dir', 'csv'), ('batch_size', 512), ('max_gradient_norm', 1.0), ('featureless', u'True'), ('test_freq', 1), ('temporal_head_config', u'16'), ('seed', 7), ('save_dir', 'output'), ('model', u'default'), ('neg_weight', 1.0)]
12/05/2022 00:32:01 - INFO: # train: 26, # val: 25, # test: 76
12/05/2022 00:32:21 - WARNING: From /export/data/liane/anaconda3/envs/dysat/lib/python2.7/site-packages/tensorflow/python/ops/sparse_grad.py:281: calling sparse_reduce_sum (from tensorflow.python.ops.sparse_ops) with keep_dims is deprecated and will be removed in a future version.
Instructions for updating:
keep_dims is deprecated, use keepdims instead
12/05/2022 00:33:49 - INFO: Mini batch Iter: 0 train_loss= 22.07148
12/05/2022 00:33:49 - INFO: Mini batch Iter: 0 graph_loss= 21.99640
12/05/2022 00:33:49 - INFO: Mini batch Iter: 0 reg_loss= 0.07507
12/05/2022 00:33:49 - INFO: Time for Mini batch : 70.2652459145
12/05/2022 00:33:49 - INFO: Time for epoch : 70.2643120289
12/05/2022 00:34:05 - INFO: Val results at epoch 0: Measure (HAD) AUC: 0.6496
12/05/2022 00:34:05 - INFO: Test results at epoch 0: Measure (HAD) AUC: 0.586391966759
12/05/2022 00:34:07 - INFO: Mini batch Iter: 0 train_loss= 20.50797
12/05/2022 00:34:07 - INFO: Mini batch Iter: 0 graph_loss= 20.43296
12/05/2022 00:34:07 - INFO: Mini batch Iter: 0 reg_loss= 0.07501
12/05/2022 00:34:07 - INFO: Time for Mini batch : 2.17453694344
12/05/2022 00:34:07 - INFO: Time for epoch : 2.17355394363
12/05/2022 00:34:08 - INFO: Val results at epoch 1: Measure (HAD) AUC: 0.6608
12/05/2022 00:34:08 - INFO: Test results at epoch 1: Measure (HAD) AUC: 0.612361495845
12/05/2022 00:34:10 - INFO: Mini batch Iter: 0 train_loss= 19.53115
12/05/2022 00:34:10 - INFO: Mini batch Iter: 0 graph_loss= 19.45620
12/05/2022 00:34:10 - INFO: Mini batch Iter: 0 reg_loss= 0.07495
12/05/2022 00:34:10 - INFO: Time for Mini batch : 2.02107000351
12/05/2022 00:34:10 - INFO: Time for epoch : 2.02070784569
12/05/2022 00:34:10 - INFO: Val results at epoch 2: Measure (HAD) AUC: 0.6736
12/05/2022 00:34:10 - INFO: Test results at epoch 2: Measure (HAD) AUC: 0.631578947368
12/05/2022 00:34:13 - INFO: Mini batch Iter: 0 train_loss= 18.75470
12/05/2022 00:34:13 - INFO: Mini batch Iter: 0 graph_loss= 18.67980
12/05/2022 00:34:13 - INFO: Mini batch Iter: 0 reg_loss= 0.07491
12/05/2022 00:34:13 - INFO: Time for Mini batch : 2.05904889107
12/05/2022 00:34:13 - INFO: Time for epoch : 2.05843186378
12/05/2022 00:34:13 - INFO: Val results at epoch 3: Measure (HAD) AUC: 0.6992
12/05/2022 00:34:13 - INFO: Test results at epoch 3: Measure (HAD) AUC: 0.650103878116
12/05/2022 00:34:15 - INFO: Mini batch Iter: 0 train_loss= 18.40197
12/05/2022 00:34:15 - INFO: Mini batch Iter: 0 graph_loss= 18.32711
12/05/2022 00:34:15 - INFO: Mini batch Iter: 0 reg_loss= 0.07486
12/05/2022 00:34:15 - INFO: Time for Mini batch : 2.07084918022
12/05/2022 00:34:15 - INFO: Time for epoch : 2.07028698921
12/05/2022 00:34:16 - INFO: Val results at epoch 4: Measure (HAD) AUC: 0.7056
12/05/2022 00:34:16 - INFO: Test results at epoch 4: Measure (HAD) AUC: 0.666551246537
12/05/2022 00:34:18 - INFO: Mini batch Iter: 0 train_loss= 18.16989
12/05/2022 00:34:18 - INFO: Mini batch Iter: 0 graph_loss= 18.09506
12/05/2022 00:34:18 - INFO: Mini batch Iter: 0 reg_loss= 0.07483
12/05/2022 00:34:18 - INFO: Time for Mini batch : 2.06619811058
12/05/2022 00:34:18 - INFO: Time for epoch : 2.06581306458
12/05/2022 00:34:18 - INFO: Val results at epoch 5: Measure (HAD) AUC: 0.7024
12/05/2022 00:34:18 - INFO: Test results at epoch 5: Measure (HAD) AUC: 0.684556786704
12/05/2022 00:34:21 - INFO: Mini batch Iter: 0 train_loss= 17.96836
12/05/2022 00:34:21 - INFO: Mini batch Iter: 0 graph_loss= 17.89357
12/05/2022 00:34:21 - INFO: Mini batch Iter: 0 reg_loss= 0.07479
12/05/2022 00:34:21 - INFO: Time for Mini batch : 2.01904892921
12/05/2022 00:34:21 - INFO: Time for epoch : 2.01845097542
12/05/2022 00:34:21 - INFO: Val results at epoch 6: Measure (HAD) AUC: 0.7024
12/05/2022 00:34:21 - INFO: Test results at epoch 6: Measure (HAD) AUC: 0.700484764543
12/05/2022 00:34:23 - INFO: Mini batch Iter: 0 train_loss= 17.79773
12/05/2022 00:34:23 - INFO: Mini batch Iter: 0 graph_loss= 17.72296
12/05/2022 00:34:23 - INFO: Mini batch Iter: 0 reg_loss= 0.07477
12/05/2022 00:34:23 - INFO: Time for Mini batch : 2.03447508812
12/05/2022 00:34:23 - INFO: Time for epoch : 2.03383302689
12/05/2022 00:34:24 - INFO: Val results at epoch 7: Measure (HAD) AUC: 0.7056
12/05/2022 00:34:24 - INFO: Test results at epoch 7: Measure (HAD) AUC: 0.710353185596
12/05/2022 00:34:26 - INFO: Mini batch Iter: 0 train_loss= 17.70809
12/05/2022 00:34:26 - INFO: Mini batch Iter: 0 graph_loss= 17.63334
12/05/2022 00:34:26 - INFO: Mini batch Iter: 0 reg_loss= 0.07475
12/05/2022 00:34:26 - INFO: Time for Mini batch : 2.01637506485
12/05/2022 00:34:26 - INFO: Time for epoch : 2.016051054
12/05/2022 00:34:26 - INFO: Val results at epoch 8: Measure (HAD) AUC: 0.7072
12/05/2022 00:34:26 - INFO: Test results at epoch 8: Measure (HAD) AUC: 0.720221606648
12/05/2022 00:34:29 - INFO: Mini batch Iter: 0 train_loss= 17.63473
12/05/2022 00:34:29 - INFO: Mini batch Iter: 0 graph_loss= 17.56000
12/05/2022 00:34:29 - INFO: Mini batch Iter: 0 reg_loss= 0.07473
12/05/2022 00:34:29 - INFO: Time for Mini batch : 2.1196808815
12/05/2022 00:34:29 - INFO: Time for epoch : 2.11892986298
12/05/2022 00:34:29 - INFO: Val results at epoch 9: Measure (HAD) AUC: 0.7168
12/05/2022 00:34:29 - INFO: Test results at epoch 9: Measure (HAD) AUC: 0.721260387812
12/05/2022 00:34:31 - INFO: Mini batch Iter: 0 train_loss= 17.53767
12/05/2022 00:34:31 - INFO: Mini batch Iter: 0 graph_loss= 17.46294
12/05/2022 00:34:31 - INFO: Mini batch Iter: 0 reg_loss= 0.07473
12/05/2022 00:34:31 - INFO: Time for Mini batch : 2.04212403297
12/05/2022 00:34:31 - INFO: Time for epoch : 2.04173994064
12/05/2022 00:34:32 - INFO: Val results at epoch 10: Measure (HAD) AUC: 0.7216
12/05/2022 00:34:32 - INFO: Test results at epoch 10: Measure (HAD) AUC: 0.72870498615
12/05/2022 00:34:34 - INFO: Mini batch Iter: 0 train_loss= 17.43256
12/05/2022 00:34:34 - INFO: Mini batch Iter: 0 graph_loss= 17.35783
12/05/2022 00:34:34 - INFO: Mini batch Iter: 0 reg_loss= 0.07473
12/05/2022 00:34:34 - INFO: Time for Mini batch : 2.0722990036
12/05/2022 00:34:34 - INFO: Time for epoch : 2.07162213326
12/05/2022 00:34:34 - INFO: Val results at epoch 11: Measure (HAD) AUC: 0.7232
12/05/2022 00:34:34 - INFO: Test results at epoch 11: Measure (HAD) AUC: 0.734245152355
12/05/2022 00:34:36 - INFO: Mini batch Iter: 0 train_loss= 17.35523
12/05/2022 00:34:36 - INFO: Mini batch Iter: 0 graph_loss= 17.28049
12/05/2022 00:34:36 - INFO: Mini batch Iter: 0 reg_loss= 0.07473
12/05/2022 00:34:36 - INFO: Time for Mini batch : 2.06533908844
12/05/2022 00:34:36 - INFO: Time for epoch : 2.06499218941
12/05/2022 00:34:37 - INFO: Val results at epoch 12: Measure (HAD) AUC: 0.7248
12/05/2022 00:34:37 - INFO: Test results at epoch 12: Measure (HAD) AUC: 0.7358033241
12/05/2022 00:34:39 - INFO: Mini batch Iter: 0 train_loss= 17.31963
12/05/2022 00:34:39 - INFO: Mini batch Iter: 0 graph_loss= 17.24488
12/05/2022 00:34:39 - INFO: Mini batch Iter: 0 reg_loss= 0.07475
12/05/2022 00:34:39 - INFO: Time for Mini batch : 2.0617210865
12/05/2022 00:34:39 - INFO: Time for epoch : 2.06093811989
12/05/2022 00:34:40 - INFO: Val results at epoch 13: Measure (HAD) AUC: 0.728
12/05/2022 00:34:40 - INFO: Test results at epoch 13: Measure (HAD) AUC: 0.743074792244
12/05/2022 00:34:42 - INFO: Mini batch Iter: 0 train_loss= 17.26306
12/05/2022 00:34:42 - INFO: Mini batch Iter: 0 graph_loss= 17.18829
12/05/2022 00:34:42 - INFO: Mini batch Iter: 0 reg_loss= 0.07477
12/05/2022 00:34:42 - INFO: Time for Mini batch : 2.07326388359
12/05/2022 00:34:42 - INFO: Time for epoch : 2.07294082642
12/05/2022 00:34:42 - INFO: Val results at epoch 14: Measure (HAD) AUC: 0.728
12/05/2022 00:34:42 - INFO: Test results at epoch 14: Measure (HAD) AUC: 0.744286703601
12/05/2022 00:34:44 - INFO: Mini batch Iter: 0 train_loss= 17.18428
12/05/2022 00:34:44 - INFO: Mini batch Iter: 0 graph_loss= 17.10948
12/05/2022 00:34:44 - INFO: Mini batch Iter: 0 reg_loss= 0.07480
12/05/2022 00:34:44 - INFO: Time for Mini batch : 2.00082612038
12/05/2022 00:34:44 - INFO: Time for epoch : 2.00018811226
12/05/2022 00:34:45 - INFO: Val results at epoch 15: Measure (HAD) AUC: 0.7296
12/05/2022 00:34:45 - INFO: Test results at epoch 15: Measure (HAD) AUC: 0.747922437673
12/05/2022 00:34:47 - INFO: Mini batch Iter: 0 train_loss= 17.15785
12/05/2022 00:34:47 - INFO: Mini batch Iter: 0 graph_loss= 17.08302
12/05/2022 00:34:47 - INFO: Mini batch Iter: 0 reg_loss= 0.07483
12/05/2022 00:34:47 - INFO: Time for Mini batch : 2.09517812729
12/05/2022 00:34:47 - INFO: Time for epoch : 2.09485697746
12/05/2022 00:34:47 - INFO: Val results at epoch 16: Measure (HAD) AUC: 0.7312
12/05/2022 00:34:47 - INFO: Test results at epoch 16: Measure (HAD) AUC: 0.75
12/05/2022 00:34:50 - INFO: Mini batch Iter: 0 train_loss= 17.05637
12/05/2022 00:34:50 - INFO: Mini batch Iter: 0 graph_loss= 16.98149
12/05/2022 00:34:50 - INFO: Mini batch Iter: 0 reg_loss= 0.07488
12/05/2022 00:34:50 - INFO: Time for Mini batch : 2.04574108124
12/05/2022 00:34:50 - INFO: Time for epoch : 2.04482197762
12/05/2022 00:34:50 - INFO: Val results at epoch 17: Measure (HAD) AUC: 0.7296
12/05/2022 00:34:50 - INFO: Test results at epoch 17: Measure (HAD) AUC: 0.753462603878
12/05/2022 00:34:52 - INFO: Mini batch Iter: 0 train_loss= 16.94553
12/05/2022 00:34:52 - INFO: Mini batch Iter: 0 graph_loss= 16.87060
12/05/2022 00:34:52 - INFO: Mini batch Iter: 0 reg_loss= 0.07493
12/05/2022 00:34:52 - INFO: Time for Mini batch : 2.01729011536
12/05/2022 00:34:52 - INFO: Time for epoch : 2.01690101624
12/05/2022 00:34:53 - INFO: Val results at epoch 18: Measure (HAD) AUC: 0.7344
12/05/2022 00:34:53 - INFO: Test results at epoch 18: Measure (HAD) AUC: 0.754847645429
12/05/2022 00:34:55 - INFO: Mini batch Iter: 0 train_loss= 16.89615
12/05/2022 00:34:55 - INFO: Mini batch Iter: 0 graph_loss= 16.82116
12/05/2022 00:34:55 - INFO: Mini batch Iter: 0 reg_loss= 0.07498
12/05/2022 00:34:55 - INFO: Time for Mini batch : 2.03631305695
12/05/2022 00:34:55 - INFO: Time for epoch : 2.03556919098
12/05/2022 00:34:55 - INFO: Val results at epoch 19: Measure (HAD) AUC: 0.736
12/05/2022 00:34:55 - INFO: Test results at epoch 19: Measure (HAD) AUC: 0.75709833795
12/05/2022 00:34:57 - INFO: Mini batch Iter: 0 train_loss= 16.74133
12/05/2022 00:34:57 - INFO: Mini batch Iter: 0 graph_loss= 16.66628
12/05/2022 00:34:57 - INFO: Mini batch Iter: 0 reg_loss= 0.07505
12/05/2022 00:34:57 - INFO: Time for Mini batch : 2.05150103569
12/05/2022 00:34:57 - INFO: Time for epoch : 2.05117917061
12/05/2022 00:34:58 - INFO: Val results at epoch 20: Measure (HAD) AUC: 0.7376
12/05/2022 00:34:58 - INFO: Test results at epoch 20: Measure (HAD) AUC: 0.758310249307
12/05/2022 00:35:00 - INFO: Mini batch Iter: 0 train_loss= 16.69776
12/05/2022 00:35:00 - INFO: Mini batch Iter: 0 graph_loss= 16.62264
12/05/2022 00:35:00 - INFO: Mini batch Iter: 0 reg_loss= 0.07512
12/05/2022 00:35:00 - INFO: Time for Mini batch : 2.12899017334
12/05/2022 00:35:00 - INFO: Time for epoch : 2.12799620628
12/05/2022 00:35:00 - INFO: Val results at epoch 21: Measure (HAD) AUC: 0.744
12/05/2022 00:35:00 - INFO: Test results at epoch 21: Measure (HAD) AUC: 0.756752077562
12/05/2022 00:35:03 - INFO: Mini batch Iter: 0 train_loss= 16.69724
12/05/2022 00:35:03 - INFO: Mini batch Iter: 0 graph_loss= 16.62205
12/05/2022 00:35:03 - INFO: Mini batch Iter: 0 reg_loss= 0.07520
12/05/2022 00:35:03 - INFO: Time for Mini batch : 2.00465393066
12/05/2022 00:35:03 - INFO: Time for epoch : 2.00435185432
12/05/2022 00:35:03 - INFO: Val results at epoch 22: Measure (HAD) AUC: 0.7472
12/05/2022 00:35:03 - INFO: Test results at epoch 22: Measure (HAD) AUC: 0.758310249307
12/05/2022 00:35:05 - INFO: Mini batch Iter: 0 train_loss= 16.54014
12/05/2022 00:35:05 - INFO: Mini batch Iter: 0 graph_loss= 16.46486
12/05/2022 00:35:05 - INFO: Mini batch Iter: 0 reg_loss= 0.07528
12/05/2022 00:35:05 - INFO: Time for Mini batch : 2.02335000038
12/05/2022 00:35:05 - INFO: Time for epoch : 2.02303981781
12/05/2022 00:35:06 - INFO: Val results at epoch 23: Measure (HAD) AUC: 0.7488
12/05/2022 00:35:06 - INFO: Test results at epoch 23: Measure (HAD) AUC: 0.76108033241
12/05/2022 00:35:08 - INFO: Mini batch Iter: 0 train_loss= 16.64996
12/05/2022 00:35:08 - INFO: Mini batch Iter: 0 graph_loss= 16.57460
12/05/2022 00:35:08 - INFO: Mini batch Iter: 0 reg_loss= 0.07537
12/05/2022 00:35:08 - INFO: Time for Mini batch : 2.10507893562
12/05/2022 00:35:08 - INFO: Time for epoch : 2.10474991798
12/05/2022 00:35:08 - INFO: Val results at epoch 24: Measure (HAD) AUC: 0.7552
12/05/2022 00:35:08 - INFO: Test results at epoch 24: Measure (HAD) AUC: 0.76506232687
12/05/2022 00:35:10 - INFO: Mini batch Iter: 0 train_loss= 16.43892
12/05/2022 00:35:10 - INFO: Mini batch Iter: 0 graph_loss= 16.36346
12/05/2022 00:35:10 - INFO: Mini batch Iter: 0 reg_loss= 0.07546
12/05/2022 00:35:10 - INFO: Time for Mini batch : 2.09402799606
12/05/2022 00:35:10 - INFO: Time for epoch : 2.09372019768
12/05/2022 00:35:11 - INFO: Val results at epoch 25: Measure (HAD) AUC: 0.76
12/05/2022 00:35:11 - INFO: Test results at epoch 25: Measure (HAD) AUC: 0.77129501385
12/05/2022 00:35:13 - INFO: Mini batch Iter: 0 train_loss= 16.54291
12/05/2022 00:35:13 - INFO: Mini batch Iter: 0 graph_loss= 16.46735
12/05/2022 00:35:13 - INFO: Mini batch Iter: 0 reg_loss= 0.07556
12/05/2022 00:35:13 - INFO: Time for Mini batch : 2.05994200706
12/05/2022 00:35:13 - INFO: Time for epoch : 2.05959296227
12/05/2022 00:35:14 - INFO: Val results at epoch 26: Measure (HAD) AUC: 0.7616
12/05/2022 00:35:14 - INFO: Test results at epoch 26: Measure (HAD) AUC: 0.774930747922
12/05/2022 00:35:16 - INFO: Mini batch Iter: 0 train_loss= 16.43025
12/05/2022 00:35:16 - INFO: Mini batch Iter: 0 graph_loss= 16.35460
12/05/2022 00:35:16 - INFO: Mini batch Iter: 0 reg_loss= 0.07566
12/05/2022 00:35:16 - INFO: Time for Mini batch : 2.11117386818
12/05/2022 00:35:16 - INFO: Time for epoch : 2.11062383652
12/05/2022 00:35:16 - INFO: Val results at epoch 27: Measure (HAD) AUC: 0.7728
12/05/2022 00:35:16 - INFO: Test results at epoch 27: Measure (HAD) AUC: 0.780817174515
12/05/2022 00:35:18 - INFO: Mini batch Iter: 0 train_loss= 16.19292
12/05/2022 00:35:18 - INFO: Mini batch Iter: 0 graph_loss= 16.11716
12/05/2022 00:35:18 - INFO: Mini batch Iter: 0 reg_loss= 0.07576
12/05/2022 00:35:18 - INFO: Time for Mini batch : 2.04445099831
12/05/2022 00:35:18 - INFO: Time for epoch : 2.04378080368
12/05/2022 00:35:19 - INFO: Val results at epoch 28: Measure (HAD) AUC: 0.7824
12/05/2022 00:35:19 - INFO: Test results at epoch 28: Measure (HAD) AUC: 0.783587257618
12/05/2022 00:35:21 - INFO: Mini batch Iter: 0 train_loss= 16.12652
12/05/2022 00:35:21 - INFO: Mini batch Iter: 0 graph_loss= 16.05065
12/05/2022 00:35:21 - INFO: Mini batch Iter: 0 reg_loss= 0.07587
12/05/2022 00:35:21 - INFO: Time for Mini batch : 2.04043102264
12/05/2022 00:35:21 - INFO: Time for epoch : 2.04009985924
12/05/2022 00:35:21 - INFO: Val results at epoch 29: Measure (HAD) AUC: 0.7792
12/05/2022 00:35:21 - INFO: Test results at epoch 29: Measure (HAD) AUC: 0.785491689751
12/05/2022 00:35:24 - INFO: Mini batch Iter: 0 train_loss= 16.07853
12/05/2022 00:35:24 - INFO: Mini batch Iter: 0 graph_loss= 16.00255
12/05/2022 00:35:24 - INFO: Mini batch Iter: 0 reg_loss= 0.07598
12/05/2022 00:35:24 - INFO: Time for Mini batch : 2.03714609146
12/05/2022 00:35:24 - INFO: Time for epoch : 2.03648614883
12/05/2022 00:35:24 - INFO: Val results at epoch 30: Measure (HAD) AUC: 0.7744
12/05/2022 00:35:24 - INFO: Test results at epoch 30: Measure (HAD) AUC: 0.787742382271
12/05/2022 00:35:26 - INFO: Mini batch Iter: 0 train_loss= 16.14433
12/05/2022 00:35:26 - INFO: Mini batch Iter: 0 graph_loss= 16.06822
12/05/2022 00:35:26 - INFO: Mini batch Iter: 0 reg_loss= 0.07611
12/05/2022 00:35:26 - INFO: Time for Mini batch : 2.05553197861
12/05/2022 00:35:26 - INFO: Time for epoch : 2.0552251339
12/05/2022 00:35:27 - INFO: Val results at epoch 31: Measure (HAD) AUC: 0.7712
12/05/2022 00:35:27 - INFO: Test results at epoch 31: Measure (HAD) AUC: 0.787915512465
12/05/2022 00:35:29 - INFO: Mini batch Iter: 0 train_loss= 15.92274
12/05/2022 00:35:29 - INFO: Mini batch Iter: 0 graph_loss= 15.84650
12/05/2022 00:35:29 - INFO: Mini batch Iter: 0 reg_loss= 0.07623
12/05/2022 00:35:29 - INFO: Time for Mini batch : 2.13136005402
12/05/2022 00:35:29 - INFO: Time for epoch : 2.1306040287
12/05/2022 00:35:29 - INFO: Val results at epoch 32: Measure (HAD) AUC: 0.7728
12/05/2022 00:35:29 - INFO: Test results at epoch 32: Measure (HAD) AUC: 0.787569252078
12/05/2022 00:35:32 - INFO: Mini batch Iter: 0 train_loss= 16.12998
12/05/2022 00:35:32 - INFO: Mini batch Iter: 0 graph_loss= 16.05362
12/05/2022 00:35:32 - INFO: Mini batch Iter: 0 reg_loss= 0.07636
12/05/2022 00:35:32 - INFO: Time for Mini batch : 2.11417484283
12/05/2022 00:35:32 - INFO: Time for epoch : 2.11386299133
12/05/2022 00:35:32 - INFO: Val results at epoch 33: Measure (HAD) AUC: 0.7776
12/05/2022 00:35:32 - INFO: Test results at epoch 33: Measure (HAD) AUC: 0.788781163435
12/05/2022 00:35:34 - INFO: Mini batch Iter: 0 train_loss= 15.89273
12/05/2022 00:35:34 - INFO: Mini batch Iter: 0 graph_loss= 15.81624
12/05/2022 00:35:34 - INFO: Mini batch Iter: 0 reg_loss= 0.07650
12/05/2022 00:35:34 - INFO: Time for Mini batch : 2.05193901062
12/05/2022 00:35:34 - INFO: Time for epoch : 2.05126881599
12/05/2022 00:35:35 - INFO: Val results at epoch 34: Measure (HAD) AUC: 0.7808
12/05/2022 00:35:35 - INFO: Test results at epoch 34: Measure (HAD) AUC: 0.789646814404
12/05/2022 00:35:37 - INFO: Mini batch Iter: 0 train_loss= 15.98057
12/05/2022 00:35:37 - INFO: Mini batch Iter: 0 graph_loss= 15.90393
12/05/2022 00:35:37 - INFO: Mini batch Iter: 0 reg_loss= 0.07663
12/05/2022 00:35:37 - INFO: Time for Mini batch : 2.17152094841
12/05/2022 00:35:37 - INFO: Time for epoch : 2.17121386528
12/05/2022 00:35:37 - INFO: Val results at epoch 35: Measure (HAD) AUC: 0.7872
12/05/2022 00:35:37 - INFO: Test results at epoch 35: Measure (HAD) AUC: 0.792416897507
12/05/2022 00:35:39 - INFO: Mini batch Iter: 0 train_loss= 15.76573
12/05/2022 00:35:39 - INFO: Mini batch Iter: 0 graph_loss= 15.68896
12/05/2022 00:35:39 - INFO: Mini batch Iter: 0 reg_loss= 0.07677
12/05/2022 00:35:39 - INFO: Time for Mini batch : 2.06886792183
12/05/2022 00:35:39 - INFO: Time for epoch : 2.06815290451
12/05/2022 00:35:40 - INFO: Val results at epoch 36: Measure (HAD) AUC: 0.7904
12/05/2022 00:35:40 - INFO: Test results at epoch 36: Measure (HAD) AUC: 0.795533240997
12/05/2022 00:35:42 - INFO: Mini batch Iter: 0 train_loss= 15.69267
12/05/2022 00:35:42 - INFO: Mini batch Iter: 0 graph_loss= 15.61576
12/05/2022 00:35:42 - INFO: Mini batch Iter: 0 reg_loss= 0.07692
12/05/2022 00:35:42 - INFO: Time for Mini batch : 2.08203291893
12/05/2022 00:35:42 - INFO: Time for epoch : 2.08170390129
12/05/2022 00:35:43 - INFO: Val results at epoch 37: Measure (HAD) AUC: 0.7952
12/05/2022 00:35:43 - INFO: Test results at epoch 37: Measure (HAD) AUC: 0.799861495845
12/05/2022 00:35:45 - INFO: Mini batch Iter: 0 train_loss= 15.88256
12/05/2022 00:35:45 - INFO: Mini batch Iter: 0 graph_loss= 15.80550
12/05/2022 00:35:45 - INFO: Mini batch Iter: 0 reg_loss= 0.07706
12/05/2022 00:35:45 - INFO: Time for Mini batch : 1.97665286064
12/05/2022 00:35:45 - INFO: Time for epoch : 1.97575283051
12/05/2022 00:35:45 - INFO: Val results at epoch 38: Measure (HAD) AUC: 0.7952
12/05/2022 00:35:45 - INFO: Test results at epoch 38: Measure (HAD) AUC: 0.80228531856
12/05/2022 00:35:47 - INFO: Mini batch Iter: 0 train_loss= 15.58969
12/05/2022 00:35:47 - INFO: Mini batch Iter: 0 graph_loss= 15.51248
12/05/2022 00:35:47 - INFO: Mini batch Iter: 0 reg_loss= 0.07720
12/05/2022 00:35:47 - INFO: Time for Mini batch : 2.00463104248
12/05/2022 00:35:47 - INFO: Time for epoch : 2.00430488586
12/05/2022 00:35:48 - INFO: Val results at epoch 39: Measure (HAD) AUC: 0.792
12/05/2022 00:35:48 - INFO: Test results at epoch 39: Measure (HAD) AUC: 0.802631578947
12/05/2022 00:35:50 - INFO: Mini batch Iter: 0 train_loss= 15.50781
12/05/2022 00:35:50 - INFO: Mini batch Iter: 0 graph_loss= 15.43045
12/05/2022 00:35:50 - INFO: Mini batch Iter: 0 reg_loss= 0.07735
12/05/2022 00:35:50 - INFO: Time for Mini batch : 2.0678498745
12/05/2022 00:35:50 - INFO: Time for epoch : 2.06713104248
12/05/2022 00:35:50 - INFO: Val results at epoch 40: Measure (HAD) AUC: 0.7968
12/05/2022 00:35:50 - INFO: Test results at epoch 40: Measure (HAD) AUC: 0.805574792244
12/05/2022 00:35:53 - INFO: Mini batch Iter: 0 train_loss= 15.65259
12/05/2022 00:35:53 - INFO: Mini batch Iter: 0 graph_loss= 15.57509
12/05/2022 00:35:53 - INFO: Mini batch Iter: 0 reg_loss= 0.07751
12/05/2022 00:35:53 - INFO: Time for Mini batch : 2.07675004005
12/05/2022 00:35:53 - INFO: Time for epoch : 2.07644319534
12/05/2022 00:35:53 - INFO: Val results at epoch 41: Measure (HAD) AUC: 0.7984
12/05/2022 00:35:53 - INFO: Test results at epoch 41: Measure (HAD) AUC: 0.807998614958
12/05/2022 00:35:55 - INFO: Mini batch Iter: 0 train_loss= 15.46107
12/05/2022 00:35:55 - INFO: Mini batch Iter: 0 graph_loss= 15.38342
12/05/2022 00:35:55 - INFO: Mini batch Iter: 0 reg_loss= 0.07766
12/05/2022 00:35:55 - INFO: Time for Mini batch : 2.02762699127
12/05/2022 00:35:55 - INFO: Time for epoch : 2.02694392204
12/05/2022 00:35:55 - INFO: Val results at epoch 42: Measure (HAD) AUC: 0.7952
12/05/2022 00:35:55 - INFO: Test results at epoch 42: Measure (HAD) AUC: 0.810595567867
12/05/2022 00:35:58 - INFO: Mini batch Iter: 0 train_loss= 15.46931
12/05/2022 00:35:58 - INFO: Mini batch Iter: 0 graph_loss= 15.39150
12/05/2022 00:35:58 - INFO: Mini batch Iter: 0 reg_loss= 0.07781
12/05/2022 00:35:58 - INFO: Time for Mini batch : 2.07999515533
12/05/2022 00:35:58 - INFO: Time for epoch : 2.07968592644
12/05/2022 00:35:58 - INFO: Val results at epoch 43: Measure (HAD) AUC: 0.7904
12/05/2022 00:35:58 - INFO: Test results at epoch 43: Measure (HAD) AUC: 0.813885041551
12/05/2022 00:36:00 - INFO: Mini batch Iter: 0 train_loss= 15.46516
12/05/2022 00:36:00 - INFO: Mini batch Iter: 0 graph_loss= 15.38720
12/05/2022 00:36:00 - INFO: Mini batch Iter: 0 reg_loss= 0.07796
12/05/2022 00:36:00 - INFO: Time for Mini batch : 2.04762506485
12/05/2022 00:36:00 - INFO: Time for epoch : 2.04730892181
12/05/2022 00:36:01 - INFO: Val results at epoch 44: Measure (HAD) AUC: 0.8016
12/05/2022 00:36:01 - INFO: Test results at epoch 44: Measure (HAD) AUC: 0.818213296399
12/05/2022 00:36:03 - INFO: Mini batch Iter: 0 train_loss= 15.21403
12/05/2022 00:36:03 - INFO: Mini batch Iter: 0 graph_loss= 15.13591
12/05/2022 00:36:03 - INFO: Mini batch Iter: 0 reg_loss= 0.07811
12/05/2022 00:36:03 - INFO: Time for Mini batch : 2.07355284691
12/05/2022 00:36:03 - INFO: Time for epoch : 2.07323789597
12/05/2022 00:36:03 - INFO: Val results at epoch 45: Measure (HAD) AUC: 0.8
12/05/2022 00:36:03 - INFO: Test results at epoch 45: Measure (HAD) AUC: 0.821675900277
12/05/2022 00:36:05 - INFO: Mini batch Iter: 0 train_loss= 15.27325
12/05/2022 00:36:05 - INFO: Mini batch Iter: 0 graph_loss= 15.19498
12/05/2022 00:36:05 - INFO: Mini batch Iter: 0 reg_loss= 0.07827
12/05/2022 00:36:05 - INFO: Time for Mini batch : 1.9011888504
12/05/2022 00:36:05 - INFO: Time for epoch : 1.90088391304
12/05/2022 00:36:06 - INFO: Val results at epoch 46: Measure (HAD) AUC: 0.8016
12/05/2022 00:36:06 - INFO: Test results at epoch 46: Measure (HAD) AUC: 0.827042936288
12/05/2022 00:36:08 - INFO: Mini batch Iter: 0 train_loss= 15.29776
12/05/2022 00:36:08 - INFO: Mini batch Iter: 0 graph_loss= 15.21934
12/05/2022 00:36:08 - INFO: Mini batch Iter: 0 reg_loss= 0.07843
12/05/2022 00:36:08 - INFO: Time for Mini batch : 2.05269193649
12/05/2022 00:36:08 - INFO: Time for epoch : 2.05236911774
12/05/2022 00:36:08 - INFO: Val results at epoch 47: Measure (HAD) AUC: 0.8048
12/05/2022 00:36:09 - INFO: Test results at epoch 47: Measure (HAD) AUC: 0.833102493075
12/05/2022 00:36:11 - INFO: Mini batch Iter: 0 train_loss= 15.10427
12/05/2022 00:36:11 - INFO: Mini batch Iter: 0 graph_loss= 15.02569
12/05/2022 00:36:11 - INFO: Mini batch Iter: 0 reg_loss= 0.07858
12/05/2022 00:36:11 - INFO: Time for Mini batch : 2.06176304817
12/05/2022 00:36:11 - INFO: Time for epoch : 2.06144618988
12/05/2022 00:36:11 - INFO: Val results at epoch 48: Measure (HAD) AUC: 0.8064
12/05/2022 00:36:11 - INFO: Test results at epoch 48: Measure (HAD) AUC: 0.840547091413
12/05/2022 00:36:13 - INFO: Mini batch Iter: 0 train_loss= 15.09187
12/05/2022 00:36:13 - INFO: Mini batch Iter: 0 graph_loss= 15.01313
12/05/2022 00:36:13 - INFO: Mini batch Iter: 0 reg_loss= 0.07874
12/05/2022 00:36:13 - INFO: Time for Mini batch : 2.08949780464
12/05/2022 00:36:13 - INFO: Time for epoch : 2.08885288239
12/05/2022 00:36:14 - INFO: Val results at epoch 49: Measure (HAD) AUC: 0.808
12/05/2022 00:36:14 - INFO: Test results at epoch 49: Measure (HAD) AUC: 0.846260387812
12/05/2022 00:36:16 - INFO: Mini batch Iter: 0 train_loss= 14.97951
12/05/2022 00:36:16 - INFO: Mini batch Iter: 0 graph_loss= 14.90062
12/05/2022 00:36:16 - INFO: Mini batch Iter: 0 reg_loss= 0.07890
12/05/2022 00:36:16 - INFO: Time for Mini batch : 1.99286103249
12/05/2022 00:36:16 - INFO: Time for epoch : 1.99253082275
12/05/2022 00:36:16 - INFO: Val results at epoch 50: Measure (HAD) AUC: 0.8096
12/05/2022 00:36:16 - INFO: Test results at epoch 50: Measure (HAD) AUC: 0.851973684211
12/05/2022 00:36:18 - INFO: Mini batch Iter: 0 train_loss= 15.01024
12/05/2022 00:36:18 - INFO: Mini batch Iter: 0 graph_loss= 14.93118
12/05/2022 00:36:18 - INFO: Mini batch Iter: 0 reg_loss= 0.07906
12/05/2022 00:36:18 - INFO: Time for Mini batch : 2.03249502182
12/05/2022 00:36:18 - INFO: Time for epoch : 2.03161692619
12/05/2022 00:36:19 - INFO: Val results at epoch 51: Measure (HAD) AUC: 0.8128
12/05/2022 00:36:19 - INFO: Test results at epoch 51: Measure (HAD) AUC: 0.858898891967
12/05/2022 00:36:21 - INFO: Mini batch Iter: 0 train_loss= 14.86453
12/05/2022 00:36:21 - INFO: Mini batch Iter: 0 graph_loss= 14.78531
12/05/2022 00:36:21 - INFO: Mini batch Iter: 0 reg_loss= 0.07922
12/05/2022 00:36:21 - INFO: Time for Mini batch : 2.00817990303
12/05/2022 00:36:21 - INFO: Time for epoch : 2.00776600838
12/05/2022 00:36:21 - INFO: Val results at epoch 52: Measure (HAD) AUC: 0.8128
12/05/2022 00:36:21 - INFO: Test results at epoch 52: Measure (HAD) AUC: 0.865131578947
12/05/2022 00:36:24 - INFO: Mini batch Iter: 0 train_loss= 14.98552
12/05/2022 00:36:24 - INFO: Mini batch Iter: 0 graph_loss= 14.90613
12/05/2022 00:36:24 - INFO: Mini batch Iter: 0 reg_loss= 0.07939
12/05/2022 00:36:24 - INFO: Time for Mini batch : 2.00608801842
12/05/2022 00:36:24 - INFO: Time for epoch : 2.00539898872
12/05/2022 00:36:24 - INFO: Val results at epoch 53: Measure (HAD) AUC: 0.8176
12/05/2022 00:36:24 - INFO: Test results at epoch 53: Measure (HAD) AUC: 0.868767313019
12/05/2022 00:36:26 - INFO: Mini batch Iter: 0 train_loss= 15.12269
12/05/2022 00:36:26 - INFO: Mini batch Iter: 0 graph_loss= 15.04314
12/05/2022 00:36:26 - INFO: Mini batch Iter: 0 reg_loss= 0.07955
12/05/2022 00:36:26 - INFO: Time for Mini batch : 2.07202792168
12/05/2022 00:36:26 - INFO: Time for epoch : 2.07172083855
12/05/2022 00:36:27 - INFO: Val results at epoch 54: Measure (HAD) AUC: 0.8208
12/05/2022 00:36:27 - INFO: Test results at epoch 54: Measure (HAD) AUC: 0.872229916898
12/05/2022 00:36:29 - INFO: Mini batch Iter: 0 train_loss= 14.83500
12/05/2022 00:36:29 - INFO: Mini batch Iter: 0 graph_loss= 14.75529
12/05/2022 00:36:29 - INFO: Mini batch Iter: 0 reg_loss= 0.07971
12/05/2022 00:36:29 - INFO: Time for Mini batch : 2.07683801651
12/05/2022 00:36:29 - INFO: Time for epoch : 2.07612013817
12/05/2022 00:36:29 - INFO: Val results at epoch 55: Measure (HAD) AUC: 0.8176
12/05/2022 00:36:29 - INFO: Test results at epoch 55: Measure (HAD) AUC: 0.873614958449
12/05/2022 00:36:31 - INFO: Mini batch Iter: 0 train_loss= 14.84792
12/05/2022 00:36:31 - INFO: Mini batch Iter: 0 graph_loss= 14.76805
12/05/2022 00:36:31 - INFO: Mini batch Iter: 0 reg_loss= 0.07986
12/05/2022 00:36:31 - INFO: Time for Mini batch : 1.96907091141
12/05/2022 00:36:31 - INFO: Time for epoch : 1.96875691414
12/05/2022 00:36:32 - INFO: Val results at epoch 56: Measure (HAD) AUC: 0.824
12/05/2022 00:36:32 - INFO: Test results at epoch 56: Measure (HAD) AUC: 0.873961218837
12/05/2022 00:36:34 - INFO: Mini batch Iter: 0 train_loss= 14.86728
12/05/2022 00:36:34 - INFO: Mini batch Iter: 0 graph_loss= 14.78727
12/05/2022 00:36:34 - INFO: Mini batch Iter: 0 reg_loss= 0.08001
12/05/2022 00:36:34 - INFO: Time for Mini batch : 2.05644202232
12/05/2022 00:36:34 - INFO: Time for epoch : 2.055727005
12/05/2022 00:36:34 - INFO: Val results at epoch 57: Measure (HAD) AUC: 0.8272
12/05/2022 00:36:34 - INFO: Test results at epoch 57: Measure (HAD) AUC: 0.875519390582
12/05/2022 00:36:37 - INFO: Mini batch Iter: 0 train_loss= 14.76814
12/05/2022 00:36:37 - INFO: Mini batch Iter: 0 graph_loss= 14.68798
12/05/2022 00:36:37 - INFO: Mini batch Iter: 0 reg_loss= 0.08016
12/05/2022 00:36:37 - INFO: Time for Mini batch : 2.08722686768
12/05/2022 00:36:37 - INFO: Time for epoch : 2.08691883087
12/05/2022 00:36:37 - INFO: Val results at epoch 58: Measure (HAD) AUC: 0.8256
12/05/2022 00:36:37 - INFO: Test results at epoch 58: Measure (HAD) AUC: 0.876904432133
12/05/2022 00:36:39 - INFO: Mini batch Iter: 0 train_loss= 14.90261
12/05/2022 00:36:39 - INFO: Mini batch Iter: 0 graph_loss= 14.82231
12/05/2022 00:36:39 - INFO: Mini batch Iter: 0 reg_loss= 0.08030
12/05/2022 00:36:39 - INFO: Time for Mini batch : 2.03906011581
12/05/2022 00:36:39 - INFO: Time for epoch : 2.03836512566
12/05/2022 00:36:40 - INFO: Val results at epoch 59: Measure (HAD) AUC: 0.8224
12/05/2022 00:36:40 - INFO: Test results at epoch 59: Measure (HAD) AUC: 0.87811634349
12/05/2022 00:36:42 - INFO: Mini batch Iter: 0 train_loss= 14.89241
12/05/2022 00:36:42 - INFO: Mini batch Iter: 0 graph_loss= 14.81196
12/05/2022 00:36:42 - INFO: Mini batch Iter: 0 reg_loss= 0.08044
12/05/2022 00:36:42 - INFO: Time for Mini batch : 2.05670499802
12/05/2022 00:36:42 - INFO: Time for epoch : 2.05639910698
12/05/2022 00:36:42 - INFO: Val results at epoch 60: Measure (HAD) AUC: 0.8304
12/05/2022 00:36:42 - INFO: Test results at epoch 60: Measure (HAD) AUC: 0.880540166205
12/05/2022 00:36:45 - INFO: Mini batch Iter: 0 train_loss= 14.92942
12/05/2022 00:36:45 - INFO: Mini batch Iter: 0 graph_loss= 14.84884
12/05/2022 00:36:45 - INFO: Mini batch Iter: 0 reg_loss= 0.08059
12/05/2022 00:36:45 - INFO: Time for Mini batch : 2.03979921341
12/05/2022 00:36:45 - INFO: Time for epoch : 2.03912901878
12/05/2022 00:36:45 - INFO: Val results at epoch 61: Measure (HAD) AUC: 0.8336
12/05/2022 00:36:45 - INFO: Test results at epoch 61: Measure (HAD) AUC: 0.882271468144
12/05/2022 00:36:47 - INFO: Mini batch Iter: 0 train_loss= 14.81388
12/05/2022 00:36:47 - INFO: Mini batch Iter: 0 graph_loss= 14.73316
12/05/2022 00:36:47 - INFO: Mini batch Iter: 0 reg_loss= 0.08072
12/05/2022 00:36:47 - INFO: Time for Mini batch : 1.97540402412
12/05/2022 00:36:47 - INFO: Time for epoch : 1.97506403923
12/05/2022 00:36:48 - INFO: Val results at epoch 62: Measure (HAD) AUC: 0.8256
12/05/2022 00:36:48 - INFO: Test results at epoch 62: Measure (HAD) AUC: 0.886253462604
12/05/2022 00:36:50 - INFO: Mini batch Iter: 0 train_loss= 14.80234
12/05/2022 00:36:50 - INFO: Mini batch Iter: 0 graph_loss= 14.72149
12/05/2022 00:36:50 - INFO: Mini batch Iter: 0 reg_loss= 0.08086
12/05/2022 00:36:50 - INFO: Time for Mini batch : 2.03117108345
12/05/2022 00:36:50 - INFO: Time for epoch : 2.0304980278
12/05/2022 00:36:50 - INFO: Val results at epoch 63: Measure (HAD) AUC: 0.8208
12/05/2022 00:36:50 - INFO: Test results at epoch 63: Measure (HAD) AUC: 0.889542936288
12/05/2022 00:36:52 - INFO: Mini batch Iter: 0 train_loss= 14.72165
12/05/2022 00:36:52 - INFO: Mini batch Iter: 0 graph_loss= 14.64065
12/05/2022 00:36:52 - INFO: Mini batch Iter: 0 reg_loss= 0.08099
12/05/2022 00:36:52 - INFO: Time for Mini batch : 2.06402301788
12/05/2022 00:36:52 - INFO: Time for epoch : 2.06370186806
12/05/2022 00:36:53 - INFO: Val results at epoch 64: Measure (HAD) AUC: 0.8192
12/05/2022 00:36:53 - INFO: Test results at epoch 64: Measure (HAD) AUC: 0.889889196676
12/05/2022 00:36:55 - INFO: Mini batch Iter: 0 train_loss= 14.69298
12/05/2022 00:36:55 - INFO: Mini batch Iter: 0 graph_loss= 14.61184
12/05/2022 00:36:55 - INFO: Mini batch Iter: 0 reg_loss= 0.08113
12/05/2022 00:36:55 - INFO: Time for Mini batch : 2.02151107788
12/05/2022 00:36:55 - INFO: Time for epoch : 2.02060008049
12/05/2022 00:36:55 - INFO: Val results at epoch 65: Measure (HAD) AUC: 0.816
12/05/2022 00:36:55 - INFO: Test results at epoch 65: Measure (HAD) AUC: 0.889369806094
12/05/2022 00:36:58 - INFO: Mini batch Iter: 0 train_loss= 14.66959
12/05/2022 00:36:58 - INFO: Mini batch Iter: 0 graph_loss= 14.58832
12/05/2022 00:36:58 - INFO: Mini batch Iter: 0 reg_loss= 0.08127
12/05/2022 00:36:58 - INFO: Time for Mini batch : 2.03199791908
12/05/2022 00:36:58 - INFO: Time for epoch : 2.03168988228
12/05/2022 00:36:58 - INFO: Val results at epoch 66: Measure (HAD) AUC: 0.8128
12/05/2022 00:36:58 - INFO: Test results at epoch 66: Measure (HAD) AUC: 0.887638504155
12/05/2022 00:37:00 - INFO: Mini batch Iter: 0 train_loss= 14.61381
12/05/2022 00:37:00 - INFO: Mini batch Iter: 0 graph_loss= 14.53240
12/05/2022 00:37:00 - INFO: Mini batch Iter: 0 reg_loss= 0.08141
12/05/2022 00:37:00 - INFO: Time for Mini batch : 1.98475790024
12/05/2022 00:37:00 - INFO: Time for epoch : 1.98404598236
12/05/2022 00:37:01 - INFO: Val results at epoch 67: Measure (HAD) AUC: 0.8064
12/05/2022 00:37:01 - INFO: Test results at epoch 67: Measure (HAD) AUC: 0.886599722992
12/05/2022 00:37:03 - INFO: Mini batch Iter: 0 train_loss= 14.68904
12/05/2022 00:37:03 - INFO: Mini batch Iter: 0 graph_loss= 14.60748
12/05/2022 00:37:03 - INFO: Mini batch Iter: 0 reg_loss= 0.08155
12/05/2022 00:37:03 - INFO: Time for Mini batch : 2.0771458149
12/05/2022 00:37:03 - INFO: Time for epoch : 2.07677698135
12/05/2022 00:37:03 - INFO: Val results at epoch 68: Measure (HAD) AUC: 0.8064
12/05/2022 00:37:03 - INFO: Test results at epoch 68: Measure (HAD) AUC: 0.884868421053
12/05/2022 00:37:05 - INFO: Mini batch Iter: 0 train_loss= 14.50393
12/05/2022 00:37:05 - INFO: Mini batch Iter: 0 graph_loss= 14.42223
12/05/2022 00:37:05 - INFO: Mini batch Iter: 0 reg_loss= 0.08170
12/05/2022 00:37:05 - INFO: Time for Mini batch : 2.00278306007
12/05/2022 00:37:05 - INFO: Time for epoch : 2.00245308876
12/05/2022 00:37:06 - INFO: Val results at epoch 69: Measure (HAD) AUC: 0.808
12/05/2022 00:37:06 - INFO: Test results at epoch 69: Measure (HAD) AUC: 0.879847645429
12/05/2022 00:37:08 - INFO: Mini batch Iter: 0 train_loss= 14.45795
12/05/2022 00:37:08 - INFO: Mini batch Iter: 0 graph_loss= 14.37612
12/05/2022 00:37:08 - INFO: Mini batch Iter: 0 reg_loss= 0.08184
12/05/2022 00:37:08 - INFO: Time for Mini batch : 2.08236598969
12/05/2022 00:37:08 - INFO: Time for epoch : 2.08202409744
12/05/2022 00:37:08 - INFO: Val results at epoch 70: Measure (HAD) AUC: 0.8048
12/05/2022 00:37:08 - INFO: Test results at epoch 70: Measure (HAD) AUC: 0.877596952909
12/05/2022 00:37:11 - INFO: Mini batch Iter: 0 train_loss= 14.47164
12/05/2022 00:37:11 - INFO: Mini batch Iter: 0 graph_loss= 14.38966
12/05/2022 00:37:11 - INFO: Mini batch Iter: 0 reg_loss= 0.08198
12/05/2022 00:37:11 - INFO: Time for Mini batch : 2.04753494263
12/05/2022 00:37:11 - INFO: Time for epoch : 2.04721283913
12/05/2022 00:37:11 - INFO: Val results at epoch 71: Measure (HAD) AUC: 0.8048
12/05/2022 00:37:11 - INFO: Test results at epoch 71: Measure (HAD) AUC: 0.874480609418
12/05/2022 00:37:13 - INFO: Mini batch Iter: 0 train_loss= 14.41057
12/05/2022 00:37:13 - INFO: Mini batch Iter: 0 graph_loss= 14.32844
12/05/2022 00:37:13 - INFO: Mini batch Iter: 0 reg_loss= 0.08213
12/05/2022 00:37:13 - INFO: Time for Mini batch : 2.00765299797
12/05/2022 00:37:13 - INFO: Time for epoch : 2.00734400749
12/05/2022 00:37:14 - INFO: Val results at epoch 72: Measure (HAD) AUC: 0.8032
12/05/2022 00:37:14 - INFO: Test results at epoch 72: Measure (HAD) AUC: 0.871710526316
12/05/2022 00:37:16 - INFO: Mini batch Iter: 0 train_loss= 14.43904
12/05/2022 00:37:16 - INFO: Mini batch Iter: 0 graph_loss= 14.35675
12/05/2022 00:37:16 - INFO: Mini batch Iter: 0 reg_loss= 0.08228
12/05/2022 00:37:16 - INFO: Time for Mini batch : 2.02178812027
12/05/2022 00:37:16 - INFO: Time for epoch : 2.02147006989
12/05/2022 00:37:16 - INFO: Val results at epoch 73: Measure (HAD) AUC: 0.8048
12/05/2022 00:37:16 - INFO: Test results at epoch 73: Measure (HAD) AUC: 0.86790166205
12/05/2022 00:37:18 - INFO: Mini batch Iter: 0 train_loss= 14.57851
12/05/2022 00:37:18 - INFO: Mini batch Iter: 0 graph_loss= 14.49608
12/05/2022 00:37:18 - INFO: Mini batch Iter: 0 reg_loss= 0.08243
12/05/2022 00:37:18 - INFO: Time for Mini batch : 1.94619297981
12/05/2022 00:37:18 - INFO: Time for epoch : 1.94567298889
12/05/2022 00:37:19 - INFO: Val results at epoch 74: Measure (HAD) AUC: 0.8112
12/05/2022 00:37:19 - INFO: Test results at epoch 74: Measure (HAD) AUC: 0.868074792244
12/05/2022 00:37:21 - INFO: Mini batch Iter: 0 train_loss= 14.58281
12/05/2022 00:37:21 - INFO: Mini batch Iter: 0 graph_loss= 14.50023
12/05/2022 00:37:21 - INFO: Mini batch Iter: 0 reg_loss= 0.08258
12/05/2022 00:37:21 - INFO: Time for Mini batch : 2.07985806465
12/05/2022 00:37:21 - INFO: Time for epoch : 2.07954096794
12/05/2022 00:37:21 - INFO: Val results at epoch 75: Measure (HAD) AUC: 0.8144
12/05/2022 00:37:21 - INFO: Test results at epoch 75: Measure (HAD) AUC: 0.868767313019
12/05/2022 00:37:23 - INFO: Mini batch Iter: 0 train_loss= 14.51111
12/05/2022 00:37:23 - INFO: Mini batch Iter: 0 graph_loss= 14.42839
12/05/2022 00:37:23 - INFO: Mini batch Iter: 0 reg_loss= 0.08272
12/05/2022 00:37:23 - INFO: Time for Mini batch : 2.02962207794
12/05/2022 00:37:23 - INFO: Time for epoch : 2.02885103226
12/05/2022 00:37:24 - INFO: Val results at epoch 76: Measure (HAD) AUC: 0.8224
12/05/2022 00:37:24 - INFO: Test results at epoch 76: Measure (HAD) AUC: 0.868940443213
12/05/2022 00:37:26 - INFO: Mini batch Iter: 0 train_loss= 14.42408
12/05/2022 00:37:26 - INFO: Mini batch Iter: 0 graph_loss= 14.34123
12/05/2022 00:37:26 - INFO: Mini batch Iter: 0 reg_loss= 0.08285
12/05/2022 00:37:26 - INFO: Time for Mini batch : 1.96060800552
12/05/2022 00:37:26 - INFO: Time for epoch : 1.96026706696
12/05/2022 00:37:26 - INFO: Val results at epoch 77: Measure (HAD) AUC: 0.8256
12/05/2022 00:37:26 - INFO: Test results at epoch 77: Measure (HAD) AUC: 0.871191135734
12/05/2022 00:37:29 - INFO: Mini batch Iter: 0 train_loss= 14.30035
12/05/2022 00:37:29 - INFO: Mini batch Iter: 0 graph_loss= 14.21736
12/05/2022 00:37:29 - INFO: Mini batch Iter: 0 reg_loss= 0.08299
12/05/2022 00:37:29 - INFO: Time for Mini batch : 2.04928588867
12/05/2022 00:37:29 - INFO: Time for epoch : 2.04856085777
12/05/2022 00:37:29 - INFO: Val results at epoch 78: Measure (HAD) AUC: 0.8272
12/05/2022 00:37:29 - INFO: Test results at epoch 78: Measure (HAD) AUC: 0.875692520776
12/05/2022 00:37:31 - INFO: Mini batch Iter: 0 train_loss= 14.45985
12/05/2022 00:37:31 - INFO: Mini batch Iter: 0 graph_loss= 14.37671
12/05/2022 00:37:31 - INFO: Mini batch Iter: 0 reg_loss= 0.08313
12/05/2022 00:37:31 - INFO: Time for Mini batch : 2.05789899826
12/05/2022 00:37:31 - INFO: Time for epoch : 2.05759191513
12/05/2022 00:37:32 - INFO: Val results at epoch 79: Measure (HAD) AUC: 0.8224
12/05/2022 00:37:32 - INFO: Test results at epoch 79: Measure (HAD) AUC: 0.87898199446
12/05/2022 00:37:34 - INFO: Mini batch Iter: 0 train_loss= 14.48836
12/05/2022 00:37:34 - INFO: Mini batch Iter: 0 graph_loss= 14.40509
12/05/2022 00:37:34 - INFO: Mini batch Iter: 0 reg_loss= 0.08327
12/05/2022 00:37:34 - INFO: Time for Mini batch : 2.0965180397
12/05/2022 00:37:34 - INFO: Time for epoch : 2.09581303596
12/05/2022 00:37:34 - INFO: Val results at epoch 80: Measure (HAD) AUC: 0.8128
12/05/2022 00:37:34 - INFO: Test results at epoch 80: Measure (HAD) AUC: 0.88209833795
12/05/2022 00:37:37 - INFO: Mini batch Iter: 0 train_loss= 14.33373
12/05/2022 00:37:37 - INFO: Mini batch Iter: 0 graph_loss= 14.25032
12/05/2022 00:37:37 - INFO: Mini batch Iter: 0 reg_loss= 0.08341
12/05/2022 00:37:37 - INFO: Time for Mini batch : 2.02089214325
12/05/2022 00:37:37 - INFO: Time for epoch : 2.02057719231
12/05/2022 00:37:37 - INFO: Val results at epoch 81: Measure (HAD) AUC: 0.8112
12/05/2022 00:37:37 - INFO: Test results at epoch 81: Measure (HAD) AUC: 0.884002770083
12/05/2022 00:37:39 - INFO: Mini batch Iter: 0 train_loss= 14.39951
12/05/2022 00:37:39 - INFO: Mini batch Iter: 0 graph_loss= 14.31596
12/05/2022 00:37:39 - INFO: Mini batch Iter: 0 reg_loss= 0.08355
12/05/2022 00:37:39 - INFO: Time for Mini batch : 2.06298208237
12/05/2022 00:37:39 - INFO: Time for epoch : 2.06228518486
12/05/2022 00:37:40 - INFO: Val results at epoch 82: Measure (HAD) AUC: 0.8096
12/05/2022 00:37:40 - INFO: Test results at epoch 82: Measure (HAD) AUC: 0.887984764543
12/05/2022 00:37:42 - INFO: Mini batch Iter: 0 train_loss= 14.47807
12/05/2022 00:37:42 - INFO: Mini batch Iter: 0 graph_loss= 14.39437
12/05/2022 00:37:42 - INFO: Mini batch Iter: 0 reg_loss= 0.08369
12/05/2022 00:37:42 - INFO: Time for Mini batch : 2.02075600624
12/05/2022 00:37:42 - INFO: Time for epoch : 2.02044892311
12/05/2022 00:37:42 - INFO: Val results at epoch 83: Measure (HAD) AUC: 0.816
12/05/2022 00:37:42 - INFO: Test results at epoch 83: Measure (HAD) AUC: 0.8891966759
12/05/2022 00:37:44 - INFO: Mini batch Iter: 0 train_loss= 14.18957
12/05/2022 00:37:44 - INFO: Mini batch Iter: 0 graph_loss= 14.10573
12/05/2022 00:37:44 - INFO: Mini batch Iter: 0 reg_loss= 0.08383
12/05/2022 00:37:44 - INFO: Time for Mini batch : 1.99762988091
12/05/2022 00:37:44 - INFO: Time for epoch : 1.99694299698
12/05/2022 00:37:45 - INFO: Val results at epoch 84: Measure (HAD) AUC: 0.8288
12/05/2022 00:37:45 - INFO: Test results at epoch 84: Measure (HAD) AUC: 0.889716066482
12/05/2022 00:37:47 - INFO: Mini batch Iter: 0 train_loss= 14.14256
12/05/2022 00:37:47 - INFO: Mini batch Iter: 0 graph_loss= 14.05858
12/05/2022 00:37:47 - INFO: Mini batch Iter: 0 reg_loss= 0.08398
12/05/2022 00:37:47 - INFO: Time for Mini batch : 2.05441904068
12/05/2022 00:37:47 - INFO: Time for epoch : 2.05411219597
12/05/2022 00:37:47 - INFO: Val results at epoch 85: Measure (HAD) AUC: 0.8304
12/05/2022 00:37:47 - INFO: Test results at epoch 85: Measure (HAD) AUC: 0.889542936288
12/05/2022 00:37:49 - INFO: Mini batch Iter: 0 train_loss= 14.31618
12/05/2022 00:37:49 - INFO: Mini batch Iter: 0 graph_loss= 14.23205
12/05/2022 00:37:49 - INFO: Mini batch Iter: 0 reg_loss= 0.08413
12/05/2022 00:37:49 - INFO: Time for Mini batch : 2.00257110596
12/05/2022 00:37:49 - INFO: Time for epoch : 2.00183701515
12/05/2022 00:37:50 - INFO: Val results at epoch 86: Measure (HAD) AUC: 0.84
12/05/2022 00:37:50 - INFO: Test results at epoch 86: Measure (HAD) AUC: 0.889716066482
12/05/2022 00:37:52 - INFO: Mini batch Iter: 0 train_loss= 14.11887
12/05/2022 00:37:52 - INFO: Mini batch Iter: 0 graph_loss= 14.03459
12/05/2022 00:37:52 - INFO: Mini batch Iter: 0 reg_loss= 0.08428
12/05/2022 00:37:52 - INFO: Time for Mini batch : 2.10821890831
12/05/2022 00:37:52 - INFO: Time for epoch : 2.10789203644
12/05/2022 00:37:53 - INFO: Val results at epoch 87: Measure (HAD) AUC: 0.8432
12/05/2022 00:37:53 - INFO: Test results at epoch 87: Measure (HAD) AUC: 0.888157894737
12/05/2022 00:37:55 - INFO: Mini batch Iter: 0 train_loss= 14.20692
12/05/2022 00:37:55 - INFO: Mini batch Iter: 0 graph_loss= 14.12249
12/05/2022 00:37:55 - INFO: Mini batch Iter: 0 reg_loss= 0.08443
12/05/2022 00:37:55 - INFO: Time for Mini batch : 1.98823809624
12/05/2022 00:37:55 - INFO: Time for epoch : 1.98752713203
12/05/2022 00:37:55 - INFO: Val results at epoch 88: Measure (HAD) AUC: 0.8464
12/05/2022 00:37:55 - INFO: Test results at epoch 88: Measure (HAD) AUC: 0.888157894737
12/05/2022 00:37:57 - INFO: Mini batch Iter: 0 train_loss= 14.09518
12/05/2022 00:37:57 - INFO: Mini batch Iter: 0 graph_loss= 14.01060
12/05/2022 00:37:57 - INFO: Mini batch Iter: 0 reg_loss= 0.08458
12/05/2022 00:37:57 - INFO: Time for Mini batch : 2.05819487572
12/05/2022 00:37:57 - INFO: Time for epoch : 2.0578930378
12/05/2022 00:37:58 - INFO: Val results at epoch 89: Measure (HAD) AUC: 0.8544
12/05/2022 00:37:58 - INFO: Test results at epoch 89: Measure (HAD) AUC: 0.88694598338
12/05/2022 00:38:00 - INFO: Mini batch Iter: 0 train_loss= 14.11833
12/05/2022 00:38:00 - INFO: Mini batch Iter: 0 graph_loss= 14.03361
12/05/2022 00:38:00 - INFO: Mini batch Iter: 0 reg_loss= 0.08472
12/05/2022 00:38:00 - INFO: Time for Mini batch : 1.9780421257
12/05/2022 00:38:00 - INFO: Time for epoch : 1.97732996941
12/05/2022 00:38:00 - INFO: Val results at epoch 90: Measure (HAD) AUC: 0.8544
12/05/2022 00:38:00 - INFO: Test results at epoch 90: Measure (HAD) AUC: 0.88694598338
12/05/2022 00:38:02 - INFO: Mini batch Iter: 0 train_loss= 14.22635
12/05/2022 00:38:02 - INFO: Mini batch Iter: 0 graph_loss= 14.14148
12/05/2022 00:38:02 - INFO: Mini batch Iter: 0 reg_loss= 0.08486
12/05/2022 00:38:02 - INFO: Time for Mini batch : 2.02359390259
12/05/2022 00:38:02 - INFO: Time for epoch : 2.02300405502
12/05/2022 00:38:03 - INFO: Val results at epoch 91: Measure (HAD) AUC: 0.8544
12/05/2022 00:38:03 - INFO: Test results at epoch 91: Measure (HAD) AUC: 0.88694598338
12/05/2022 00:38:05 - INFO: Mini batch Iter: 0 train_loss= 14.14131
12/05/2022 00:38:05 - INFO: Mini batch Iter: 0 graph_loss= 14.05631
12/05/2022 00:38:05 - INFO: Mini batch Iter: 0 reg_loss= 0.08500
12/05/2022 00:38:05 - INFO: Time for Mini batch : 2.0012960434
12/05/2022 00:38:05 - INFO: Time for epoch : 2.00059294701
12/05/2022 00:38:05 - INFO: Val results at epoch 92: Measure (HAD) AUC: 0.8576
12/05/2022 00:38:05 - INFO: Test results at epoch 92: Measure (HAD) AUC: 0.888504155125
12/05/2022 00:38:08 - INFO: Mini batch Iter: 0 train_loss= 14.00562
12/05/2022 00:38:08 - INFO: Mini batch Iter: 0 graph_loss= 13.92049
12/05/2022 00:38:08 - INFO: Mini batch Iter: 0 reg_loss= 0.08514
12/05/2022 00:38:08 - INFO: Time for Mini batch : 1.96507406235
12/05/2022 00:38:08 - INFO: Time for epoch : 1.96476697922
12/05/2022 00:38:08 - INFO: Val results at epoch 93: Measure (HAD) AUC: 0.8592
12/05/2022 00:38:08 - INFO: Test results at epoch 93: Measure (HAD) AUC: 0.889889196676
12/05/2022 00:38:10 - INFO: Mini batch Iter: 0 train_loss= 13.94818
12/05/2022 00:38:10 - INFO: Mini batch Iter: 0 graph_loss= 13.86290
12/05/2022 00:38:10 - INFO: Mini batch Iter: 0 reg_loss= 0.08528
12/05/2022 00:38:10 - INFO: Time for Mini batch : 2.03288817406
12/05/2022 00:38:10 - INFO: Time for epoch : 2.03221917152
12/05/2022 00:38:11 - INFO: Val results at epoch 94: Measure (HAD) AUC: 0.8544
12/05/2022 00:38:11 - INFO: Test results at epoch 94: Measure (HAD) AUC: 0.888331024931
12/05/2022 00:38:13 - INFO: Mini batch Iter: 0 train_loss= 14.07791
12/05/2022 00:38:13 - INFO: Mini batch Iter: 0 graph_loss= 13.99249
12/05/2022 00:38:13 - INFO: Mini batch Iter: 0 reg_loss= 0.08541
12/05/2022 00:38:13 - INFO: Time for Mini batch : 1.9837808609
12/05/2022 00:38:13 - INFO: Time for epoch : 1.98348498344
12/05/2022 00:38:13 - INFO: Val results at epoch 95: Measure (HAD) AUC: 0.8544
12/05/2022 00:38:13 - INFO: Test results at epoch 95: Measure (HAD) AUC: 0.88694598338
12/05/2022 00:38:15 - INFO: Mini batch Iter: 0 train_loss= 14.13455
12/05/2022 00:38:15 - INFO: Mini batch Iter: 0 graph_loss= 14.04900
12/05/2022 00:38:15 - INFO: Mini batch Iter: 0 reg_loss= 0.08555
12/05/2022 00:38:15 - INFO: Time for Mini batch : 2.1033270359
12/05/2022 00:38:15 - INFO: Time for epoch : 2.10264396667
12/05/2022 00:38:16 - INFO: Val results at epoch 96: Measure (HAD) AUC: 0.8496
12/05/2022 00:38:16 - INFO: Test results at epoch 96: Measure (HAD) AUC: 0.884349030471
12/05/2022 00:38:18 - INFO: Mini batch Iter: 0 train_loss= 14.19674
12/05/2022 00:38:18 - INFO: Mini batch Iter: 0 graph_loss= 14.11105
12/05/2022 00:38:18 - INFO: Mini batch Iter: 0 reg_loss= 0.08569
12/05/2022 00:38:18 - INFO: Time for Mini batch : 2.0697479248
12/05/2022 00:38:18 - INFO: Time for epoch : 2.06945085526
12/05/2022 00:38:18 - INFO: Val results at epoch 97: Measure (HAD) AUC: 0.8528
12/05/2022 00:38:18 - INFO: Test results at epoch 97: Measure (HAD) AUC: 0.883483379501
12/05/2022 00:38:20 - INFO: Mini batch Iter: 0 train_loss= 13.84767
12/05/2022 00:38:20 - INFO: Mini batch Iter: 0 graph_loss= 13.76186
12/05/2022 00:38:20 - INFO: Mini batch Iter: 0 reg_loss= 0.08582
12/05/2022 00:38:20 - INFO: Time for Mini batch : 2.04114794731
12/05/2022 00:38:20 - INFO: Time for epoch : 2.04081106186
12/05/2022 00:38:21 - INFO: Val results at epoch 98: Measure (HAD) AUC: 0.8464
12/05/2022 00:38:21 - INFO: Test results at epoch 98: Measure (HAD) AUC: 0.882790858726
12/05/2022 00:38:23 - INFO: Mini batch Iter: 0 train_loss= 14.01181
12/05/2022 00:38:23 - INFO: Mini batch Iter: 0 graph_loss= 13.92586
12/05/2022 00:38:23 - INFO: Mini batch Iter: 0 reg_loss= 0.08596
12/05/2022 00:38:23 - INFO: Time for Mini batch : 2.14802002907
12/05/2022 00:38:23 - INFO: Time for epoch : 2.14771294594
12/05/2022 00:38:24 - INFO: Val results at epoch 99: Measure (HAD) AUC: 0.8464
12/05/2022 00:38:24 - INFO: Test results at epoch 99: Measure (HAD) AUC: 0.881578947368
12/05/2022 00:38:26 - INFO: Mini batch Iter: 0 train_loss= 14.03682
12/05/2022 00:38:26 - INFO: Mini batch Iter: 0 graph_loss= 13.95073
12/05/2022 00:38:26 - INFO: Mini batch Iter: 0 reg_loss= 0.08609
12/05/2022 00:38:26 - INFO: Time for Mini batch : 2.06712698936
12/05/2022 00:38:26 - INFO: Time for epoch : 2.06681895256
12/05/2022 00:38:26 - INFO: Val results at epoch 100: Measure (HAD) AUC: 0.8448
12/05/2022 00:38:26 - INFO: Test results at epoch 100: Measure (HAD) AUC: 0.882271468144
12/05/2022 00:38:28 - INFO: Mini batch Iter: 0 train_loss= 14.04075
12/05/2022 00:38:28 - INFO: Mini batch Iter: 0 graph_loss= 13.95452
12/05/2022 00:38:28 - INFO: Mini batch Iter: 0 reg_loss= 0.08623
12/05/2022 00:38:28 - INFO: Time for Mini batch : 1.95745301247
12/05/2022 00:38:28 - INFO: Time for epoch : 1.95714497566
12/05/2022 00:38:29 - INFO: Val results at epoch 101: Measure (HAD) AUC: 0.8432
12/05/2022 00:38:29 - INFO: Test results at epoch 101: Measure (HAD) AUC: 0.884175900277
12/05/2022 00:38:31 - INFO: Mini batch Iter: 0 train_loss= 13.93930
12/05/2022 00:38:31 - INFO: Mini batch Iter: 0 graph_loss= 13.85293
12/05/2022 00:38:31 - INFO: Mini batch Iter: 0 reg_loss= 0.08637
12/05/2022 00:38:31 - INFO: Time for Mini batch : 1.95142388344
12/05/2022 00:38:31 - INFO: Time for epoch : 1.95111489296
12/05/2022 00:38:31 - INFO: Val results at epoch 102: Measure (HAD) AUC: 0.84
12/05/2022 00:38:31 - INFO: Test results at epoch 102: Measure (HAD) AUC: 0.88608033241
12/05/2022 00:38:34 - INFO: Mini batch Iter: 0 train_loss= 13.91909
12/05/2022 00:38:34 - INFO: Mini batch Iter: 0 graph_loss= 13.83258
12/05/2022 00:38:34 - INFO: Mini batch Iter: 0 reg_loss= 0.08651
12/05/2022 00:38:34 - INFO: Time for Mini batch : 2.10473799706
12/05/2022 00:38:34 - INFO: Time for epoch : 2.10406398773
12/05/2022 00:38:34 - INFO: Val results at epoch 103: Measure (HAD) AUC: 0.8416
12/05/2022 00:38:34 - INFO: Test results at epoch 103: Measure (HAD) AUC: 0.888504155125
12/05/2022 00:38:36 - INFO: Mini batch Iter: 0 train_loss= 14.00010
12/05/2022 00:38:36 - INFO: Mini batch Iter: 0 graph_loss= 13.91345
12/05/2022 00:38:36 - INFO: Mini batch Iter: 0 reg_loss= 0.08665
12/05/2022 00:38:36 - INFO: Time for Mini batch : 2.02188897133
12/05/2022 00:38:36 - INFO: Time for epoch : 2.02157902718
12/05/2022 00:38:36 - INFO: Val results at epoch 104: Measure (HAD) AUC: 0.8448
12/05/2022 00:38:36 - INFO: Test results at epoch 104: Measure (HAD) AUC: 0.890927977839
12/05/2022 00:38:39 - INFO: Mini batch Iter: 0 train_loss= 13.94502
12/05/2022 00:38:39 - INFO: Mini batch Iter: 0 graph_loss= 13.85823
12/05/2022 00:38:39 - INFO: Mini batch Iter: 0 reg_loss= 0.08679
12/05/2022 00:38:39 - INFO: Time for Mini batch : 1.98290014267
12/05/2022 00:38:39 - INFO: Time for epoch : 1.98226904869
12/05/2022 00:38:39 - INFO: Val results at epoch 105: Measure (HAD) AUC: 0.8496
12/05/2022 00:38:39 - INFO: Test results at epoch 105: Measure (HAD) AUC: 0.891966759003
12/05/2022 00:38:41 - INFO: Mini batch Iter: 0 train_loss= 13.96158
12/05/2022 00:38:41 - INFO: Mini batch Iter: 0 graph_loss= 13.87466
12/05/2022 00:38:41 - INFO: Mini batch Iter: 0 reg_loss= 0.08692
12/05/2022 00:38:41 - INFO: Time for Mini batch : 2.07399606705
12/05/2022 00:38:41 - INFO: Time for epoch : 2.0736849308
12/05/2022 00:38:42 - INFO: Val results at epoch 106: Measure (HAD) AUC: 0.8512
12/05/2022 00:38:42 - INFO: Test results at epoch 106: Measure (HAD) AUC: 0.891793628809
12/05/2022 00:38:44 - INFO: Mini batch Iter: 0 train_loss= 13.96462
12/05/2022 00:38:44 - INFO: Mini batch Iter: 0 graph_loss= 13.87757
12/05/2022 00:38:44 - INFO: Mini batch Iter: 0 reg_loss= 0.08705
12/05/2022 00:38:44 - INFO: Time for Mini batch : 1.99440288544
12/05/2022 00:38:44 - INFO: Time for epoch : 1.99347686768
12/05/2022 00:38:44 - INFO: Val results at epoch 107: Measure (HAD) AUC: 0.8512
12/05/2022 00:38:44 - INFO: Test results at epoch 107: Measure (HAD) AUC: 0.891447368421
12/05/2022 00:38:46 - INFO: Mini batch Iter: 0 train_loss= 13.73318
12/05/2022 00:38:46 - INFO: Mini batch Iter: 0 graph_loss= 13.64600
12/05/2022 00:38:46 - INFO: Mini batch Iter: 0 reg_loss= 0.08718
12/05/2022 00:38:46 - INFO: Time for Mini batch : 1.97803092003
12/05/2022 00:38:46 - INFO: Time for epoch : 1.97770690918
12/05/2022 00:38:47 - INFO: Val results at epoch 108: Measure (HAD) AUC: 0.8512
12/05/2022 00:38:47 - INFO: Test results at epoch 108: Measure (HAD) AUC: 0.891101108033
12/05/2022 00:38:49 - INFO: Mini batch Iter: 0 train_loss= 13.93679
12/05/2022 00:38:49 - INFO: Mini batch Iter: 0 graph_loss= 13.84948
12/05/2022 00:38:49 - INFO: Mini batch Iter: 0 reg_loss= 0.08731
12/05/2022 00:38:49 - INFO: Time for Mini batch : 2.01775097847
12/05/2022 00:38:49 - INFO: Time for epoch : 2.01703095436
12/05/2022 00:38:49 - INFO: Val results at epoch 109: Measure (HAD) AUC: 0.8464
12/05/2022 00:38:49 - INFO: Test results at epoch 109: Measure (HAD) AUC: 0.891101108033
12/05/2022 00:38:52 - INFO: Mini batch Iter: 0 train_loss= 13.81394
12/05/2022 00:38:52 - INFO: Mini batch Iter: 0 graph_loss= 13.72650
12/05/2022 00:38:52 - INFO: Mini batch Iter: 0 reg_loss= 0.08744
12/05/2022 00:38:52 - INFO: Time for Mini batch : 2.03212189674
12/05/2022 00:38:52 - INFO: Time for epoch : 2.03174591064
12/05/2022 00:38:52 - INFO: Val results at epoch 110: Measure (HAD) AUC: 0.848
12/05/2022 00:38:52 - INFO: Test results at epoch 110: Measure (HAD) AUC: 0.890235457064
12/05/2022 00:38:54 - INFO: Mini batch Iter: 0 train_loss= 13.79599
12/05/2022 00:38:54 - INFO: Mini batch Iter: 0 graph_loss= 13.70842
12/05/2022 00:38:54 - INFO: Mini batch Iter: 0 reg_loss= 0.08757
12/05/2022 00:38:54 - INFO: Time for Mini batch : 1.9821908474
12/05/2022 00:38:54 - INFO: Time for epoch : 1.98150682449
12/05/2022 00:38:55 - INFO: Val results at epoch 111: Measure (HAD) AUC: 0.848
12/05/2022 00:38:55 - INFO: Test results at epoch 111: Measure (HAD) AUC: 0.892486149584
12/05/2022 00:38:57 - INFO: Mini batch Iter: 0 train_loss= 13.89811
12/05/2022 00:38:57 - INFO: Mini batch Iter: 0 graph_loss= 13.81040
12/05/2022 00:38:57 - INFO: Mini batch Iter: 0 reg_loss= 0.08771
12/05/2022 00:38:57 - INFO: Time for Mini batch : 2.07069396973
12/05/2022 00:38:57 - INFO: Time for epoch : 2.07037591934
12/05/2022 00:38:57 - INFO: Val results at epoch 112: Measure (HAD) AUC: 0.848
12/05/2022 00:38:57 - INFO: Test results at epoch 112: Measure (HAD) AUC: 0.894563711911
12/05/2022 00:38:59 - INFO: Mini batch Iter: 0 train_loss= 13.92586
12/05/2022 00:38:59 - INFO: Mini batch Iter: 0 graph_loss= 13.83803
12/05/2022 00:38:59 - INFO: Mini batch Iter: 0 reg_loss= 0.08783
12/05/2022 00:38:59 - INFO: Time for Mini batch : 2.02214217186
12/05/2022 00:38:59 - INFO: Time for epoch : 2.02146410942
12/05/2022 00:39:00 - INFO: Val results at epoch 113: Measure (HAD) AUC: 0.848
12/05/2022 00:39:00 - INFO: Test results at epoch 113: Measure (HAD) AUC: 0.895775623269
12/05/2022 00:39:02 - INFO: Mini batch Iter: 0 train_loss= 13.88668
12/05/2022 00:39:02 - INFO: Mini batch Iter: 0 graph_loss= 13.79872
12/05/2022 00:39:02 - INFO: Mini batch Iter: 0 reg_loss= 0.08796
12/05/2022 00:39:02 - INFO: Time for Mini batch : 2.06874608994
12/05/2022 00:39:02 - INFO: Time for epoch : 2.06842303276
12/05/2022 00:39:02 - INFO: Val results at epoch 114: Measure (HAD) AUC: 0.8496
12/05/2022 00:39:02 - INFO: Test results at epoch 114: Measure (HAD) AUC: 0.895775623269
12/05/2022 00:39:05 - INFO: Mini batch Iter: 0 train_loss= 13.91991
12/05/2022 00:39:05 - INFO: Mini batch Iter: 0 graph_loss= 13.83182
12/05/2022 00:39:05 - INFO: Mini batch Iter: 0 reg_loss= 0.08808
12/05/2022 00:39:05 - INFO: Time for Mini batch : 2.07197499275
12/05/2022 00:39:05 - INFO: Time for epoch : 2.07126283646
12/05/2022 00:39:05 - INFO: Val results at epoch 115: Measure (HAD) AUC: 0.8528
12/05/2022 00:39:05 - INFO: Test results at epoch 115: Measure (HAD) AUC: 0.896641274238
12/05/2022 00:39:07 - INFO: Mini batch Iter: 0 train_loss= 13.73244
12/05/2022 00:39:07 - INFO: Mini batch Iter: 0 graph_loss= 13.64424
12/05/2022 00:39:07 - INFO: Mini batch Iter: 0 reg_loss= 0.08820
12/05/2022 00:39:07 - INFO: Time for Mini batch : 2.01086592674
12/05/2022 00:39:07 - INFO: Time for epoch : 2.01054286957
12/05/2022 00:39:08 - INFO: Val results at epoch 116: Measure (HAD) AUC: 0.856
12/05/2022 00:39:08 - INFO: Test results at epoch 116: Measure (HAD) AUC: 0.89629501385
12/05/2022 00:39:10 - INFO: Mini batch Iter: 0 train_loss= 13.78922
12/05/2022 00:39:10 - INFO: Mini batch Iter: 0 graph_loss= 13.70091
12/05/2022 00:39:10 - INFO: Mini batch Iter: 0 reg_loss= 0.08831
12/05/2022 00:39:10 - INFO: Time for Mini batch : 2.06538486481
12/05/2022 00:39:10 - INFO: Time for epoch : 2.06471800804
12/05/2022 00:39:10 - INFO: Val results at epoch 117: Measure (HAD) AUC: 0.856
12/05/2022 00:39:10 - INFO: Test results at epoch 117: Measure (HAD) AUC: 0.895602493075
12/05/2022 00:39:12 - INFO: Mini batch Iter: 0 train_loss= 13.72313
12/05/2022 00:39:12 - INFO: Mini batch Iter: 0 graph_loss= 13.63470
12/05/2022 00:39:12 - INFO: Mini batch Iter: 0 reg_loss= 0.08842
12/05/2022 00:39:12 - INFO: Time for Mini batch : 2.05274605751
12/05/2022 00:39:12 - INFO: Time for epoch : 2.05243396759
12/05/2022 00:39:13 - INFO: Val results at epoch 118: Measure (HAD) AUC: 0.8592
12/05/2022 00:39:13 - INFO: Test results at epoch 118: Measure (HAD) AUC: 0.895775623269
12/05/2022 00:39:15 - INFO: Mini batch Iter: 0 train_loss= 13.72937
12/05/2022 00:39:15 - INFO: Mini batch Iter: 0 graph_loss= 13.64083
12/05/2022 00:39:15 - INFO: Mini batch Iter: 0 reg_loss= 0.08854
12/05/2022 00:39:15 - INFO: Time for Mini batch : 2.03811883926
12/05/2022 00:39:15 - INFO: Time for epoch : 2.03735804558
12/05/2022 00:39:15 - INFO: Val results at epoch 119: Measure (HAD) AUC: 0.8576
12/05/2022 00:39:15 - INFO: Test results at epoch 119: Measure (HAD) AUC: 0.895083102493
12/05/2022 00:39:17 - INFO: Mini batch Iter: 0 train_loss= 13.83285
12/05/2022 00:39:17 - INFO: Mini batch Iter: 0 graph_loss= 13.74419
12/05/2022 00:39:17 - INFO: Mini batch Iter: 0 reg_loss= 0.08865
12/05/2022 00:39:17 - INFO: Time for Mini batch : 1.93386721611
12/05/2022 00:39:17 - INFO: Time for epoch : 1.9333050251
12/05/2022 00:39:18 - INFO: Val results at epoch 120: Measure (HAD) AUC: 0.856
12/05/2022 00:39:18 - INFO: Test results at epoch 120: Measure (HAD) AUC: 0.895083102493
12/05/2022 00:39:20 - INFO: Mini batch Iter: 0 train_loss= 13.75377
12/05/2022 00:39:20 - INFO: Mini batch Iter: 0 graph_loss= 13.66502
12/05/2022 00:39:20 - INFO: Mini batch Iter: 0 reg_loss= 0.08876
12/05/2022 00:39:20 - INFO: Time for Mini batch : 2.00305390358
12/05/2022 00:39:20 - INFO: Time for epoch : 2.00229907036
12/05/2022 00:39:21 - INFO: Val results at epoch 121: Measure (HAD) AUC: 0.8528
12/05/2022 00:39:21 - INFO: Test results at epoch 121: Measure (HAD) AUC: 0.895602493075
12/05/2022 00:39:23 - INFO: Mini batch Iter: 0 train_loss= 13.81787
12/05/2022 00:39:23 - INFO: Mini batch Iter: 0 graph_loss= 13.72901
12/05/2022 00:39:23 - INFO: Mini batch Iter: 0 reg_loss= 0.08885
12/05/2022 00:39:23 - INFO: Time for Mini batch : 2.0728020668
12/05/2022 00:39:23 - INFO: Time for epoch : 2.07248616219
12/05/2022 00:39:23 - INFO: Val results at epoch 122: Measure (HAD) AUC: 0.8528
12/05/2022 00:39:23 - INFO: Test results at epoch 122: Measure (HAD) AUC: 0.897853185596
12/05/2022 00:39:25 - INFO: Mini batch Iter: 0 train_loss= 13.82913
12/05/2022 00:39:25 - INFO: Mini batch Iter: 0 graph_loss= 13.74018
12/05/2022 00:39:25 - INFO: Mini batch Iter: 0 reg_loss= 0.08895
12/05/2022 00:39:25 - INFO: Time for Mini batch : 2.04064702988
12/05/2022 00:39:25 - INFO: Time for epoch : 2.0399620533
12/05/2022 00:39:26 - INFO: Val results at epoch 123: Measure (HAD) AUC: 0.8512
12/05/2022 00:39:26 - INFO: Test results at epoch 123: Measure (HAD) AUC: 0.899411357341
12/05/2022 00:39:28 - INFO: Mini batch Iter: 0 train_loss= 13.76119
12/05/2022 00:39:28 - INFO: Mini batch Iter: 0 graph_loss= 13.67215
12/05/2022 00:39:28 - INFO: Mini batch Iter: 0 reg_loss= 0.08904
12/05/2022 00:39:28 - INFO: Time for Mini batch : 2.09339404106
12/05/2022 00:39:28 - INFO: Time for epoch : 2.09308719635
12/05/2022 00:39:28 - INFO: Val results at epoch 124: Measure (HAD) AUC: 0.8512
12/05/2022 00:39:28 - INFO: Test results at epoch 124: Measure (HAD) AUC: 0.900623268698
12/05/2022 00:39:31 - INFO: Mini batch Iter: 0 train_loss= 13.80095
12/05/2022 00:39:31 - INFO: Mini batch Iter: 0 graph_loss= 13.71183
12/05/2022 00:39:31 - INFO: Mini batch Iter: 0 reg_loss= 0.08913
12/05/2022 00:39:31 - INFO: Time for Mini batch : 2.05218505859
12/05/2022 00:39:31 - INFO: Time for epoch : 2.05188012123
12/05/2022 00:39:31 - INFO: Val results at epoch 125: Measure (HAD) AUC: 0.8512
12/05/2022 00:39:31 - INFO: Test results at epoch 125: Measure (HAD) AUC: 0.899584487535
12/05/2022 00:39:33 - INFO: Mini batch Iter: 0 train_loss= 13.83083
12/05/2022 00:39:33 - INFO: Mini batch Iter: 0 graph_loss= 13.74162
12/05/2022 00:39:33 - INFO: Mini batch Iter: 0 reg_loss= 0.08921
12/05/2022 00:39:33 - INFO: Time for Mini batch : 1.99847006798
12/05/2022 00:39:33 - INFO: Time for epoch : 1.99815797806
12/05/2022 00:39:34 - INFO: Val results at epoch 126: Measure (HAD) AUC: 0.8496
12/05/2022 00:39:34 - INFO: Test results at epoch 126: Measure (HAD) AUC: 0.900103878116
12/05/2022 00:39:36 - INFO: Mini batch Iter: 0 train_loss= 13.80196
12/05/2022 00:39:36 - INFO: Mini batch Iter: 0 graph_loss= 13.71267
12/05/2022 00:39:36 - INFO: Mini batch Iter: 0 reg_loss= 0.08930
12/05/2022 00:39:36 - INFO: Time for Mini batch : 2.02982211113
12/05/2022 00:39:36 - INFO: Time for epoch : 2.02950692177
12/05/2022 00:39:36 - INFO: Val results at epoch 127: Measure (HAD) AUC: 0.8464
12/05/2022 00:39:36 - INFO: Test results at epoch 127: Measure (HAD) AUC: 0.899411357341
12/05/2022 00:39:38 - INFO: Mini batch Iter: 0 train_loss= 13.65406
12/05/2022 00:39:38 - INFO: Mini batch Iter: 0 graph_loss= 13.56469
12/05/2022 00:39:38 - INFO: Mini batch Iter: 0 reg_loss= 0.08938
12/05/2022 00:39:38 - INFO: Time for Mini batch : 2.04402184486
12/05/2022 00:39:38 - INFO: Time for epoch : 2.04371595383
12/05/2022 00:39:39 - INFO: Val results at epoch 128: Measure (HAD) AUC: 0.8448
12/05/2022 00:39:39 - INFO: Test results at epoch 128: Measure (HAD) AUC: 0.898199445983
12/05/2022 00:39:41 - INFO: Mini batch Iter: 0 train_loss= 13.72911
12/05/2022 00:39:41 - INFO: Mini batch Iter: 0 graph_loss= 13.63964
12/05/2022 00:39:41 - INFO: Mini batch Iter: 0 reg_loss= 0.08946
12/05/2022 00:39:41 - INFO: Time for Mini batch : 2.08104085922
12/05/2022 00:39:41 - INFO: Time for epoch : 2.08047986031
12/05/2022 00:39:41 - INFO: Val results at epoch 129: Measure (HAD) AUC: 0.8416
12/05/2022 00:39:41 - INFO: Test results at epoch 129: Measure (HAD) AUC: 0.897853185596
12/05/2022 00:39:44 - INFO: Mini batch Iter: 0 train_loss= 13.94384
12/05/2022 00:39:44 - INFO: Mini batch Iter: 0 graph_loss= 13.85428
12/05/2022 00:39:44 - INFO: Mini batch Iter: 0 reg_loss= 0.08956
12/05/2022 00:39:44 - INFO: Time for Mini batch : 2.12255883217
12/05/2022 00:39:44 - INFO: Time for epoch : 2.12179899216
12/05/2022 00:39:44 - INFO: Val results at epoch 130: Measure (HAD) AUC: 0.8464
12/05/2022 00:39:44 - INFO: Test results at epoch 130: Measure (HAD) AUC: 0.897333795014
12/05/2022 00:39:46 - INFO: Mini batch Iter: 0 train_loss= 13.65992
12/05/2022 00:39:46 - INFO: Mini batch Iter: 0 graph_loss= 13.57028
12/05/2022 00:39:46 - INFO: Mini batch Iter: 0 reg_loss= 0.08964
12/05/2022 00:39:46 - INFO: Time for Mini batch : 2.03026103973
12/05/2022 00:39:46 - INFO: Time for epoch : 2.02994394302
12/05/2022 00:39:47 - INFO: Val results at epoch 131: Measure (HAD) AUC: 0.8464
12/05/2022 00:39:47 - INFO: Test results at epoch 131: Measure (HAD) AUC: 0.899238227147
12/05/2022 00:39:49 - INFO: Mini batch Iter: 0 train_loss= 13.64437
12/05/2022 00:39:49 - INFO: Mini batch Iter: 0 graph_loss= 13.55465
12/05/2022 00:39:49 - INFO: Mini batch Iter: 0 reg_loss= 0.08972
12/05/2022 00:39:49 - INFO: Time for Mini batch : 1.98992490768
12/05/2022 00:39:49 - INFO: Time for epoch : 1.98920702934
12/05/2022 00:39:49 - INFO: Val results at epoch 132: Measure (HAD) AUC: 0.8464
12/05/2022 00:39:49 - INFO: Test results at epoch 132: Measure (HAD) AUC: 0.898891966759
12/05/2022 00:39:51 - INFO: Mini batch Iter: 0 train_loss= 13.57677
12/05/2022 00:39:51 - INFO: Mini batch Iter: 0 graph_loss= 13.48696
12/05/2022 00:39:51 - INFO: Mini batch Iter: 0 reg_loss= 0.08981
12/05/2022 00:39:51 - INFO: Time for Mini batch : 2.04283285141
12/05/2022 00:39:51 - INFO: Time for epoch : 2.0425260067
12/05/2022 00:39:52 - INFO: Val results at epoch 133: Measure (HAD) AUC: 0.84
12/05/2022 00:39:52 - INFO: Test results at epoch 133: Measure (HAD) AUC: 0.897333795014
12/05/2022 00:39:54 - INFO: Mini batch Iter: 0 train_loss= 13.46156
12/05/2022 00:39:54 - INFO: Mini batch Iter: 0 graph_loss= 13.37167
12/05/2022 00:39:54 - INFO: Mini batch Iter: 0 reg_loss= 0.08989
12/05/2022 00:39:54 - INFO: Time for Mini batch : 1.98747301102
12/05/2022 00:39:54 - INFO: Time for epoch : 1.98681497574
12/05/2022 00:39:54 - INFO: Val results at epoch 134: Measure (HAD) AUC: 0.84
12/05/2022 00:39:54 - INFO: Test results at epoch 134: Measure (HAD) AUC: 0.896121883657
12/05/2022 00:39:57 - INFO: Mini batch Iter: 0 train_loss= 13.68764
12/05/2022 00:39:57 - INFO: Mini batch Iter: 0 graph_loss= 13.59765
12/05/2022 00:39:57 - INFO: Mini batch Iter: 0 reg_loss= 0.08999
12/05/2022 00:39:57 - INFO: Time for Mini batch : 2.02243995667
12/05/2022 00:39:57 - INFO: Time for epoch : 2.02212905884
12/05/2022 00:39:57 - INFO: Val results at epoch 135: Measure (HAD) AUC: 0.8416
12/05/2022 00:39:57 - INFO: Test results at epoch 135: Measure (HAD) AUC: 0.895602493075
12/05/2022 00:39:59 - INFO: Mini batch Iter: 0 train_loss= 13.60187
12/05/2022 00:39:59 - INFO: Mini batch Iter: 0 graph_loss= 13.51180
12/05/2022 00:39:59 - INFO: Mini batch Iter: 0 reg_loss= 0.09007
12/05/2022 00:39:59 - INFO: Time for Mini batch : 2.12271809578
12/05/2022 00:39:59 - INFO: Time for epoch : 2.12202310562
12/05/2022 00:40:00 - INFO: Val results at epoch 136: Measure (HAD) AUC: 0.8496
12/05/2022 00:40:00 - INFO: Test results at epoch 136: Measure (HAD) AUC: 0.895948753463
12/05/2022 00:40:02 - INFO: Mini batch Iter: 0 train_loss= 13.63008
12/05/2022 00:40:02 - INFO: Mini batch Iter: 0 graph_loss= 13.53992
12/05/2022 00:40:02 - INFO: Mini batch Iter: 0 reg_loss= 0.09016
12/05/2022 00:40:02 - INFO: Time for Mini batch : 2.10854792595
12/05/2022 00:40:02 - INFO: Time for epoch : 2.10823583603
12/05/2022 00:40:02 - INFO: Val results at epoch 137: Measure (HAD) AUC: 0.8416
12/05/2022 00:40:02 - INFO: Test results at epoch 137: Measure (HAD) AUC: 0.895256232687
12/05/2022 00:40:05 - INFO: Mini batch Iter: 0 train_loss= 13.65209
12/05/2022 00:40:05 - INFO: Mini batch Iter: 0 graph_loss= 13.56184
12/05/2022 00:40:05 - INFO: Mini batch Iter: 0 reg_loss= 0.09025
12/05/2022 00:40:05 - INFO: Time for Mini batch : 2.02686691284
12/05/2022 00:40:05 - INFO: Time for epoch : 2.02613401413
12/05/2022 00:40:05 - INFO: Val results at epoch 138: Measure (HAD) AUC: 0.84
12/05/2022 00:40:05 - INFO: Test results at epoch 138: Measure (HAD) AUC: 0.895775623269
12/05/2022 00:40:07 - INFO: Mini batch Iter: 0 train_loss= 13.70804
12/05/2022 00:40:07 - INFO: Mini batch Iter: 0 graph_loss= 13.61770
12/05/2022 00:40:07 - INFO: Mini batch Iter: 0 reg_loss= 0.09034
12/05/2022 00:40:07 - INFO: Time for Mini batch : 1.94669508934
12/05/2022 00:40:07 - INFO: Time for epoch : 1.9463801384
12/05/2022 00:40:07 - INFO: Val results at epoch 139: Measure (HAD) AUC: 0.8432
12/05/2022 00:40:07 - INFO: Test results at epoch 139: Measure (HAD) AUC: 0.895775623269
12/05/2022 00:40:10 - INFO: Mini batch Iter: 0 train_loss= 13.81686
12/05/2022 00:40:10 - INFO: Mini batch Iter: 0 graph_loss= 13.72643
12/05/2022 00:40:10 - INFO: Mini batch Iter: 0 reg_loss= 0.09043
12/05/2022 00:40:10 - INFO: Time for Mini batch : 2.02819800377
12/05/2022 00:40:10 - INFO: Time for epoch : 2.02752685547
12/05/2022 00:40:10 - INFO: Val results at epoch 140: Measure (HAD) AUC: 0.8448
12/05/2022 00:40:10 - INFO: Test results at epoch 140: Measure (HAD) AUC: 0.896121883657
12/05/2022 00:40:12 - INFO: Mini batch Iter: 0 train_loss= 13.69162
12/05/2022 00:40:12 - INFO: Mini batch Iter: 0 graph_loss= 13.60111
12/05/2022 00:40:12 - INFO: Mini batch Iter: 0 reg_loss= 0.09051
12/05/2022 00:40:12 - INFO: Time for Mini batch : 1.96075701714
12/05/2022 00:40:12 - INFO: Time for epoch : 1.96044206619
12/05/2022 00:40:13 - INFO: Val results at epoch 141: Measure (HAD) AUC: 0.8464
12/05/2022 00:40:13 - INFO: Test results at epoch 141: Measure (HAD) AUC: 0.896814404432
12/05/2022 00:40:15 - INFO: Mini batch Iter: 0 train_loss= 13.56042
12/05/2022 00:40:15 - INFO: Mini batch Iter: 0 graph_loss= 13.46983
12/05/2022 00:40:15 - INFO: Mini batch Iter: 0 reg_loss= 0.09059
12/05/2022 00:40:15 - INFO: Time for Mini batch : 1.96686911583
12/05/2022 00:40:15 - INFO: Time for epoch : 1.96611404419
12/05/2022 00:40:15 - INFO: Val results at epoch 142: Measure (HAD) AUC: 0.8416
12/05/2022 00:40:15 - INFO: Test results at epoch 142: Measure (HAD) AUC: 0.897853185596
12/05/2022 00:40:17 - INFO: Mini batch Iter: 0 train_loss= 13.39136
12/05/2022 00:40:17 - INFO: Mini batch Iter: 0 graph_loss= 13.30068
12/05/2022 00:40:17 - INFO: Mini batch Iter: 0 reg_loss= 0.09067
12/05/2022 00:40:17 - INFO: Time for Mini batch : 2.17647314072
12/05/2022 00:40:17 - INFO: Time for epoch : 2.17615318298
12/05/2022 00:40:18 - INFO: Val results at epoch 143: Measure (HAD) AUC: 0.8432
12/05/2022 00:40:18 - INFO: Test results at epoch 143: Measure (HAD) AUC: 0.899584487535
12/05/2022 00:40:20 - INFO: Mini batch Iter: 0 train_loss= 13.58521
12/05/2022 00:40:20 - INFO: Mini batch Iter: 0 graph_loss= 13.49445
12/05/2022 00:40:20 - INFO: Mini batch Iter: 0 reg_loss= 0.09076
12/05/2022 00:40:20 - INFO: Time for Mini batch : 2.04456877708
12/05/2022 00:40:20 - INFO: Time for epoch : 2.04387497902
12/05/2022 00:40:20 - INFO: Val results at epoch 144: Measure (HAD) AUC: 0.8416
12/05/2022 00:40:20 - INFO: Test results at epoch 144: Measure (HAD) AUC: 0.899930747922
12/05/2022 00:40:23 - INFO: Mini batch Iter: 0 train_loss= 13.54453
12/05/2022 00:40:23 - INFO: Mini batch Iter: 0 graph_loss= 13.45367
12/05/2022 00:40:23 - INFO: Mini batch Iter: 0 reg_loss= 0.09086
12/05/2022 00:40:23 - INFO: Time for Mini batch : 2.02396297455
12/05/2022 00:40:23 - INFO: Time for epoch : 2.02365589142
12/05/2022 00:40:23 - INFO: Val results at epoch 145: Measure (HAD) AUC: 0.8416
12/05/2022 00:40:23 - INFO: Test results at epoch 145: Measure (HAD) AUC: 0.90027700831
12/05/2022 00:40:25 - INFO: Mini batch Iter: 0 train_loss= 13.54231
12/05/2022 00:40:25 - INFO: Mini batch Iter: 0 graph_loss= 13.45136
12/05/2022 00:40:25 - INFO: Mini batch Iter: 0 reg_loss= 0.09095
12/05/2022 00:40:25 - INFO: Time for Mini batch : 2.01766586304
12/05/2022 00:40:25 - INFO: Time for epoch : 2.01696491241
12/05/2022 00:40:25 - INFO: Val results at epoch 146: Measure (HAD) AUC: 0.8432
12/05/2022 00:40:25 - INFO: Test results at epoch 146: Measure (HAD) AUC: 0.900623268698
12/05/2022 00:40:28 - INFO: Mini batch Iter: 0 train_loss= 13.45838
12/05/2022 00:40:28 - INFO: Mini batch Iter: 0 graph_loss= 13.36732
12/05/2022 00:40:28 - INFO: Mini batch Iter: 0 reg_loss= 0.09106
12/05/2022 00:40:28 - INFO: Time for Mini batch : 1.99626016617
12/05/2022 00:40:28 - INFO: Time for epoch : 1.9959192276
12/05/2022 00:40:28 - INFO: Val results at epoch 147: Measure (HAD) AUC: 0.8416
12/05/2022 00:40:28 - INFO: Test results at epoch 147: Measure (HAD) AUC: 0.899757617729
12/05/2022 00:40:30 - INFO: Mini batch Iter: 0 train_loss= 13.58311
12/05/2022 00:40:30 - INFO: Mini batch Iter: 0 graph_loss= 13.49194
12/05/2022 00:40:30 - INFO: Mini batch Iter: 0 reg_loss= 0.09117
12/05/2022 00:40:30 - INFO: Time for Mini batch : 2.09718108177
12/05/2022 00:40:30 - INFO: Time for epoch : 2.09628796577
12/05/2022 00:40:31 - INFO: Val results at epoch 148: Measure (HAD) AUC: 0.8384
12/05/2022 00:40:31 - INFO: Test results at epoch 148: Measure (HAD) AUC: 0.896987534626
12/05/2022 00:40:33 - INFO: Mini batch Iter: 0 train_loss= 13.62387
12/05/2022 00:40:33 - INFO: Mini batch Iter: 0 graph_loss= 13.53259
12/05/2022 00:40:33 - INFO: Mini batch Iter: 0 reg_loss= 0.09128
12/05/2022 00:40:33 - INFO: Time for Mini batch : 1.99892020226
12/05/2022 00:40:33 - INFO: Time for epoch : 1.99854016304
12/05/2022 00:40:33 - INFO: Val results at epoch 149: Measure (HAD) AUC: 0.8336
12/05/2022 00:40:33 - INFO: Test results at epoch 149: Measure (HAD) AUC: 0.896814404432
12/05/2022 00:40:35 - INFO: Mini batch Iter: 0 train_loss= 13.52060
12/05/2022 00:40:35 - INFO: Mini batch Iter: 0 graph_loss= 13.42921
12/05/2022 00:40:35 - INFO: Mini batch Iter: 0 reg_loss= 0.09139
12/05/2022 00:40:35 - INFO: Time for Mini batch : 2.06131315231
12/05/2022 00:40:35 - INFO: Time for epoch : 2.06067109108
12/05/2022 00:40:36 - INFO: Val results at epoch 150: Measure (HAD) AUC: 0.8368
12/05/2022 00:40:36 - INFO: Test results at epoch 150: Measure (HAD) AUC: 0.893698060942
12/05/2022 00:40:38 - INFO: Mini batch Iter: 0 train_loss= 13.51037
12/05/2022 00:40:38 - INFO: Mini batch Iter: 0 graph_loss= 13.41888
12/05/2022 00:40:38 - INFO: Mini batch Iter: 0 reg_loss= 0.09149
12/05/2022 00:40:38 - INFO: Time for Mini batch : 1.98337292671
12/05/2022 00:40:38 - INFO: Time for epoch : 1.98307394981
12/05/2022 00:40:38 - INFO: Val results at epoch 151: Measure (HAD) AUC: 0.8384
12/05/2022 00:40:38 - INFO: Test results at epoch 151: Measure (HAD) AUC: 0.891447368421
12/05/2022 00:40:41 - INFO: Mini batch Iter: 0 train_loss= 13.52158
12/05/2022 00:40:41 - INFO: Mini batch Iter: 0 graph_loss= 13.42999
12/05/2022 00:40:41 - INFO: Mini batch Iter: 0 reg_loss= 0.09159
12/05/2022 00:40:41 - INFO: Time for Mini batch : 1.97611117363
12/05/2022 00:40:41 - INFO: Time for epoch : 1.97541999817
12/05/2022 00:40:41 - INFO: Val results at epoch 152: Measure (HAD) AUC: 0.84
12/05/2022 00:40:41 - INFO: Test results at epoch 152: Measure (HAD) AUC: 0.890235457064
12/05/2022 00:40:43 - INFO: Mini batch Iter: 0 train_loss= 13.54165
12/05/2022 00:40:43 - INFO: Mini batch Iter: 0 graph_loss= 13.44996
12/05/2022 00:40:43 - INFO: Mini batch Iter: 0 reg_loss= 0.09168
12/05/2022 00:40:43 - INFO: Time for Mini batch : 2.10096311569
12/05/2022 00:40:43 - INFO: Time for epoch : 2.10064506531
12/05/2022 00:40:44 - INFO: Val results at epoch 153: Measure (HAD) AUC: 0.8384
12/05/2022 00:40:44 - INFO: Test results at epoch 153: Measure (HAD) AUC: 0.890927977839
12/05/2022 00:40:46 - INFO: Mini batch Iter: 0 train_loss= 13.54201
12/05/2022 00:40:46 - INFO: Mini batch Iter: 0 graph_loss= 13.45024
12/05/2022 00:40:46 - INFO: Mini batch Iter: 0 reg_loss= 0.09177
12/05/2022 00:40:46 - INFO: Time for Mini batch : 1.99633097649
12/05/2022 00:40:46 - INFO: Time for epoch : 1.99602389336
12/05/2022 00:40:46 - INFO: Val results at epoch 154: Measure (HAD) AUC: 0.8448
12/05/2022 00:40:46 - INFO: Test results at epoch 154: Measure (HAD) AUC: 0.891620498615
12/05/2022 00:40:48 - INFO: Mini batch Iter: 0 train_loss= 13.44066
12/05/2022 00:40:48 - INFO: Mini batch Iter: 0 graph_loss= 13.34881
12/05/2022 00:40:48 - INFO: Mini batch Iter: 0 reg_loss= 0.09185
12/05/2022 00:40:48 - INFO: Time for Mini batch : 2.0142261982
12/05/2022 00:40:48 - INFO: Time for epoch : 2.0139040947
12/05/2022 00:40:49 - INFO: Val results at epoch 155: Measure (HAD) AUC: 0.8576
12/05/2022 00:40:49 - INFO: Test results at epoch 155: Measure (HAD) AUC: 0.89404432133
12/05/2022 00:40:51 - INFO: Mini batch Iter: 0 train_loss= 13.39531
12/05/2022 00:40:51 - INFO: Mini batch Iter: 0 graph_loss= 13.30338
12/05/2022 00:40:51 - INFO: Mini batch Iter: 0 reg_loss= 0.09193
12/05/2022 00:40:51 - INFO: Time for Mini batch : 2.07043886185
12/05/2022 00:40:51 - INFO: Time for epoch : 2.0700879097
12/05/2022 00:40:51 - INFO: Val results at epoch 156: Measure (HAD) AUC: 0.856
12/05/2022 00:40:51 - INFO: Test results at epoch 156: Measure (HAD) AUC: 0.894736842105
12/05/2022 00:40:54 - INFO: Mini batch Iter: 0 train_loss= 13.40766
12/05/2022 00:40:54 - INFO: Mini batch Iter: 0 graph_loss= 13.31566
12/05/2022 00:40:54 - INFO: Mini batch Iter: 0 reg_loss= 0.09200
12/05/2022 00:40:54 - INFO: Time for Mini batch : 2.05734705925
12/05/2022 00:40:54 - INFO: Time for epoch : 2.05703115463
12/05/2022 00:40:54 - INFO: Val results at epoch 157: Measure (HAD) AUC: 0.8624
12/05/2022 00:40:54 - INFO: Test results at epoch 157: Measure (HAD) AUC: 0.895602493075
12/05/2022 00:40:56 - INFO: Mini batch Iter: 0 train_loss= 13.27567
12/05/2022 00:40:56 - INFO: Mini batch Iter: 0 graph_loss= 13.18360
12/05/2022 00:40:56 - INFO: Mini batch Iter: 0 reg_loss= 0.09207
12/05/2022 00:40:56 - INFO: Time for Mini batch : 2.03810310364
12/05/2022 00:40:56 - INFO: Time for epoch : 2.03779101372
12/05/2022 00:40:57 - INFO: Val results at epoch 158: Measure (HAD) AUC: 0.8576
12/05/2022 00:40:57 - INFO: Test results at epoch 158: Measure (HAD) AUC: 0.894563711911
12/05/2022 00:40:59 - INFO: Mini batch Iter: 0 train_loss= 13.28934
12/05/2022 00:40:59 - INFO: Mini batch Iter: 0 graph_loss= 13.19720
12/05/2022 00:40:59 - INFO: Mini batch Iter: 0 reg_loss= 0.09214
12/05/2022 00:40:59 - INFO: Time for Mini batch : 1.9286711216
12/05/2022 00:40:59 - INFO: Time for epoch : 1.92835497856
12/05/2022 00:40:59 - INFO: Val results at epoch 159: Measure (HAD) AUC: 0.856
12/05/2022 00:40:59 - INFO: Test results at epoch 159: Measure (HAD) AUC: 0.894563711911
12/05/2022 00:41:01 - INFO: Mini batch Iter: 0 train_loss= 13.32698
12/05/2022 00:41:01 - INFO: Mini batch Iter: 0 graph_loss= 13.23476
12/05/2022 00:41:01 - INFO: Mini batch Iter: 0 reg_loss= 0.09222
12/05/2022 00:41:01 - INFO: Time for Mini batch : 2.04547905922
12/05/2022 00:41:01 - INFO: Time for epoch : 2.04516601562
12/05/2022 00:41:02 - INFO: Val results at epoch 160: Measure (HAD) AUC: 0.8576
12/05/2022 00:41:02 - INFO: Test results at epoch 160: Measure (HAD) AUC: 0.89404432133
12/05/2022 00:41:04 - INFO: Mini batch Iter: 0 train_loss= 13.26578
12/05/2022 00:41:04 - INFO: Mini batch Iter: 0 graph_loss= 13.17348
12/05/2022 00:41:04 - INFO: Mini batch Iter: 0 reg_loss= 0.09230
12/05/2022 00:41:04 - INFO: Time for Mini batch : 2.12104296684
12/05/2022 00:41:04 - INFO: Time for epoch : 2.12032413483
12/05/2022 00:41:04 - INFO: Val results at epoch 161: Measure (HAD) AUC: 0.8576
12/05/2022 00:41:04 - INFO: Test results at epoch 161: Measure (HAD) AUC: 0.893871191136
12/05/2022 00:41:06 - INFO: Mini batch Iter: 0 train_loss= 13.41335
12/05/2022 00:41:06 - INFO: Mini batch Iter: 0 graph_loss= 13.32098
12/05/2022 00:41:06 - INFO: Mini batch Iter: 0 reg_loss= 0.09238
12/05/2022 00:41:06 - INFO: Time for Mini batch : 2.12210392952
12/05/2022 00:41:06 - INFO: Time for epoch : 2.12179088593
12/05/2022 00:41:07 - INFO: Val results at epoch 162: Measure (HAD) AUC: 0.8544
12/05/2022 00:41:07 - INFO: Test results at epoch 162: Measure (HAD) AUC: 0.893524930748
12/05/2022 00:41:09 - INFO: Mini batch Iter: 0 train_loss= 13.30711
12/05/2022 00:41:09 - INFO: Mini batch Iter: 0 graph_loss= 13.21466
12/05/2022 00:41:09 - INFO: Mini batch Iter: 0 reg_loss= 0.09245
12/05/2022 00:41:09 - INFO: Time for Mini batch : 2.03462409973
12/05/2022 00:41:09 - INFO: Time for epoch : 2.0339050293
12/05/2022 00:41:09 - INFO: Val results at epoch 163: Measure (HAD) AUC: 0.8528
12/05/2022 00:41:09 - INFO: Test results at epoch 163: Measure (HAD) AUC: 0.892486149584
12/05/2022 00:41:12 - INFO: Mini batch Iter: 0 train_loss= 13.34845
12/05/2022 00:41:12 - INFO: Mini batch Iter: 0 graph_loss= 13.25592
12/05/2022 00:41:12 - INFO: Mini batch Iter: 0 reg_loss= 0.09253
12/05/2022 00:41:12 - INFO: Time for Mini batch : 2.05999207497
12/05/2022 00:41:12 - INFO: Time for epoch : 2.05967593193
12/05/2022 00:41:12 - INFO: Val results at epoch 164: Measure (HAD) AUC: 0.8512
12/05/2022 00:41:12 - INFO: Test results at epoch 164: Measure (HAD) AUC: 0.891447368421
12/05/2022 00:41:14 - INFO: Mini batch Iter: 0 train_loss= 13.43155
12/05/2022 00:41:14 - INFO: Mini batch Iter: 0 graph_loss= 13.33894
12/05/2022 00:41:14 - INFO: Mini batch Iter: 0 reg_loss= 0.09261
12/05/2022 00:41:14 - INFO: Time for Mini batch : 2.0781879425
12/05/2022 00:41:14 - INFO: Time for epoch : 2.07748103142
12/05/2022 00:41:15 - INFO: Val results at epoch 165: Measure (HAD) AUC: 0.8496
12/05/2022 00:41:15 - INFO: Test results at epoch 165: Measure (HAD) AUC: 0.893351800554
12/05/2022 00:41:17 - INFO: Mini batch Iter: 0 train_loss= 13.45158
12/05/2022 00:41:17 - INFO: Mini batch Iter: 0 graph_loss= 13.35889
12/05/2022 00:41:17 - INFO: Mini batch Iter: 0 reg_loss= 0.09269
12/05/2022 00:41:17 - INFO: Time for Mini batch : 1.97248792648
12/05/2022 00:41:17 - INFO: Time for epoch : 1.972178936
12/05/2022 00:41:17 - INFO: Val results at epoch 166: Measure (HAD) AUC: 0.8496
12/05/2022 00:41:17 - INFO: Test results at epoch 166: Measure (HAD) AUC: 0.894217451524
12/05/2022 00:41:19 - INFO: Mini batch Iter: 0 train_loss= 13.32869
12/05/2022 00:41:19 - INFO: Mini batch Iter: 0 graph_loss= 13.23594
12/05/2022 00:41:19 - INFO: Mini batch Iter: 0 reg_loss= 0.09276
12/05/2022 00:41:19 - INFO: Time for Mini batch : 1.97924494743
12/05/2022 00:41:19 - INFO: Time for epoch : 1.97866010666
12/05/2022 00:41:20 - INFO: Val results at epoch 167: Measure (HAD) AUC: 0.8496
12/05/2022 00:41:20 - INFO: Test results at epoch 167: Measure (HAD) AUC: 0.895083102493
12/05/2022 00:41:22 - INFO: Mini batch Iter: 0 train_loss= 13.39753
12/05/2022 00:41:22 - INFO: Mini batch Iter: 0 graph_loss= 13.30472
12/05/2022 00:41:22 - INFO: Mini batch Iter: 0 reg_loss= 0.09282
12/05/2022 00:41:22 - INFO: Time for Mini batch : 2.02163505554
12/05/2022 00:41:22 - INFO: Time for epoch : 2.02110910416
12/05/2022 00:41:22 - INFO: Val results at epoch 168: Measure (HAD) AUC: 0.8496
12/05/2022 00:41:22 - INFO: Test results at epoch 168: Measure (HAD) AUC: 0.896814404432
12/05/2022 00:41:25 - INFO: Mini batch Iter: 0 train_loss= 13.42395
12/05/2022 00:41:25 - INFO: Mini batch Iter: 0 graph_loss= 13.33108
12/05/2022 00:41:25 - INFO: Mini batch Iter: 0 reg_loss= 0.09287
12/05/2022 00:41:25 - INFO: Time for Mini batch : 2.07036709785
12/05/2022 00:41:25 - INFO: Time for epoch : 2.06969809532
12/05/2022 00:41:25 - INFO: Val results at epoch 169: Measure (HAD) AUC: 0.8528
12/05/2022 00:41:25 - INFO: Test results at epoch 169: Measure (HAD) AUC: 0.896814404432
12/05/2022 00:41:27 - INFO: Mini batch Iter: 0 train_loss= 13.42446
12/05/2022 00:41:27 - INFO: Mini batch Iter: 0 graph_loss= 13.33153
12/05/2022 00:41:27 - INFO: Mini batch Iter: 0 reg_loss= 0.09293
12/05/2022 00:41:27 - INFO: Time for Mini batch : 2.01735305786
12/05/2022 00:41:27 - INFO: Time for epoch : 2.01705312729
12/05/2022 00:41:28 - INFO: Val results at epoch 170: Measure (HAD) AUC: 0.8512
12/05/2022 00:41:28 - INFO: Test results at epoch 170: Measure (HAD) AUC: 0.898026315789
12/05/2022 00:41:30 - INFO: Mini batch Iter: 0 train_loss= 13.31901
12/05/2022 00:41:30 - INFO: Mini batch Iter: 0 graph_loss= 13.22603
12/05/2022 00:41:30 - INFO: Mini batch Iter: 0 reg_loss= 0.09298
12/05/2022 00:41:30 - INFO: Time for Mini batch : 2.00209093094
12/05/2022 00:41:30 - INFO: Time for epoch : 2.00142383575
12/05/2022 00:41:30 - INFO: Val results at epoch 171: Measure (HAD) AUC: 0.8528
12/05/2022 00:41:30 - INFO: Test results at epoch 171: Measure (HAD) AUC: 0.898372576177
12/05/2022 00:41:32 - INFO: Mini batch Iter: 0 train_loss= 13.16233
12/05/2022 00:41:32 - INFO: Mini batch Iter: 0 graph_loss= 13.06929
12/05/2022 00:41:32 - INFO: Mini batch Iter: 0 reg_loss= 0.09304
12/05/2022 00:41:32 - INFO: Time for Mini batch : 2.05918908119
12/05/2022 00:41:32 - INFO: Time for epoch : 2.05878996849
12/05/2022 00:41:33 - INFO: Val results at epoch 172: Measure (HAD) AUC: 0.8528
12/05/2022 00:41:33 - INFO: Test results at epoch 172: Measure (HAD) AUC: 0.898199445983
12/05/2022 00:41:35 - INFO: Mini batch Iter: 0 train_loss= 13.31266
12/05/2022 00:41:35 - INFO: Mini batch Iter: 0 graph_loss= 13.21956
12/05/2022 00:41:35 - INFO: Mini batch Iter: 0 reg_loss= 0.09310
12/05/2022 00:41:35 - INFO: Time for Mini batch : 2.0544822216
12/05/2022 00:41:35 - INFO: Time for epoch : 2.05373907089
12/05/2022 00:41:35 - INFO: Val results at epoch 173: Measure (HAD) AUC: 0.8528
12/05/2022 00:41:35 - INFO: Test results at epoch 173: Measure (HAD) AUC: 0.897506925208
12/05/2022 00:41:38 - INFO: Mini batch Iter: 0 train_loss= 13.37749
12/05/2022 00:41:38 - INFO: Mini batch Iter: 0 graph_loss= 13.28433
12/05/2022 00:41:38 - INFO: Mini batch Iter: 0 reg_loss= 0.09316
12/05/2022 00:41:38 - INFO: Time for Mini batch : 2.02510690689
12/05/2022 00:41:38 - INFO: Time for epoch : 2.02479600906
12/05/2022 00:41:38 - INFO: Val results at epoch 174: Measure (HAD) AUC: 0.8544
12/05/2022 00:41:38 - INFO: Test results at epoch 174: Measure (HAD) AUC: 0.897506925208
12/05/2022 00:41:40 - INFO: Mini batch Iter: 0 train_loss= 13.32205
12/05/2022 00:41:40 - INFO: Mini batch Iter: 0 graph_loss= 13.22884
12/05/2022 00:41:40 - INFO: Mini batch Iter: 0 reg_loss= 0.09321
12/05/2022 00:41:40 - INFO: Time for Mini batch : 2.0308599472
12/05/2022 00:41:40 - INFO: Time for epoch : 2.03015398979
12/05/2022 00:41:41 - INFO: Val results at epoch 175: Measure (HAD) AUC: 0.8512
12/05/2022 00:41:41 - INFO: Test results at epoch 175: Measure (HAD) AUC: 0.895775623269
12/05/2022 00:41:43 - INFO: Mini batch Iter: 0 train_loss= 13.28625
12/05/2022 00:41:43 - INFO: Mini batch Iter: 0 graph_loss= 13.19298
12/05/2022 00:41:43 - INFO: Mini batch Iter: 0 reg_loss= 0.09327
12/05/2022 00:41:43 - INFO: Time for Mini batch : 1.9758810997
12/05/2022 00:41:43 - INFO: Time for epoch : 1.97557711601
12/05/2022 00:41:43 - INFO: Val results at epoch 176: Measure (HAD) AUC: 0.8496
12/05/2022 00:41:43 - INFO: Test results at epoch 176: Measure (HAD) AUC: 0.894563711911
12/05/2022 00:41:45 - INFO: Mini batch Iter: 0 train_loss= 13.19749
12/05/2022 00:41:45 - INFO: Mini batch Iter: 0 graph_loss= 13.10417
12/05/2022 00:41:45 - INFO: Mini batch Iter: 0 reg_loss= 0.09332
12/05/2022 00:41:45 - INFO: Time for Mini batch : 2.06021308899
12/05/2022 00:41:45 - INFO: Time for epoch : 2.05951213837
12/05/2022 00:41:46 - INFO: Val results at epoch 177: Measure (HAD) AUC: 0.8512
12/05/2022 00:41:46 - INFO: Test results at epoch 177: Measure (HAD) AUC: 0.893524930748
12/05/2022 00:41:48 - INFO: Mini batch Iter: 0 train_loss= 13.38236
12/05/2022 00:41:48 - INFO: Mini batch Iter: 0 graph_loss= 13.28899
12/05/2022 00:41:48 - INFO: Mini batch Iter: 0 reg_loss= 0.09337
12/05/2022 00:41:48 - INFO: Time for Mini batch : 2.0726890564
12/05/2022 00:41:48 - INFO: Time for epoch : 2.07238006592
12/05/2022 00:41:48 - INFO: Val results at epoch 178: Measure (HAD) AUC: 0.8464
12/05/2022 00:41:48 - INFO: Test results at epoch 178: Measure (HAD) AUC: 0.892659279778
12/05/2022 00:41:51 - INFO: Mini batch Iter: 0 train_loss= 13.30319
12/05/2022 00:41:51 - INFO: Mini batch Iter: 0 graph_loss= 13.20977
12/05/2022 00:41:51 - INFO: Mini batch Iter: 0 reg_loss= 0.09342
12/05/2022 00:41:51 - INFO: Time for Mini batch : 2.13838100433
12/05/2022 00:41:51 - INFO: Time for epoch : 2.13769507408
12/05/2022 00:41:51 - INFO: Val results at epoch 179: Measure (HAD) AUC: 0.8432
12/05/2022 00:41:51 - INFO: Test results at epoch 179: Measure (HAD) AUC: 0.891101108033
12/05/2022 00:41:53 - INFO: Mini batch Iter: 0 train_loss= 13.27087
12/05/2022 00:41:53 - INFO: Mini batch Iter: 0 graph_loss= 13.17741
12/05/2022 00:41:53 - INFO: Mini batch Iter: 0 reg_loss= 0.09346
12/05/2022 00:41:53 - INFO: Time for Mini batch : 2.0507619381
12/05/2022 00:41:53 - INFO: Time for epoch : 2.0504488945
12/05/2022 00:41:54 - INFO: Val results at epoch 180: Measure (HAD) AUC: 0.8432
12/05/2022 00:41:54 - INFO: Test results at epoch 180: Measure (HAD) AUC: 0.890581717452
12/05/2022 00:41:56 - INFO: Mini batch Iter: 0 train_loss= 13.24815
12/05/2022 00:41:56 - INFO: Mini batch Iter: 0 graph_loss= 13.15464
12/05/2022 00:41:56 - INFO: Mini batch Iter: 0 reg_loss= 0.09351
12/05/2022 00:41:56 - INFO: Time for Mini batch : 2.04952597618
12/05/2022 00:41:56 - INFO: Time for epoch : 2.04881501198
12/05/2022 00:41:56 - INFO: Val results at epoch 181: Measure (HAD) AUC: 0.8432
12/05/2022 00:41:56 - INFO: Test results at epoch 181: Measure (HAD) AUC: 0.89006232687
12/05/2022 00:41:58 - INFO: Mini batch Iter: 0 train_loss= 13.26095
12/05/2022 00:41:58 - INFO: Mini batch Iter: 0 graph_loss= 13.16739
12/05/2022 00:41:58 - INFO: Mini batch Iter: 0 reg_loss= 0.09356
12/05/2022 00:41:58 - INFO: Time for Mini batch : 2.10452890396
12/05/2022 00:41:58 - INFO: Time for epoch : 2.10422897339
12/05/2022 00:41:59 - INFO: Val results at epoch 182: Measure (HAD) AUC: 0.84
12/05/2022 00:41:59 - INFO: Test results at epoch 182: Measure (HAD) AUC: 0.89006232687
12/05/2022 00:42:01 - INFO: Mini batch Iter: 0 train_loss= 13.19362
12/05/2022 00:42:01 - INFO: Mini batch Iter: 0 graph_loss= 13.10001
12/05/2022 00:42:01 - INFO: Mini batch Iter: 0 reg_loss= 0.09361
12/05/2022 00:42:01 - INFO: Time for Mini batch : 1.99353694916
12/05/2022 00:42:01 - INFO: Time for epoch : 1.99322891235
12/05/2022 00:42:01 - INFO: Val results at epoch 183: Measure (HAD) AUC: 0.84
12/05/2022 00:42:01 - INFO: Test results at epoch 183: Measure (HAD) AUC: 0.890927977839
12/05/2022 00:42:04 - INFO: Mini batch Iter: 0 train_loss= 13.34332
12/05/2022 00:42:04 - INFO: Mini batch Iter: 0 graph_loss= 13.24965
12/05/2022 00:42:04 - INFO: Mini batch Iter: 0 reg_loss= 0.09367
12/05/2022 00:42:04 - INFO: Time for Mini batch : 2.04589605331
12/05/2022 00:42:04 - INFO: Time for epoch : 2.04558205605
12/05/2022 00:42:04 - INFO: Val results at epoch 184: Measure (HAD) AUC: 0.8432
12/05/2022 00:42:04 - INFO: Test results at epoch 184: Measure (HAD) AUC: 0.891966759003
12/05/2022 00:42:06 - INFO: Mini batch Iter: 0 train_loss= 13.25734
12/05/2022 00:42:06 - INFO: Mini batch Iter: 0 graph_loss= 13.16362
12/05/2022 00:42:06 - INFO: Mini batch Iter: 0 reg_loss= 0.09372
12/05/2022 00:42:06 - INFO: Time for Mini batch : 2.07558083534
12/05/2022 00:42:06 - INFO: Time for epoch : 2.07528400421
12/05/2022 00:42:07 - INFO: Val results at epoch 185: Measure (HAD) AUC: 0.8432
12/05/2022 00:42:07 - INFO: Test results at epoch 185: Measure (HAD) AUC: 0.891447368421
12/05/2022 00:42:09 - INFO: Mini batch Iter: 0 train_loss= 13.13508
12/05/2022 00:42:09 - INFO: Mini batch Iter: 0 graph_loss= 13.04130
12/05/2022 00:42:09 - INFO: Mini batch Iter: 0 reg_loss= 0.09378
12/05/2022 00:42:09 - INFO: Time for Mini batch : 2.04332995415
12/05/2022 00:42:09 - INFO: Time for epoch : 2.04258513451
12/05/2022 00:42:09 - INFO: Val results at epoch 186: Measure (HAD) AUC: 0.8448
12/05/2022 00:42:09 - INFO: Test results at epoch 186: Measure (HAD) AUC: 0.890235457064
12/05/2022 00:42:12 - INFO: Mini batch Iter: 0 train_loss= 13.33084
12/05/2022 00:42:12 - INFO: Mini batch Iter: 0 graph_loss= 13.23701
12/05/2022 00:42:12 - INFO: Mini batch Iter: 0 reg_loss= 0.09383
12/05/2022 00:42:12 - INFO: Time for Mini batch : 2.06301283836
12/05/2022 00:42:12 - INFO: Time for epoch : 2.06270384789
12/05/2022 00:42:12 - INFO: Val results at epoch 187: Measure (HAD) AUC: 0.8448
12/05/2022 00:42:12 - INFO: Test results at epoch 187: Measure (HAD) AUC: 0.890235457064
12/05/2022 00:42:14 - INFO: Mini batch Iter: 0 train_loss= 13.15173
12/05/2022 00:42:14 - INFO: Mini batch Iter: 0 graph_loss= 13.05785
12/05/2022 00:42:14 - INFO: Mini batch Iter: 0 reg_loss= 0.09388
12/05/2022 00:42:14 - INFO: Time for Mini batch : 2.06887412071
12/05/2022 00:42:14 - INFO: Time for epoch : 2.06795310974
12/05/2022 00:42:15 - INFO: Val results at epoch 188: Measure (HAD) AUC: 0.848
12/05/2022 00:42:15 - INFO: Test results at epoch 188: Measure (HAD) AUC: 0.888850415512
12/05/2022 00:42:17 - INFO: Mini batch Iter: 0 train_loss= 13.13690
12/05/2022 00:42:17 - INFO: Mini batch Iter: 0 graph_loss= 13.04297
12/05/2022 00:42:17 - INFO: Mini batch Iter: 0 reg_loss= 0.09393
12/05/2022 00:42:17 - INFO: Time for Mini batch : 2.04552817345
12/05/2022 00:42:17 - INFO: Time for epoch : 2.04518699646
12/05/2022 00:42:17 - INFO: Val results at epoch 189: Measure (HAD) AUC: 0.848
12/05/2022 00:42:17 - INFO: Test results at epoch 189: Measure (HAD) AUC: 0.888331024931
12/05/2022 00:42:19 - INFO: Mini batch Iter: 0 train_loss= 13.21818
12/05/2022 00:42:19 - INFO: Mini batch Iter: 0 graph_loss= 13.12418
12/05/2022 00:42:19 - INFO: Mini batch Iter: 0 reg_loss= 0.09400
12/05/2022 00:42:19 - INFO: Time for Mini batch : 2.03084111214
12/05/2022 00:42:19 - INFO: Time for epoch : 2.03014302254
12/05/2022 00:42:20 - INFO: Val results at epoch 190: Measure (HAD) AUC: 0.8416
12/05/2022 00:42:20 - INFO: Test results at epoch 190: Measure (HAD) AUC: 0.887292243767
12/05/2022 00:42:22 - INFO: Mini batch Iter: 0 train_loss= 13.13971
12/05/2022 00:42:22 - INFO: Mini batch Iter: 0 graph_loss= 13.04566
12/05/2022 00:42:22 - INFO: Mini batch Iter: 0 reg_loss= 0.09405
12/05/2022 00:42:22 - INFO: Time for Mini batch : 2.08115291595
12/05/2022 00:42:22 - INFO: Time for epoch : 2.08084988594
12/05/2022 00:42:22 - INFO: Val results at epoch 191: Measure (HAD) AUC: 0.8416
12/05/2022 00:42:22 - INFO: Test results at epoch 191: Measure (HAD) AUC: 0.887292243767
12/05/2022 00:42:24 - INFO: Mini batch Iter: 0 train_loss= 13.23238
12/05/2022 00:42:24 - INFO: Mini batch Iter: 0 graph_loss= 13.13828
12/05/2022 00:42:24 - INFO: Mini batch Iter: 0 reg_loss= 0.09410
12/05/2022 00:42:24 - INFO: Time for Mini batch : 1.96564507484
12/05/2022 00:42:24 - INFO: Time for epoch : 1.96482515335
12/05/2022 00:42:25 - INFO: Val results at epoch 192: Measure (HAD) AUC: 0.8432
12/05/2022 00:42:25 - INFO: Test results at epoch 192: Measure (HAD) AUC: 0.886599722992
12/05/2022 00:42:27 - INFO: Mini batch Iter: 0 train_loss= 13.12259
12/05/2022 00:42:27 - INFO: Mini batch Iter: 0 graph_loss= 13.02843
12/05/2022 00:42:27 - INFO: Mini batch Iter: 0 reg_loss= 0.09416
12/05/2022 00:42:27 - INFO: Time for Mini batch : 2.07607793808
12/05/2022 00:42:27 - INFO: Time for epoch : 2.07577109337
12/05/2022 00:42:27 - INFO: Val results at epoch 193: Measure (HAD) AUC: 0.8432
12/05/2022 00:42:27 - INFO: Test results at epoch 193: Measure (HAD) AUC: 0.885560941828
12/05/2022 00:42:30 - INFO: Mini batch Iter: 0 train_loss= 13.28627
12/05/2022 00:42:30 - INFO: Mini batch Iter: 0 graph_loss= 13.19204
12/05/2022 00:42:30 - INFO: Mini batch Iter: 0 reg_loss= 0.09422
12/05/2022 00:42:30 - INFO: Time for Mini batch : 2.03992295265
12/05/2022 00:42:30 - INFO: Time for epoch : 2.03925299644
12/05/2022 00:42:30 - INFO: Val results at epoch 194: Measure (HAD) AUC: 0.8432
12/05/2022 00:42:30 - INFO: Test results at epoch 194: Measure (HAD) AUC: 0.886426592798
12/05/2022 00:42:32 - INFO: Mini batch Iter: 0 train_loss= 13.13817
12/05/2022 00:42:32 - INFO: Mini batch Iter: 0 graph_loss= 13.04390
12/05/2022 00:42:32 - INFO: Mini batch Iter: 0 reg_loss= 0.09427
12/05/2022 00:42:32 - INFO: Time for Mini batch : 2.10525298119
12/05/2022 00:42:32 - INFO: Time for epoch : 2.10494399071
12/05/2022 00:42:33 - INFO: Val results at epoch 195: Measure (HAD) AUC: 0.8432
12/05/2022 00:42:33 - INFO: Test results at epoch 195: Measure (HAD) AUC: 0.887465373961
12/05/2022 00:42:35 - INFO: Mini batch Iter: 0 train_loss= 13.21350
12/05/2022 00:42:35 - INFO: Mini batch Iter: 0 graph_loss= 13.11917
12/05/2022 00:42:35 - INFO: Mini batch Iter: 0 reg_loss= 0.09433
12/05/2022 00:42:35 - INFO: Time for Mini batch : 1.98975491524
12/05/2022 00:42:35 - INFO: Time for epoch : 1.98890781403
12/05/2022 00:42:35 - INFO: Val results at epoch 196: Measure (HAD) AUC: 0.8432
12/05/2022 00:42:35 - INFO: Test results at epoch 196: Measure (HAD) AUC: 0.888331024931
12/05/2022 00:42:38 - INFO: Mini batch Iter: 0 train_loss= 13.03632
12/05/2022 00:42:38 - INFO: Mini batch Iter: 0 graph_loss= 12.94193
12/05/2022 00:42:38 - INFO: Mini batch Iter: 0 reg_loss= 0.09439
12/05/2022 00:42:38 - INFO: Time for Mini batch : 2.04040002823
12/05/2022 00:42:38 - INFO: Time for epoch : 2.04008889198
12/05/2022 00:42:38 - INFO: Val results at epoch 197: Measure (HAD) AUC: 0.84
12/05/2022 00:42:38 - INFO: Test results at epoch 197: Measure (HAD) AUC: 0.888850415512
12/05/2022 00:42:40 - INFO: Mini batch Iter: 0 train_loss= 13.04751
12/05/2022 00:42:40 - INFO: Mini batch Iter: 0 graph_loss= 12.95306
12/05/2022 00:42:40 - INFO: Mini batch Iter: 0 reg_loss= 0.09445
12/05/2022 00:42:40 - INFO: Time for Mini batch : 1.96372008324
12/05/2022 00:42:40 - INFO: Time for epoch : 1.96300005913
12/05/2022 00:42:40 - INFO: Val results at epoch 198: Measure (HAD) AUC: 0.8432
12/05/2022 00:42:40 - INFO: Test results at epoch 198: Measure (HAD) AUC: 0.888850415512
12/05/2022 00:42:43 - INFO: Mini batch Iter: 0 train_loss= 13.12819
12/05/2022 00:42:43 - INFO: Mini batch Iter: 0 graph_loss= 13.03368
12/05/2022 00:42:43 - INFO: Mini batch Iter: 0 reg_loss= 0.09452
12/05/2022 00:42:43 - INFO: Time for Mini batch : 2.04188704491
12/05/2022 00:42:43 - INFO: Time for epoch : 2.04154801369
12/05/2022 00:42:43 - INFO: Val results at epoch 199: Measure (HAD) AUC: 0.84
12/05/2022 00:42:43 - INFO: Test results at epoch 199: Measure (HAD) AUC: 0.890235457064
12/05/2022 00:42:43 - INFO: Best epoch 157
12/05/2022 00:42:43 - INFO: Best epoch val results defaultdict(<function <lambda> at 0x7ff1e3c63ad0>, {'HAD': [0.8624, 0.8624], 'SIGMOID': [0.8576, 0.8576]})

12/05/2022 00:42:43 - INFO: Best epoch test results defaultdict(<function <lambda> at 0x7ff1e3c63cd0>, {'HAD': [0.8956024930747922, 0.8956024930747922], 'SIGMOID': [0.8587257617728532, 0.8587257617728532]})

